<testsuite failures="1" name="InspireTest/ngr/T02_datasets/check-PDOK-service-linkage.feature" skipped="0" tests="1" time="0.151455">
  <testcase classname="InspireTest.ngr.T02_datasets.check-PDOK-service-linkage" name="&lt;title&gt; &lt;serviceIdentifierCode&gt;" time="0.151455">
    <failure message="-unknown-:21 - could not find or read file: /home/runner/work/nl-ngr-validation/nl-ngr-validation/output/services-Beheer PDOK.csv">* configure readTimeout = 5000 ............................................ passed
* def knownlinks = karate.jsonPath(karate.read('classpath:InspireTest/def/knownlink.csv') , '[*].knownlink') . passed
* def tempdir = java.lang.System.getProperty('user.dir') .................. passed
* def separator = java.lang.System.getProperty("file.separator") .......... passed
* def outputpath = tempdir + separator + 'output' + separator ............. passed
* def pdokservices =  karate.read( outputpath + 'services-Beheer PDOK.csv') . failed

Stack Trace:
com.intuit.karate.exception.KarateException: -unknown-:21 - could not find or read file: /home/runner/work/nl-ngr-validation/nl-ngr-validation/output/services-Beheer PDOK.csv
	at âœ½.* def pdokservices =  karate.read( outputpath + 'services-Beheer PDOK.csv') (-unknown-:21)

* url 'http://nationaalgeoregister.nl/' ................................... skipped</failure>
  </testcase>
</testsuite>
