<testsuite failures="1" name="InspireTest/ngr/T04_extra/check-known-links.feature" skipped="0" tests="1" time="0">
  <testcase classname="InspireTest.ngr.T04_extra.check-known-links" name="check known link &lt;knownlink&gt;" time="0">
    <failure message="check-known-links.feature:5 - could not find or read file: classpath:InspireTest/ngr/def/knownlink.csv">* dynamic expression evaluation failed: karate.read('classpath:InspireTest/ngr/def/knownlink.csv') . failed

Stack Trace:
com.intuit.karate.exception.KarateException: check-known-links.feature:5 - could not find or read file: classpath:InspireTest/ngr/def/knownlink.csv
	at âœ½.* dynamic expression evaluation failed: karate.read('classpath:InspireTest/ngr/def/knownlink.csv') (check-known-links.feature:5)</failure>
  </testcase>
</testsuite>
