<testsuite failures="1" name="src/test/java/InspireTest/ngr/T02_Datasets.feature" skipped="0" tests="1" time="0.134825">
  <testcase classname="src.test.java.InspireTest.ngr.T02_Datasets" name="&lt;datasetIdentifierCode&gt;" time="0.134825">
    <failure message="-unknown-:13 - could not find or read file: /home/runner/work/nl-ngr-validation/nl-ngr-validation/output/T01_ids/idsDataset.json">* url 'http://nationaalgeoregister.nl/' ................................... passed
* def mystorage = Java.type('storage.DataStorage') ........................ passed
* def db = new mystorage .................................................. passed
* def db = db.setfeature(karate.info.featureFileName) ..................... passed
* def separator = java.lang.System.getProperty("file.separator") .......... passed
* def idfile = db.outputpath("T01_ids") + separator + 'idsDataset.json' ... passed
* def list =  karate.read( idfile) ........................................ failed

Stack Trace:
com.intuit.karate.exception.KarateException: -unknown-:13 - could not find or read file: /home/runner/work/nl-ngr-validation/nl-ngr-validation/output/T01_ids/idsDataset.json
	at âœ½.* def list =  karate.read( idfile) (-unknown-:13)

* def outputpath = db.outputpath() ........................................ skipped
* print outputpath ........................................................ skipped
* eval db.ensureDirectory(outputpath) ..................................... skipped
* def outfile = outputpath + separator  + "datasets.csv" .................. skipped
* eval db.writeheaderdataset(outfile) ..................................... skipped</failure>
  </testcase>
</testsuite>
