<?xml version="1.0" encoding="UTF-8"?>
<testsuite xmlns:xsi="http://www.w3.org/2001/XMLSchema-instance" xsi:noNamespaceSchemaLocation="https://maven.apache.org/surefire/maven-surefire-plugin/xsd/surefire-test-report-3.0.xsd" version="3.0" name="InspireTest.TestAll" time="119.574" tests="1" errors="0" skipped="0" failures="1">
  <properties>
[...]
</properties>
  <testcase name="testParallel" classname="InspireTest.TestAll" time="119.545">
    <failure type="org.opentest4j.AssertionFailedError"><![CDATA[org.opentest4j.AssertionFailedError: 
failed features:
InspireTest.ngr.datasetrecords.ngr-check-dataset-record: [1.2:16] ngr-check-dataset-record.feature:80 - feature call (loop) failed: classpath:InspireTest/ngr/datasetrecords/def/checkxlinkurl.template.feature
caller: classpath:InspireTest/ngr/datasetrecords/ngr-check-dataset-record.feature
items: [{link=https://nationaalgeoregister.nl/geonetwork/srv/resources7e290e63-f991-4cc3-beff-1ff08ce2be77}, {link=https://www.nationaalgeoregister.nl/geonetwork/srv/eng/thesaurus.download?ref=external.theme.inspire-theme}]
errors:
-------
feature call (loop) failed at index: 0
caller: classpath:InspireTest/ngr/datasetrecords/def/checkxlinkurl.template.feature
arg: {"link":"https://nationaalgeoregister.nl/geonetwork/srv/resources7e290e63-f991-4cc3-beff-1ff08ce2be77"}
checkxlinkurl.template.feature:15 - status code was: 404, expected: 200, response time: 286, url: https://nationaalgeoregister.nl/geonetwork/srv/resources7e290e63-f991-4cc3-beff-1ff08ce2be77, response: 
-------
feature call (loop) failed at index: 1
caller: classpath:InspireTest/ngr/datasetrecords/def/checkxlinkurl.template.feature
arg: {"link":"https://www.nationaalgeoregister.nl/geonetwork/srv/eng/thesaurus.download?ref=external.theme.inspire-theme"}
checkxlinkurl.template.feature:15 - status code was: 500, expected: 200, response time: 419, url: https://www.nationaalgeoregister.nl/geonetwork/srv/eng/thesaurus.download?ref=external.theme.inspire-theme, response: 
[1.3:16] ngr-check-dataset-record.feature:80 - feature call (loop) failed: classpath:InspireTest/ngr/datasetrecords/def/checkxlinkurl.template.feature
caller: classpath:InspireTest/ngr/datasetrecords/ngr-check-dataset-record.feature
items: [{link=http://standaarden.overheid.nl/owms/terms/Ministerie_van_Landbouw,_Natuur_en_Voedselkwaliteit}, {link=https://www.nationaalgeoregister.nl/geonetwork/srv/api/records3703b249-a0eb-484e-ba7a-10e31a55bcec}, {link=579}]
errors:
-------
feature call (loop) failed at index: 1
caller: classpath:InspireTest/ngr/datasetrecords/def/checkxlinkurl.template.feature
arg: {"link":"https://www.nationaalgeoregister.nl/geonetwork/srv/api/records3703b249-a0eb-484e-ba7a-10e31a55bcec"}
checkxlinkurl.template.feature:15 - status code was: 500, expected: 200, response time: 438, url: https://www.nationaalgeoregister.nl/geonetwork/srv/api/records3703b249-a0eb-484e-ba7a-10e31a55bcec, response: 
-------
feature call (loop) failed at index: 2
caller: classpath:InspireTest/ngr/datasetrecords/def/checkxlinkurl.template.feature
arg: {"link":"579"}
checkxlinkurl.template.feature:14 - 
org.apache.http.client.ClientProtocolException
[1.5:16] ngr-check-dataset-record.feature:80 - feature call (loop) failed: classpath:InspireTest/ngr/datasetrecords/def/checkxlinkurl.template.feature
caller: classpath:InspireTest/ngr/datasetrecords/ngr-check-dataset-record.feature
items: [{link=https://nationaalgeoregister.nl/geonetwork/srv/resourcesff07bd5a-d6eb-11ea-87d0-0242ac130003}, {link=https://www.nationaalgeoregister.nl/geonetwork/srv/eng/thesaurus.download?ref=external.theme.inspire-theme}]
errors:
-------
feature call (loop) failed at index: 0
caller: classpath:InspireTest/ngr/datasetrecords/def/checkxlinkurl.template.feature
arg: {"link":"https://nationaalgeoregister.nl/geonetwork/srv/resourcesff07bd5a-d6eb-11ea-87d0-0242ac130003"}
checkxlinkurl.template.feature:15 - status code was: 404, expected: 200, response time: 294, url: https://nationaalgeoregister.nl/geonetwork/srv/resourcesff07bd5a-d6eb-11ea-87d0-0242ac130003, response: 
-------
feature call (loop) failed at index: 1
caller: classpath:InspireTest/ngr/datasetrecords/def/checkxlinkurl.template.feature
arg: {"link":"https://www.nationaalgeoregister.nl/geonetwork/srv/eng/thesaurus.download?ref=external.theme.inspire-theme"}
checkxlinkurl.template.feature:15 - status code was: 500, expected: 200, response time: 384, url: https://www.nationaalgeoregister.nl/geonetwork/srv/eng/thesaurus.download?ref=external.theme.inspire-theme, response: 
InspireTest.ngr.datasetrecords.check-known-dataset-record: [1.1:16] check-known-dataset-record.feature:79 - javascript evaluation failed: karate.mapWithKey(nlinks ,'link'), ReferenceError: "nlinks" is not defined in <eval> at line number 1
[1.2:16] check-known-dataset-record.feature:79 - javascript evaluation failed: karate.mapWithKey(nlinks ,'link'), ReferenceError: "nlinks" is not defined in <eval> at line number 1
[1.3:16] check-known-dataset-record.feature:79 - javascript evaluation failed: karate.mapWithKey(nlinks ,'link'), ReferenceError: "nlinks" is not defined in <eval> at line number 1
[1.4:16] check-known-dataset-record.feature:79 - javascript evaluation failed: karate.mapWithKey(nlinks ,'link'), ReferenceError: "nlinks" is not defined in <eval> at line number 1
[1.5:16] check-known-dataset-record.feature:79 - javascript evaluation failed: karate.mapWithKey(nlinks ,'link'), ReferenceError: "nlinks" is not defined in <eval> at line number 1
[1.6:16] check-known-dataset-record.feature:79 - javascript evaluation failed: karate.mapWithKey(nlinks ,'link'), ReferenceError: "nlinks" is not defined in <eval> at line number 1
[1.7:16] check-known-dataset-record.feature:79 - javascript evaluation failed: karate.mapWithKey(nlinks ,'link'), ReferenceError: "nlinks" is not defined in <eval> at line number 1
[1.8:16] check-known-dataset-record.feature:79 - javascript evaluation failed: karate.mapWithKey(nlinks ,'link'), ReferenceError: "nlinks" is not defined in <eval> at line number 1
[1.9:16] check-known-dataset-record.feature:79 - javascript evaluation failed: karate.mapWithKey(nlinks ,'link'), ReferenceError: "nlinks" is not defined in <eval> at line number 1
[1.10:16] check-known-dataset-record.feature:79 - javascript evaluation failed: karate.mapWithKey(nlinks ,'link'), ReferenceError: "nlinks" is not defined in <eval> at line number 1
[1.11:16] check-known-dataset-record.feature:79 - javascript evaluation failed: karate.mapWithKey(nlinks ,'link'), ReferenceError: "nlinks" is not defined in <eval> at line number 1
[1.12:16] check-known-dataset-record.feature:79 - javascript evaluation failed: karate.mapWithKey(nlinks ,'link'), ReferenceError: "nlinks" is not defined in <eval> at line number 1
[1.13:16] check-known-dataset-record.feature:79 - javascript evaluation failed: karate.mapWithKey(nlinks ,'link'), ReferenceError: "nlinks" is not defined in <eval> at line number 1
[1.14:16] check-known-dataset-record.feature:79 - javascript evaluation failed: karate.mapWithKey(nlinks ,'link'), ReferenceError: "nlinks" is not defined in <eval> at line number 1
[1.15:16] check-known-dataset-record.feature:79 - javascript evaluation failed: karate.mapWithKey(nlinks ,'link'), ReferenceError: "nlinks" is not defined in <eval> at line number 1
[1.16:16] check-known-dataset-record.feature:79 - javascript evaluation failed: karate.mapWithKey(nlinks ,'link'), ReferenceError: "nlinks" is not defined in <eval> at line number 1
[1.17:16] check-known-dataset-record.feature:79 - javascript evaluation failed: karate.mapWithKey(nlinks ,'link'), ReferenceError: "nlinks" is not defined in <eval> at line number 1
[1.18:16] check-known-dataset-record.feature:79 - javascript evaluation failed: karate.mapWithKey(nlinks ,'link'), ReferenceError: "nlinks" is not defined in <eval> at line number 1
[1.19:16] check-known-dataset-record.feature:79 - javascript evaluation failed: karate.mapWithKey(nlinks ,'link'), ReferenceError: "nlinks" is not defined in <eval> at line number 1
[1.20:16] check-known-dataset-record.feature:79 - javascript evaluation failed: karate.mapWithKey(nlinks ,'link'), ReferenceError: "nlinks" is not defined in <eval> at line number 1
[1.21:16] check-known-dataset-record.feature:79 - javascript evaluation failed: karate.mapWithKey(nlinks ,'link'), ReferenceError: "nlinks" is not defined in <eval> at line number 1
[1.22:16] check-known-dataset-record.feature:79 - javascript evaluation failed: karate.mapWithKey(nlinks ,'link'), ReferenceError: "nlinks" is not defined in <eval> at line number 1
[1.23:16] check-known-dataset-record.feature:79 - javascript evaluation failed: karate.mapWithKey(nlinks ,'link'), ReferenceError: "nlinks" is not defined in <eval> at line number 1
[1.24:16] check-known-dataset-record.feature:79 - javascript evaluation failed: karate.mapWithKey(nlinks ,'link'), ReferenceError: "nlinks" is not defined in <eval> at line number 1
[1.25:16] check-known-dataset-record.feature:79 - javascript evaluation failed: karate.mapWithKey(nlinks ,'link'), ReferenceError: "nlinks" is not defined in <eval> at line number 1
[1.26:16] check-known-dataset-record.feature:79 - javascript evaluation failed: karate.mapWithKey(nlinks ,'link'), ReferenceError: "nlinks" is not defined in <eval> at line number 1
[1.27:16] check-known-dataset-record.feature:79 - javascript evaluation failed: karate.mapWithKey(nlinks ,'link'), ReferenceError: "nlinks" is not defined in <eval> at line number 1
[1.28:16] check-known-dataset-record.feature:79 - javascript evaluation failed: karate.mapWithKey(nlinks ,'link'), ReferenceError: "nlinks" is not defined in <eval> at line number 1
[1.29:16] check-known-dataset-record.feature:79 - javascript evaluation failed: karate.mapWithKey(nlinks ,'link'), ReferenceError: "nlinks" is not defined in <eval> at line number 1
[1.30:16] check-known-dataset-record.feature:47 - xpath does not exist: /GetRecordByIdResponse//@href on response
[1.31:16] check-known-dataset-record.feature:79 - javascript evaluation failed: karate.mapWithKey(nlinks ,'link'), ReferenceError: "nlinks" is not defined in <eval> at line number 1
[1.32:16] check-known-dataset-record.feature:79 - javascript evaluation failed: karate.mapWithKey(nlinks ,'link'), ReferenceError: "nlinks" is not defined in <eval> at line number 1
[1.33:16] check-known-dataset-record.feature:79 - javascript evaluation failed: karate.mapWithKey(nlinks ,'link'), ReferenceError: "nlinks" is not defined in <eval> at line number 1
[1.34:16] check-known-dataset-record.feature:79 - javascript evaluation failed: karate.mapWithKey(nlinks ,'link'), ReferenceError: "nlinks" is not defined in <eval> at line number 1
[1.35:16] check-known-dataset-record.feature:79 - javascript evaluation failed: karate.mapWithKey(nlinks ,'link'), ReferenceError: "nlinks" is not defined in <eval> at line number 1
[1.36:16] check-known-dataset-record.feature:79 - javascript evaluation failed: karate.mapWithKey(nlinks ,'link'), ReferenceError: "nlinks" is not defined in <eval> at line number 1
[1.37:16] check-known-dataset-record.feature:79 - javascript evaluation failed: karate.mapWithKey(nlinks ,'link'), ReferenceError: "nlinks" is not defined in <eval> at line number 1
[1.38:16] check-known-dataset-record.feature:79 - javascript evaluation failed: karate.mapWithKey(nlinks ,'link'), ReferenceError: "nlinks" is not defined in <eval> at line number 1
[1.39:16] check-known-dataset-record.feature:79 - javascript evaluation failed: karate.mapWithKey(nlinks ,'link'), ReferenceError: "nlinks" is not defined in <eval> at line number 1
[1.40:16] check-known-dataset-record.feature:79 - javascript evaluation failed: karate.mapWithKey(nlinks ,'link'), ReferenceError: "nlinks" is not defined in <eval> at line number 1
[1.41:16] check-known-dataset-record.feature:79 - javascript evaluation failed: karate.mapWithKey(nlinks ,'link'), ReferenceError: "nlinks" is not defined in <eval> at line number 1
[1.42:16] check-known-dataset-record.feature:79 - javascript evaluation failed: karate.mapWithKey(nlinks ,'link'), ReferenceError: "nlinks" is not defined in <eval> at line number 1
[1.43:16] check-known-dataset-record.feature:79 - javascript evaluation failed: karate.mapWithKey(nlinks ,'link'), ReferenceError: "nlinks" is not defined in <eval> at line number 1
[1.44:16] check-known-dataset-record.feature:79 - javascript evaluation failed: karate.mapWithKey(nlinks ,'link'), ReferenceError: "nlinks" is not defined in <eval> at line number 1
[1.45:16] check-known-dataset-record.feature:79 - javascript evaluation failed: karate.mapWithKey(nlinks ,'link'), ReferenceError: "nlinks" is not defined in <eval> at line number 1
[1.46:16] check-known-dataset-record.feature:79 - javascript evaluation failed: karate.mapWithKey(nlinks ,'link'), ReferenceError: "nlinks" is not defined in <eval> at line number 1
[1.47:16] check-known-dataset-record.feature:79 - javascript evaluation failed: karate.mapWithKey(nlinks ,'link'), ReferenceError: "nlinks" is not defined in <eval> at line number 1
[1.48:16] check-known-dataset-record.feature:79 - javascript evaluation failed: karate.mapWithKey(nlinks ,'link'), ReferenceError: "nlinks" is not defined in <eval> at line number 1
[1.49:16] check-known-dataset-record.feature:79 - javascript evaluation failed: karate.mapWithKey(nlinks ,'link'), ReferenceError: "nlinks" is not defined in <eval> at line number 1
[1.50:16] check-known-dataset-record.feature:79 - javascript evaluation failed: karate.mapWithKey(nlinks ,'link'), ReferenceError: "nlinks" is not defined in <eval> at line number 1
[1.51:16] check-known-dataset-record.feature:79 - javascript evaluation failed: karate.mapWithKey(nlinks ,'link'), ReferenceError: "nlinks" is not defined in <eval> at line number 1
[1.52:16] check-known-dataset-record.feature:79 - javascript evaluation failed: karate.mapWithKey(nlinks ,'link'), ReferenceError: "nlinks" is not defined in <eval> at line number 1
[1.53:16] check-known-dataset-record.feature:79 - javascript evaluation failed: karate.mapWithKey(nlinks ,'link'), ReferenceError: "nlinks" is not defined in <eval> at line number 1
[1.54:16] check-known-dataset-record.feature:79 - javascript evaluation failed: karate.mapWithKey(nlinks ,'link'), ReferenceError: "nlinks" is not defined in <eval> at line number 1
[1.55:16] check-known-dataset-record.feature:79 - javascript evaluation failed: karate.mapWithKey(nlinks ,'link'), ReferenceError: "nlinks" is not defined in <eval> at line number 1
[1.56:16] check-known-dataset-record.feature:79 - javascript evaluation failed: karate.mapWithKey(nlinks ,'link'), ReferenceError: "nlinks" is not defined in <eval> at line number 1
[1.57:16] check-known-dataset-record.feature:79 - javascript evaluation failed: karate.mapWithKey(nlinks ,'link'), ReferenceError: "nlinks" is not defined in <eval> at line number 1
[1.58:16] check-known-dataset-record.feature:79 - javascript evaluation failed: karate.mapWithKey(nlinks ,'link'), ReferenceError: "nlinks" is not defined in <eval> at line number 1
[1.59:16] check-known-dataset-record.feature:79 - javascript evaluation failed: karate.mapWithKey(nlinks ,'link'), ReferenceError: "nlinks" is not defined in <eval> at line number 1
[1.60:16] check-known-dataset-record.feature:79 - javascript evaluation failed: karate.mapWithKey(nlinks ,'link'), ReferenceError: "nlinks" is not defined in <eval> at line number 1
[1.61:16] check-known-dataset-record.feature:79 - javascript evaluation failed: karate.mapWithKey(nlinks ,'link'), ReferenceError: "nlinks" is not defined in <eval> at line number 1
[1.62:16] check-known-dataset-record.feature:79 - javascript evaluation failed: karate.mapWithKey(nlinks ,'link'), ReferenceError: "nlinks" is not defined in <eval> at line number 1
[1.63:16] check-known-dataset-record.feature:79 - javascript evaluation failed: karate.mapWithKey(nlinks ,'link'), ReferenceError: "nlinks" is not defined in <eval> at line number 1
[1.64:16] check-known-dataset-record.feature:79 - javascript evaluation failed: karate.mapWithKey(nlinks ,'link'), ReferenceError: "nlinks" is not defined in <eval> at line number 1
[1.65:16] check-known-dataset-record.feature:79 - javascript evaluation failed: karate.mapWithKey(nlinks ,'link'), ReferenceError: "nlinks" is not defined in <eval> at line number 1
[1.66:16] check-known-dataset-record.feature:79 - javascript evaluation failed: karate.mapWithKey(nlinks ,'link'), ReferenceError: "nlinks" is not defined in <eval> at line number 1
[1.67:16] check-known-dataset-record.feature:79 - javascript evaluation failed: karate.mapWithKey(nlinks ,'link'), ReferenceError: "nlinks" is not defined in <eval> at line number 1
[1.68:16] check-known-dataset-record.feature:79 - javascript evaluation failed: karate.mapWithKey(nlinks ,'link'), ReferenceError: "nlinks" is not defined in <eval> at line number 1
[1.69:16] check-known-dataset-record.feature:79 - javascript evaluation failed: karate.mapWithKey(nlinks ,'link'), ReferenceError: "nlinks" is not defined in <eval> at line number 1
[1.70:16] check-known-dataset-record.feature:79 - javascript evaluation failed: karate.mapWithKey(nlinks ,'link'), ReferenceError: "nlinks" is not defined in <eval> at line number 1
[1.71:16] check-known-dataset-record.feature:79 - javascript evaluation failed: karate.mapWithKey(nlinks ,'link'), ReferenceError: "nlinks" is not defined in <eval> at line number 1
[1.72:16] check-known-dataset-record.feature:79 - javascript evaluation failed: karate.mapWithKey(nlinks ,'link'), ReferenceError: "nlinks" is not defined in <eval> at line number 1
[1.73:16] check-known-dataset-record.feature:79 - javascript evaluation failed: karate.mapWithKey(nlinks ,'link'), ReferenceError: "nlinks" is not defined in <eval> at line number 1
[1.74:16] check-known-dataset-record.feature:79 - javascript evaluation failed: karate.mapWithKey(nlinks ,'link'), ReferenceError: "nlinks" is not defined in <eval> at line number 1
[1.75:16] check-known-dataset-record.feature:79 - javascript evaluation failed: karate.mapWithKey(nlinks ,'link'), ReferenceError: "nlinks" is not defined in <eval> at line number 1
[1.76:16] check-known-dataset-record.feature:79 - javascript evaluation failed: karate.mapWithKey(nlinks ,'link'), ReferenceError: "nlinks" is not defined in <eval> at line number 1
[1.77:16] check-known-dataset-record.feature:79 - javascript evaluation failed: karate.mapWithKey(nlinks ,'link'), ReferenceError: "nlinks" is not defined in <eval> at line number 1
[1.78:16] check-known-dataset-record.feature:79 - javascript evaluation failed: karate.mapWithKey(nlinks ,'link'), ReferenceError: "nlinks" is not defined in <eval> at line number 1
[1.79:16] check-known-dataset-record.feature:79 - javascript evaluation failed: karate.mapWithKey(nlinks ,'link'), ReferenceError: "nlinks" is not defined in <eval> at line number 1
[1.80:16] check-known-dataset-record.feature:79 - javascript evaluation failed: karate.mapWithKey(nlinks ,'link'), ReferenceError: "nlinks" is not defined in <eval> at line number 1
[1.81:16] check-known-dataset-record.feature:79 - javascript evaluation failed: karate.mapWithKey(nlinks ,'link'), ReferenceError: "nlinks" is not defined in <eval> at line number 1
[1.82:16] check-known-dataset-record.feature:79 - javascript evaluation failed: karate.mapWithKey(nlinks ,'link'), ReferenceError: "nlinks" is not defined in <eval> at line number 1
[1.83:16] check-known-dataset-record.feature:79 - javascript evaluation failed: karate.mapWithKey(nlinks ,'link'), ReferenceError: "nlinks" is not defined in <eval> at line number 1
[1.84:16] check-known-dataset-record.feature:79 - javascript evaluation failed: karate.mapWithKey(nlinks ,'link'), ReferenceError: "nlinks" is not defined in <eval> at line number 1
[1.85:16] check-known-dataset-record.feature:79 - javascript evaluation failed: karate.mapWithKey(nlinks ,'link'), ReferenceError: "nlinks" is not defined in <eval> at line number 1
[1.86:16] check-known-dataset-record.feature:79 - javascript evaluation failed: karate.mapWithKey(nlinks ,'link'), ReferenceError: "nlinks" is not defined in <eval> at line number 1
[1.87:16] check-known-dataset-record.feature:79 - javascript evaluation failed: karate.mapWithKey(nlinks ,'link'), ReferenceError: "nlinks" is not defined in <eval> at line number 1
[1.88:16] check-known-dataset-record.feature:79 - javascript evaluation failed: karate.mapWithKey(nlinks ,'link'), ReferenceError: "nlinks" is not defined in <eval> at line number 1
[1.89:16] check-known-dataset-record.feature:79 - javascript evaluation failed: karate.mapWithKey(nlinks ,'link'), ReferenceError: "nlinks" is not defined in <eval> at line number 1
[1.90:16] check-known-dataset-record.feature:79 - javascript evaluation failed: karate.mapWithKey(nlinks ,'link'), ReferenceError: "nlinks" is not defined in <eval> at line number 1
[1.91:16] check-known-dataset-record.feature:79 - javascript evaluation failed: karate.mapWithKey(nlinks ,'link'), ReferenceError: "nlinks" is not defined in <eval> at line number 1
[1.92:16] check-known-dataset-record.feature:79 - javascript evaluation failed: karate.mapWithKey(nlinks ,'link'), ReferenceError: "nlinks" is not defined in <eval> at line number 1
[1.93:16] check-known-dataset-record.feature:47 - xpath does not exist: /GetRecordByIdResponse//@href on response
[1.94:16] check-known-dataset-record.feature:79 - javascript evaluation failed: karate.mapWithKey(nlinks ,'link'), ReferenceError: "nlinks" is not defined in <eval> at line number 1
[1.95:16] check-known-dataset-record.feature:79 - javascript evaluation failed: karate.mapWithKey(nlinks ,'link'), ReferenceError: "nlinks" is not defined in <eval> at line number 1
[1.96:16] check-known-dataset-record.feature:79 - javascript evaluation failed: karate.mapWithKey(nlinks ,'link'), ReferenceError: "nlinks" is not defined in <eval> at line number 1
[1.97:16] check-known-dataset-record.feature:79 - javascript evaluation failed: karate.mapWithKey(nlinks ,'link'), ReferenceError: "nlinks" is not defined in <eval> at line number 1
[1.98:16] check-known-dataset-record.feature:79 - javascript evaluation failed: karate.mapWithKey(nlinks ,'link'), ReferenceError: "nlinks" is not defined in <eval> at line number 1
[1.99:16] check-known-dataset-record.feature:79 - javascript evaluation failed: karate.mapWithKey(nlinks ,'link'), ReferenceError: "nlinks" is not defined in <eval> at line number 1
[1.100:16] check-known-dataset-record.feature:79 - javascript evaluation failed: karate.mapWithKey(nlinks ,'link'), ReferenceError: "nlinks" is not defined in <eval> at line number 1
[1.101:16] check-known-dataset-record.feature:79 - javascript evaluation failed: karate.mapWithKey(nlinks ,'link'), ReferenceError: "nlinks" is not defined in <eval> at line number 1
[1.102:16] check-known-dataset-record.feature:79 - javascript evaluation failed: karate.mapWithKey(nlinks ,'link'), ReferenceError: "nlinks" is not defined in <eval> at line number 1
[1.103:16] check-known-dataset-record.feature:79 - javascript evaluation failed: karate.mapWithKey(nlinks ,'link'), ReferenceError: "nlinks" is not defined in <eval> at line number 1
[1.104:16] check-known-dataset-record.feature:79 - javascript evaluation failed: karate.mapWithKey(nlinks ,'link'), ReferenceError: "nlinks" is not defined in <eval> at line number 1
[1.105:16] check-known-dataset-record.feature:79 - javascript evaluation failed: karate.mapWithKey(nlinks ,'link'), ReferenceError: "nlinks" is not defined in <eval> at line number 1
[1.106:16] check-known-dataset-record.feature:79 - javascript evaluation failed: karate.mapWithKey(nlinks ,'link'), ReferenceError: "nlinks" is not defined in <eval> at line number 1
[1.107:16] check-known-dataset-record.feature:79 - javascript evaluation failed: karate.mapWithKey(nlinks ,'link'), ReferenceError: "nlinks" is not defined in <eval> at line number 1
[1.108:16] check-known-dataset-record.feature:79 - javascript evaluation failed: karate.mapWithKey(nlinks ,'link'), ReferenceError: "nlinks" is not defined in <eval> at line number 1
[1.109:16] check-known-dataset-record.feature:79 - javascript evaluation failed: karate.mapWithKey(nlinks ,'link'), ReferenceError: "nlinks" is not defined in <eval> at line number 1
[1.110:16] check-known-dataset-record.feature:79 - javascript evaluation failed: karate.mapWithKey(nlinks ,'link'), ReferenceError: "nlinks" is not defined in <eval> at line number 1
[1.111:16] check-known-dataset-record.feature:79 - javascript evaluation failed: karate.mapWithKey(nlinks ,'link'), ReferenceError: "nlinks" is not defined in <eval> at line number 1
[1.112:16] check-known-dataset-record.feature:79 - javascript evaluation failed: karate.mapWithKey(nlinks ,'link'), ReferenceError: "nlinks" is not defined in <eval> at line number 1
[1.113:16] check-known-dataset-record.feature:79 - javascript evaluation failed: karate.mapWithKey(nlinks ,'link'), ReferenceError: "nlinks" is not defined in <eval> at line number 1
[1.114:16] check-known-dataset-record.feature:79 - javascript evaluation failed: karate.mapWithKey(nlinks ,'link'), ReferenceError: "nlinks" is not defined in <eval> at line number 1
[1.115:16] check-known-dataset-record.feature:79 - javascript evaluation failed: karate.mapWithKey(nlinks ,'link'), ReferenceError: "nlinks" is not defined in <eval> at line number 1
[1.116:16] check-known-dataset-record.feature:79 - javascript evaluation failed: karate.mapWithKey(nlinks ,'link'), ReferenceError: "nlinks" is not defined in <eval> at line number 1
[1.117:16] check-known-dataset-record.feature:79 - javascript evaluation failed: karate.mapWithKey(nlinks ,'link'), ReferenceError: "nlinks" is not defined in <eval> at line number 1
[1.118:16] check-known-dataset-record.feature:79 - javascript evaluation failed: karate.mapWithKey(nlinks ,'link'), ReferenceError: "nlinks" is not defined in <eval> at line number 1
[1.119:16] check-known-dataset-record.feature:79 - javascript evaluation failed: karate.mapWithKey(nlinks ,'link'), ReferenceError: "nlinks" is not defined in <eval> at line number 1
[1.120:16] check-known-dataset-record.feature:79 - javascript evaluation failed: karate.mapWithKey(nlinks ,'link'), ReferenceError: "nlinks" is not defined in <eval> at line number 1
[1.121:16] check-known-dataset-record.feature:79 - javascript evaluation failed: karate.mapWithKey(nlinks ,'link'), ReferenceError: "nlinks" is not defined in <eval> at line number 1
[1.122:16] check-known-dataset-record.feature:79 - javascript evaluation failed: karate.mapWithKey(nlinks ,'link'), ReferenceError: "nlinks" is not defined in <eval> at line number 1
[1.123:16] check-known-dataset-record.feature:79 - javascript evaluation failed: karate.mapWithKey(nlinks ,'link'), ReferenceError: "nlinks" is not defined in <eval> at line number 1
[1.124:16] check-known-dataset-record.feature:79 - javascript evaluation failed: karate.mapWithKey(nlinks ,'link'), ReferenceError: "nlinks" is not defined in <eval> at line number 1
[1.125:16] check-known-dataset-record.feature:79 - javascript evaluation failed: karate.mapWithKey(nlinks ,'link'), ReferenceError: "nlinks" is not defined in <eval> at line number 1
[1.126:16] check-known-dataset-record.feature:79 - javascript evaluation failed: karate.mapWithKey(nlinks ,'link'), ReferenceError: "nlinks" is not defined in <eval> at line number 1
[1.127:16] check-known-dataset-record.feature:79 - javascript evaluation failed: karate.mapWithKey(nlinks ,'link'), ReferenceError: "nlinks" is not defined in <eval> at line number 1
[1.128:16] check-known-dataset-record.feature:79 - javascript evaluation failed: karate.mapWithKey(nlinks ,'link'), ReferenceError: "nlinks" is not defined in <eval> at line number 1
[1.129:16] check-known-dataset-record.feature:79 - javascript evaluation failed: karate.mapWithKey(nlinks ,'link'), ReferenceError: "nlinks" is not defined in <eval> at line number 1
[1.130:16] check-known-dataset-record.feature:79 - javascript evaluation failed: karate.mapWithKey(nlinks ,'link'), ReferenceError: "nlinks" is not defined in <eval> at line number 1
[1.131:16] check-known-dataset-record.feature:79 - javascript evaluation failed: karate.mapWithKey(nlinks ,'link'), ReferenceError: "nlinks" is not defined in <eval> at line number 1
[1.132:16] check-known-dataset-record.feature:79 - javascript evaluation failed: karate.mapWithKey(nlinks ,'link'), ReferenceError: "nlinks" is not defined in <eval> at line number 1
[1.133:16] check-known-dataset-record.feature:79 - javascript evaluation failed: karate.mapWithKey(nlinks ,'link'), ReferenceError: "nlinks" is not defined in <eval> at line number 1
[1.134:16] check-known-dataset-record.feature:79 - javascript evaluation failed: karate.mapWithKey(nlinks ,'link'), ReferenceError: "nlinks" is not defined in <eval> at line number 1
[1.135:16] check-known-dataset-record.feature:79 - javascript evaluation failed: karate.mapWithKey(nlinks ,'link'), ReferenceError: "nlinks" is not defined in <eval> at line number 1
[1.136:16] check-known-dataset-record.feature:79 - javascript evaluation failed: karate.mapWithKey(nlinks ,'link'), ReferenceError: "nlinks" is not defined in <eval> at line number 1
[1.137:16] check-known-dataset-record.feature:79 - javascript evaluation failed: karate.mapWithKey(nlinks ,'link'), ReferenceError: "nlinks" is not defined in <eval> at line number 1
[1.138:16] check-known-dataset-record.feature:79 - javascript evaluation failed: karate.mapWithKey(nlinks ,'link'), ReferenceError: "nlinks" is not defined in <eval> at line number 1
[1.139:16] check-known-dataset-record.feature:79 - javascript evaluation failed: karate.mapWithKey(nlinks ,'link'), ReferenceError: "nlinks" is not defined in <eval> at line number 1
[1.140:16] check-known-dataset-record.feature:79 - javascript evaluation failed: karate.mapWithKey(nlinks ,'link'), ReferenceError: "nlinks" is not defined in <eval> at line number 1
[1.141:16] check-known-dataset-record.feature:79 - javascript evaluation failed: karate.mapWithKey(nlinks ,'link'), ReferenceError: "nlinks" is not defined in <eval> at line number 1
[1.142:16] check-known-dataset-record.feature:47 - xpath does not exist: /GetRecordByIdResponse//@href on response
[1.143:16] check-known-dataset-record.feature:79 - javascript evaluation failed: karate.mapWithKey(nlinks ,'link'), ReferenceError: "nlinks" is not defined in <eval> at line number 1
[1.144:16] check-known-dataset-record.feature:79 - javascript evaluation failed: karate.mapWithKey(nlinks ,'link'), ReferenceError: "nlinks" is not defined in <eval> at line number 1
[1.145:16] check-known-dataset-record.feature:79 - javascript evaluation failed: karate.mapWithKey(nlinks ,'link'), ReferenceError: "nlinks" is not defined in <eval> at line number 1
[1.146:16] check-known-dataset-record.feature:79 - javascript evaluation failed: karate.mapWithKey(nlinks ,'link'), ReferenceError: "nlinks" is not defined in <eval> at line number 1
[1.147:16] check-known-dataset-record.feature:79 - javascript evaluation failed: karate.mapWithKey(nlinks ,'link'), ReferenceError: "nlinks" is not defined in <eval> at line number 1
[1.148:16] check-known-dataset-record.feature:79 - javascript evaluation failed: karate.mapWithKey(nlinks ,'link'), ReferenceError: "nlinks" is not defined in <eval> at line number 1
[1.149:16] check-known-dataset-record.feature:79 - javascript evaluation failed: karate.mapWithKey(nlinks ,'link'), ReferenceError: "nlinks" is not defined in <eval> at line number 1
[1.150:16] check-known-dataset-record.feature:79 - javascript evaluation failed: karate.mapWithKey(nlinks ,'link'), ReferenceError: "nlinks" is not defined in <eval> at line number 1
[1.151:16] check-known-dataset-record.feature:79 - javascript evaluation failed: karate.mapWithKey(nlinks ,'link'), ReferenceError: "nlinks" is not defined in <eval> at line number 1
[1.152:16] check-known-dataset-record.feature:79 - javascript evaluation failed: karate.mapWithKey(nlinks ,'link'), ReferenceError: "nlinks" is not defined in <eval> at line number 1
[1.153:16] check-known-dataset-record.feature:79 - javascript evaluation failed: karate.mapWithKey(nlinks ,'link'), ReferenceError: "nlinks" is not defined in <eval> at line number 1
[1.154:16] check-known-dataset-record.feature:79 - javascript evaluation failed: karate.mapWithKey(nlinks ,'link'), ReferenceError: "nlinks" is not defined in <eval> at line number 1
[1.155:16] check-known-dataset-record.feature:79 - javascript evaluation failed: karate.mapWithKey(nlinks ,'link'), ReferenceError: "nlinks" is not defined in <eval> at line number 1
[1.156:16] check-known-dataset-record.feature:79 - javascript evaluation failed: karate.mapWithKey(nlinks ,'link'), ReferenceError: "nlinks" is not defined in <eval> at line number 1
[1.157:16] check-known-dataset-record.feature:79 - javascript evaluation failed: karate.mapWithKey(nlinks ,'link'), ReferenceError: "nlinks" is not defined in <eval> at line number 1
[1.158:16] check-known-dataset-record.feature:79 - javascript evaluation failed: karate.mapWithKey(nlinks ,'link'), ReferenceError: "nlinks" is not defined in <eval> at line number 1
[1.159:16] check-known-dataset-record.feature:79 - javascript evaluation failed: karate.mapWithKey(nlinks ,'link'), ReferenceError: "nlinks" is not defined in <eval> at line number 1
[1.160:16] check-known-dataset-record.feature:79 - javascript evaluation failed: karate.mapWithKey(nlinks ,'link'), ReferenceError: "nlinks" is not defined in <eval> at line number 1
[1.161:16] check-known-dataset-record.feature:79 - javascript evaluation failed: karate.mapWithKey(nlinks ,'link'), ReferenceError: "nlinks" is not defined in <eval> at line number 1
[1.162:16] check-known-dataset-record.feature:79 - javascript evaluation failed: karate.mapWithKey(nlinks ,'link'), ReferenceError: "nlinks" is not defined in <eval> at line number 1
[1.163:16] check-known-dataset-record.feature:79 - javascript evaluation failed: karate.mapWithKey(nlinks ,'link'), ReferenceError: "nlinks" is not defined in <eval> at line number 1
[1.164:16] check-known-dataset-record.feature:79 - javascript evaluation failed: karate.mapWithKey(nlinks ,'link'), ReferenceError: "nlinks" is not defined in <eval> at line number 1
[1.165:16] check-known-dataset-record.feature:79 - javascript evaluation failed: karate.mapWithKey(nlinks ,'link'), ReferenceError: "nlinks" is not defined in <eval> at line number 1
[1.166:16] check-known-dataset-record.feature:79 - javascript evaluation failed: karate.mapWithKey(nlinks ,'link'), ReferenceError: "nlinks" is not defined in <eval> at line number 1
[1.167:16] check-known-dataset-record.feature:79 - javascript evaluation failed: karate.mapWithKey(nlinks ,'link'), ReferenceError: "nlinks" is not defined in <eval> at line number 1
[1.168:16] check-known-dataset-record.feature:79 - javascript evaluation failed: karate.mapWithKey(nlinks ,'link'), ReferenceError: "nlinks" is not defined in <eval> at line number 1
[1.169:16] check-known-dataset-record.feature:79 - javascript evaluation failed: karate.mapWithKey(nlinks ,'link'), ReferenceError: "nlinks" is not defined in <eval> at line number 1
[1.170:16] check-known-dataset-record.feature:79 - javascript evaluation failed: karate.mapWithKey(nlinks ,'link'), ReferenceError: "nlinks" is not defined in <eval> at line number 1
[1.171:16] check-known-dataset-record.feature:79 - javascript evaluation failed: karate.mapWithKey(nlinks ,'link'), ReferenceError: "nlinks" is not defined in <eval> at line number 1
[1.172:16] check-known-dataset-record.feature:79 - javascript evaluation failed: karate.mapWithKey(nlinks ,'link'), ReferenceError: "nlinks" is not defined in <eval> at line number 1
[1.173:16] check-known-dataset-record.feature:79 - javascript evaluation failed: karate.mapWithKey(nlinks ,'link'), ReferenceError: "nlinks" is not defined in <eval> at line number 1
[1.174:16] check-known-dataset-record.feature:79 - javascript evaluation failed: karate.mapWithKey(nlinks ,'link'), ReferenceError: "nlinks" is not defined in <eval> at line number 1
[1.175:16] check-known-dataset-record.feature:79 - javascript evaluation failed: karate.mapWithKey(nlinks ,'link'), ReferenceError: "nlinks" is not defined in <eval> at line number 1
[1.176:16] check-known-dataset-record.feature:79 - javascript evaluation failed: karate.mapWithKey(nlinks ,'link'), ReferenceError: "nlinks" is not defined in <eval> at line number 1
[1.177:16] check-known-dataset-record.feature:79 - javascript evaluation failed: karate.mapWithKey(nlinks ,'link'), ReferenceError: "nlinks" is not defined in <eval> at line number 1
[1.178:16] check-known-dataset-record.feature:79 - javascript evaluation failed: karate.mapWithKey(nlinks ,'link'), ReferenceError: "nlinks" is not defined in <eval> at line number 1
[1.179:16] check-known-dataset-record.feature:79 - javascript evaluation failed: karate.mapWithKey(nlinks ,'link'), ReferenceError: "nlinks" is not defined in <eval> at line number 1
[1.180:16] check-known-dataset-record.feature:79 - javascript evaluation failed: karate.mapWithKey(nlinks ,'link'), ReferenceError: "nlinks" is not defined in <eval> at line number 1
[1.181:16] check-known-dataset-record.feature:79 - javascript evaluation failed: karate.mapWithKey(nlinks ,'link'), ReferenceError: "nlinks" is not defined in <eval> at line number 1
[1.182:16] check-known-dataset-record.feature:79 - javascript evaluation failed: karate.mapWithKey(nlinks ,'link'), ReferenceError: "nlinks" is not defined in <eval> at line number 1
[1.183:16] check-known-dataset-record.feature:79 - javascript evaluation failed: karate.mapWithKey(nlinks ,'link'), ReferenceError: "nlinks" is not defined in <eval> at line number 1
[1.184:16] check-known-dataset-record.feature:79 - javascript evaluation failed: karate.mapWithKey(nlinks ,'link'), ReferenceError: "nlinks" is not defined in <eval> at line number 1
[1.185:16] check-known-dataset-record.feature:79 - javascript evaluation failed: karate.mapWithKey(nlinks ,'link'), ReferenceError: "nlinks" is not defined in <eval> at line number 1
[1.186:16] check-known-dataset-record.feature:79 - javascript evaluation failed: karate.mapWithKey(nlinks ,'link'), ReferenceError: "nlinks" is not defined in <eval> at line number 1
[1.187:16] check-known-dataset-record.feature:79 - javascript evaluation failed: karate.mapWithKey(nlinks ,'link'), ReferenceError: "nlinks" is not defined in <eval> at line number 1
[1.188:16] check-known-dataset-record.feature:79 - javascript evaluation failed: karate.mapWithKey(nlinks ,'link'), ReferenceError: "nlinks" is not defined in <eval> at line number 1
[1.189:16] check-known-dataset-record.feature:79 - javascript evaluation failed: karate.mapWithKey(nlinks ,'link'), ReferenceError: "nlinks" is not defined in <eval> at line number 1
[1.190:16] check-known-dataset-record.feature:79 - javascript evaluation failed: karate.mapWithKey(nlinks ,'link'), ReferenceError: "nlinks" is not defined in <eval> at line number 1
[1.191:16] check-known-dataset-record.feature:79 - javascript evaluation failed: karate.mapWithKey(nlinks ,'link'), ReferenceError: "nlinks" is not defined in <eval> at line number 1
[1.192:16] check-known-dataset-record.feature:79 - javascript evaluation failed: karate.mapWithKey(nlinks ,'link'), ReferenceError: "nlinks" is not defined in <eval> at line number 1
[1.193:16] check-known-dataset-record.feature:79 - javascript evaluation failed: karate.mapWithKey(nlinks ,'link'), ReferenceError: "nlinks" is not defined in <eval> at line number 1
[1.194:16] check-known-dataset-record.feature:79 - javascript evaluation failed: karate.mapWithKey(nlinks ,'link'), ReferenceError: "nlinks" is not defined in <eval> at line number 1
[1.195:16] check-known-dataset-record.feature:79 - javascript evaluation failed: karate.mapWithKey(nlinks ,'link'), ReferenceError: "nlinks" is not defined in <eval> at line number 1
[1.196:16] check-known-dataset-record.feature:79 - javascript evaluation failed: karate.mapWithKey(nlinks ,'link'), ReferenceError: "nlinks" is not defined in <eval> at line number 1
[1.197:16] check-known-dataset-record.feature:79 - javascript evaluation failed: karate.mapWithKey(nlinks ,'link'), ReferenceError: "nlinks" is not defined in <eval> at line number 1
 ==> expected: <0> but was: <200>
	at InspireTest.TestAll.testParallel(InspireTest.java:27)
]]></failure>
    <system-out><![CDATA[15:22:23.496 [main] INFO  com.intuit.karate.Runner - waiting for parallel features to complete ...
15:22:23.827 [ForkJoinPool-1-worker-7] INFO  com.intuit.karate - karate.env system property was:  
15:22:23.828 [ForkJoinPool-1-worker-5] INFO  com.intuit.karate - karate.env system property was:  
15:22:23.826 [pool-1-thread-6] INFO  com.intuit.karate - karate.env system property was:  
15:22:23.830 [ForkJoinPool-1-worker-3] INFO  com.intuit.karate - karate.env system property was:  
15:22:23.822 [pool-1-thread-2] INFO  com.intuit.karate - karate.env system property was:  
15:22:23.849 [pool-1-thread-1] INFO  com.intuit.karate - karate.env system property was:  
15:22:23.852 [ForkJoinPool-1-worker-9] INFO  com.intuit.karate - karate.env system property was:  
15:22:24.154 [pool-1-thread-2] INFO  com.intuit.karate - >> lock acquired, begin callonce: read('def/writedatasetcsvheader.template.feature')
15:22:24.247 [pool-1-thread-6] INFO  com.intuit.karate - >> lock acquired, begin callonce: read('def/getdataset.template.feature')
15:22:24.251 [pool-1-thread-2] INFO  com.intuit.karate - [print] "datasetIdentifierCode","title","organisationName","email",
15:22:24.294 [pool-1-thread-2] INFO  com.intuit.karate - << lock released, cached callonce: read('def/writedatasetcsvheader.template.feature')
15:22:24.295 [pool-1-thread-2] INFO  com.intuit.karate - >> lock acquired, begin callonce: read('def/getcswbriefrecords.feature')
15:22:24.475 [ForkJoinPool-1-worker-11] INFO  com.intuit.karate - [print] [
  "http://creativecommons.org/licenses/by/3.0/deed.nl"
]

15:22:24.476 [ForkJoinPool-1-worker-13] INFO  com.intuit.karate - [print] [
  "http://creativecommons.org/licenses/by/3.0/nl/"
]

15:22:24.582 [ForkJoinPool-1-worker-13] INFO  com.intuit.karate - [print]
15:22:24.592 [ForkJoinPool-1-worker-11] INFO  com.intuit.karate - [print]
15:22:24.598 [ForkJoinPool-1-worker-11] INFO  com.intuit.karate - [print] testing xlinkurl:http://creativecommons.org/licenses/by/3.0/deed.nl
15:22:24.600 [ForkJoinPool-1-worker-13] INFO  com.intuit.karate - [print] testing xlinkurl:http://creativecommons.org/licenses/by/3.0/nl/
15:22:24.802 [ForkJoinPool-1-worker-7] INFO  com.intuit.karate - [print] [
  "http://creativecommons.org/licenses/by/4.0/deed.nl"
]

15:22:24.832 [ForkJoinPool-1-worker-3] INFO  com.intuit.karate - [print] [
  "http://creativecommons.org/publicdomain/mark/1.0/deed.nl"
]

15:22:24.842 [pool-1-thread-6] INFO  com.intuit.karate - << lock released, cached callonce: read('def/getdataset.template.feature')
15:22:24.845 [ForkJoinPool-1-worker-13] INFO  com.intuit.karate - [print] [
  "http://creativecommons.org/publicdomain/zero/1.0/deed.nl"
]

15:22:24.846 [ForkJoinPool-1-worker-11] INFO  com.intuit.karate - [print] [
  "http://data.europa.eu/eli/reg/2010/1089"
]

15:22:24.868 [pool-1-thread-6] INFO  com.intuit.karate - [print] {
  "__arg": null,
  "responseType": "string",
  "responseHeaders": {
    "Connection": [
      "keep-alive"
    ],
    "Server": [
      "GitHub.com"
    ],
    "Content-Type": [
      "text/csv; charset=utf-8"
    ],
    "Strict-Transport-Security": [
      "max-age=31556952"
    ],
    "Last-Modified": [
      "Fri, 18 Sep 2020 15:19:27 GMT"
    ],
    "ETag": [
      "W/\"5f64cfff-c197\""
    ],
    "Access-Control-Allow-Origin": [
      "*"
    ],
    "Expires": [
      "Fri, 18 Sep 2020 15:32:24 GMT"
    ],
    "Cache-Control": [
      "max-age=600"
    ],
    "X-Proxy-Cache": [
      "MISS"
    ],
    "X-GitHub-Request-Id": [
      "B5EA:48B6:4C2C20:55AFEC:5F64D0B0"
    ],
    "Accept-Ranges": [
      "bytes"
    ],
    "Date": [
      "Fri, 18 Sep 2020 15:22:24 GMT"
    ],
    "Via": [
      "1.1 varnish"
    ],
    "Age": [
      "0"
    ],
    "X-Served-By": [
      "cache-bwi5061-BWI"
    ],
    "X-Cache": [
      "HIT"
    ],
    "X-Cache-Hits": [
      "1"
    ],
    "X-Timer": [
      "S1600442545.685944,VS0,VE84"
    ],
    "Vary": [
      "Accept-Encoding"
    ],
    "X-Fastly-Request-ID": [
      "8cbe8c31a1821e37c8895009a08bc28569c47d0f"
    ]
  },
  "responseTime": 405,
  "response": "\"datasetIdentifierCode\",\"title\",\"organisationName\",\"email\",\n\"datasetIdentifierCode\",\"title\",\"organisationName\",\"email\",\n\"fcefa13c-44e2-4953-b6d6-1ddceebc57fc\",\"Vogelrichtlijn verspreiding van soorten\",\"[Ministerie van Economische Zaken - GIS Competence Center, Wageningen Environmental Research (Alterra), PDOK, Sovon Vogelonderzoek Nederland]\",\"[geodatabeheer.giscc@rvo.nl, GeoDesk.CGI@wur.nl, geodatabeheer.giscc@rvo.nl, beheerPDOK@kadaster.nl, ]\",\n\"f99e915a-75e5-4c36-97f2-61eff692d85b\",\"Grondwateronderzoek onder INSPIRE\",\"[TNO Geologische Dienst Nederland, TNO Geologische Dienst Nederland, TNO Geologische Dienst Nederland]\",\"[info@dinoloket.nl, info@dinoloket.nl, info@dinoloket.nl]\",\n\"3703b249-a0eb-484e-ba7a-10e31a55bcec\",\"Invasieve Exoten (INSPIRE Geharmoniseerd)\",\"Ministerie van Landbouw, Natuur en Voedselkwaliteit\",\"[geodatabeheer.giscc@rvo.nl, Geodatabeheer.GISCC@rvo.nl]\",\n\"977e0e94-7aa9-4784-b2da-eaec44adb61b\",\"Habitatrichtlijn verspreiding van habitattypen\",\"[Ministerie van Economische Zaken - GIS Competence Center, Wageningen Environmental Research (Alterra), PDOK, Alterra]\",\"[geodatabeheer.giscc@rvo.nl, GeoDesk.CGI@wur.nl, geodatabeheer.giscc@rvo.nl, beheerPDOK@kadaster.nl, ]\",\n\"3a72b9a4-cda9-11ea-87d0-0242ac130003\",\"Grondwater Monitoring Net\",\"[TNO Geologische Dienst Nederland, TNO Geologische Dienst Nederland, TNO Geologische Dienst Nederland]\",\"[info@bro.nl, Info@bro.nl, info@dinoloket.nl]\",\n\"247a1d15-0a67-40ce-85be-1403c08f15a8\",\"Nationale Parken (INSPIRE Geharmoniseerd)\",\"no organisationName found in dataset record\",\"[geodatabeheer.giscc@rvo.nl, geodatabeheer.giscc@rvo.nl, info@minlnv.nl, , , ]\",\n\"af0c582f-9e6b-46e6-865a-fc3a2d5289b9\",\"Bodemgebruik\",\"[Kadaster, Kadaster, Kadaster]\",\"[PPB-GVA@kadaster.nl, kcc@kadaster.nl, kcc@kadaster.nl]\",\n\"9d9f1738-aced-47c9-aaa0-c62474a2dcfb\",\"Zeegebieden\",\"[Kadaster, Kadaster, Kadaster]\",\"[PPB-GVA@kadaster.nl, kcc@kadaster.nl, kcc@kadaster.nl]\",\n\"3a7dd0a6-d130-4c4c-b0ba-24365cf036e2\",\"Vervoersnetwerken - Spoorwegen (INSPIRE geharmoniseerd)\",\"[Kadaster, Kadaster]\",\"[PPB-GVA@kadaster.nl, kcc@kadaster.nl]\",\n\"b3f66964-a8c1-456f-9799-9cafca2cb7b1\",\"Monitoring stations (Nitraatrichtlijn) ondiepe filters\",\"no organisationName found in dataset record\",\"[geodata@rivm.nl, , geodata@rivm.nl]\",\n\"81ff84ec-42a4-4481-840b-12713bbb5d38\",\"Geografische Namen\",\"[Kadaster, Kadaster, Kadaster]\",\"[PPB-GVA@kadaster.nl, kcc@kadaster.nl, kcc@kadaster.nl]\",\n\"a7fb2234-f7b4-4a03-b282-f10947f42fb1\",\"Kaart van de bodemopbouw in Nederland 1:50.000 onder INSPIRE\",\"[TNO Geologische Dienst Nederland, Alterra, Wageningen UR, TNO Geologische Dienst Nederland]\",\"[info@dinoloket.nl, geodesk.cgi@wur.nl, info@dinoloket.nl]\",\n\"c7662717-9e43-4367-a344-723d73abbb3e\",\"-Gegevens boormonsterprofiel onder PDOK\",\"[TNO Geologische Dienst Nederland, TNO Geologische Dienst Nederland]\",\"[info@dinoloket, info@dinoloket.nl]\",\n\"28c4780a-1a44-4376-b283-14a50a481729\",\"Habitatrichtlijn verspreiding van soorten\",\"[Wageningen Environmental Research (Alterra), PDOK, CBS, Natuurloket, PGO's]\",\"[geodatabeheer.giscc@rvo.nl, GeoDesk.CGI@wur.nl, geodatabeheer.giscc@rvo.nl, beheerPDOK@kadaster.nl, , , ]\",\n\"8b0b02a0-1e1b-4cda-bcfe-6fa0f738e38f\",\"Emissies naar het riool in 2011 vanuit de industrie\",\"no organisationName found in dataset record\",\"[emissieregistratie@rivm.nl, , emissieregistratie@rivm.nl]\",\n\"29d5310f-dd0d-45ba-abad-b4ffc6b8785f\",\"TOP10NL\",\"[Kadaster, Kadaster, Kadaster, Kadaster, Kadaster, Kadaster, Kadaster, Kadaster, Kadaster]\",\"[PPB-GVA@kadaster.nl, kcc@kadaster.nl, kcc@kadaster.nl, , , , , , ]\",\n\"791adbe3-772f-42cb-a3be-5a617bcecef0\",\"Zeegebieden (INSPIRE geharmoniseerd)\",\"[Kadaster, Kadaster]\",\"[PPB-GVA@kadaster.nl, kcc@kadaster.nl]\",\n\"db8d613f-5edc-4467-9cc0-e2dcfb9d64a8\",\"Statistical Units Grid\",\"[Statistics Netherlands, Statistics Netherlands, Statistics Netherlandds, Statistics Netherlands]\",\"[infoservice@cbs.nl, infoservice@cbs.nl, infoservice@cbs.nl, , ]\",\n\"2cc2c30c-91b8-412a-a060-e84d25272581\",\"Zones en agglomeraties (Richtlijn Luchtkwaliteit) 2013\",\"no organisationName found in dataset record\",\"[geodata@rivm.nl, , geodata@rivm.nl]\",\n\"83dab947-387b-49df-8ad2-32bb10d46d38\",\"Geluidkaart Schiphol 2016 (Lden)\",\"[Ministerie van IenW, Ministerie van IenW]\",\"[sylvia.koolmees@minienw.nl, sylvia.koolmees@minienw.nl]\",\n\"5951efa2-1ff3-4763-a966-a2f5497679ee\",\"Vervoersnetwerken - Waterwegen (INSPIRE geharmoniseerd)\",\"[Kadaster, Kadaster]\",\"[PPB-GVA@kadaster.nl, kcc@kadaster.nl]\",\n\"f2f86edf-ac3a-48e8-9292-0544da2d7645\",\"Emissies naar het riool in 2015 vanuit de industrie\",\"no organisationName found in dataset record\",\"[emissieregistratie@rivm.nl, , emissieregistratie@rivm.nl]\",\n\"5a1adb58-0bbe-425d-b0fe-577a6c0a4228\",\"Actueel Hoogtebestand Nederland 1 (AHN1)\",\"[Rijkswaterstaat, stuurgroep AHN, , Rijkswaterstaat, Rijkswaterstaat]\",\"[servicedesk-data@rijkswaterstaat.nl, servicedesk-data@rijkswaterstaat.nl, , servicedesk-data@rijkswaterstaat.nl, servicedesk-data@rijkswaterstaat.nl]\",\n\"8de2f5eb-b09f-4f6d-8397-8878a1b86238\",\"Geluidbelasting rijkswegen in Nederland 2011 (24-uurs gemiddelde)\",\"[Rijkswaterstaat, Rijkswaterstaat, , Rijkswaterstaat, Rijkswaterstaat]\",\"[servicedesk-data@rijkswaterstaat.nl, servicedesk-data@rijkswaterstaat.nl, , servicedesk-data@rijkswaterstaat.nl, servicedesk-data@rijkswaterstaat.nl]\",\n\"tbjk534p-wubf-crbp-cj25-d4161160gfim\",\"Kaderrichtlijn Mariene Strategie - Bevroren monitoringsdata\",\"[Rijkswaterstaat, Rijkswaterstaat, , Rijkswaterstaat, Rijkswaterstaat]\",\"[servicedesk-data@rijkswaterstaat.nl, servicedesk-data@rijkswaterstaat.nl, , servicedesk-data@rijkswaterstaat.nl, servicedesk-data@rijkswaterstaat.nl]\",\n\"eu-cb527d-f6db-4835-b0cd-deb245241254\",\"Vervoersnetwerken - Wegen (INSPIRE geharmoniseerd) - RWS\",\"[Rijkswaterstaat, Rijkswaterstaat, , Beheer PDOK, Rijkswaterstaat]\",\"[servicedesk-data@rijkswaterstaat.nl, beheerPDOK@kadaster.nl, , beheerPDOK@kadaster.nl, servicedesk-data@rijkswaterstaat.nl]\",\n\"be1b1514-8d1f-48e1-9624-fee9b784138b\",\"Vaarwegmarkeringen Nederland\",\"[Rijkswaterstaat, Rijkswaterstaat, , Rijkswaterstaat, Rijkswaterstaat]\",\"[servicedesk-data@rijkswaterstaat.nl, servicedesk-data@rijkswaterstaat.nl, , servicedesk-data@rijkswaterstaat.nl, servicedesk-data@rijkswaterstaat.nl]\",\n\"cbeaebc3-815a-48af-a978-0e16892865fc\",\"Vogelrichtlijn verspreidingsgebied van soorten\",\"[Ministerie van Economische Zaken - GIS Competence Center, Wageningen Environmental Research (Alterra), PDOK, Sovon Vogelonderzoek Nederland]\",\"[geodatabeheer.giscc@rvo.nl, GeoDesk.CGI@wur.nl, geodatabeheer.giscc@rvo.nl, beheerPDOK@kadaster.nl, ]\",\n\"9dd9bf30-36e6-45ae-b368-bdef2720bdde\",\"Bodemkundig boormonsterprofiel onder INSPIRE\",\"[TNO Geologische Dienst Nederland, Alterra, Wageningen UR, TNO Geologische Dienst Nederland]\",\"[info@dinoloket.nl, geodesk.cgi@wur.nl, info@dinoloket.nl]\",\n\"edf79e6a-d73d-4def-8d22-0f495cc76a73\",\"Bronbestanden waterkwaliteit\",\"[Informatiehuis Water, Informatiehuis Water]\",\"[servicedesk@ihw.nl, servicedesk@ihw.nl]\",\n\"3e57ce43-7707-43ed-a4b9-72b3a6d812f8\",\"Geluidkaart hoofdspoornet 2011 (Lnight)\",\"[Ministerie van IenW, Ministerie van IenW]\",\"[sylvia.koolmees@minienw.nl, sylvia.koolmees@minienw.nl]\",\n\"c2225e5d-b46f-4e38-8445-ab10fd40c0dc\",\"Blokindeling Nederlands Continentaal Plat\",\"[Ministerie van Defensie, Koninklijke Marine, Dienst der Hydrografie, Ministerie van Defensie, Koninklijke Marine, Dienst der Hydrografie, Ministerie van Defensie, Koninklijke Marine, Dienst der Hydrografie]\",\"[data@hydro.nl, data@hydro.nl, data@hydro.nl]\",\n\"eu-f297898-2640-44c2-bbe9-c0480da83794\",\"Hydrografie - Netwerk (INSPIRE geharmoniseerd) - WT\",\"[Rijkswaterstaat, Rijkswaterstaat, , Rijkswaterstaat, Wetransform]\",\"[servicedesk-data@rijkswaterstaat.nl, servicedesk-data@rijkswaterstaat.nl, , servicedesk-data@rijkswaterstaat.nl, info@wetransform.to]\",\n\"3d59fd06-9aec-4744-91e7-65e119f74569\",\"Mossel- en oesterhabitats\",\"[Ministerie van Economische Zaken - GIS Competence Center, Wageningen Marine Research, PDOK]\",\"[geodatabeheer.giscc@rvo.nl, geodatabeheer.giscc@rvo.nl, info@wur.nl, BeheerPDOK@kadaster.nl]\",\n\"c5c4a6d6-b850-473c-8ab5-af9c2c550809\",\"Administratieve Eenheden\",\"[Kadaster, Kadaster en Openbare Registers, Kadaster en de Openbare Registers]\",\"[PPB-GVA@kadaster.nl, kcc@kadaster.nl, kcc@kadaster.nl]\",\n\"be6551de-a709-4c6d-a5e2-f63f0cf038ba\",\"Amplitude van het getij op de Noordzee\",\"[Ministerie van Defensie, Koninklijke Marine, Dienst der Hydrografie, Ministerie van Defensie, Koninklijke Marine, Dienst der Hydrografie, Ministerie van Defensie, Koninklijke Marine, Dienst der Hydrografie]\",\"[data@hydro.nl, data@hydro.nl, data@hydro.nl, ]\",\n\"6050578f-0010-4bfa-b013-c8617b80ba62\",\"Grondwatersamenstellinggegevens KRW meetronde 2012 onder INSPIRE\",\"[TNO Geologische Dienst Nederland, TNO Geologische Dienst Nederland, TNO Geologische Dienst Nederland]\",\"[info@dinoloket.nl, info@dinoloket.nl, info@dinoloket.nl]\",\n\"08b27bf0-e34a-4b30-9eac-5edadfb6a288\",\"Afgevoerde hoeveelheid afval in 2015 vanuit de industrie\",\"no organisationName found in dataset record\",\"[emissieregistratie@rivm.nl, , emissieregistratie@rivm.nl]\",\n\"a5f961e9-ebdd-41e2-b8e8-ab33ed340a83\",\"Adressen (INSPIRE geharmoniseerd)\",\"[Kadaster, Kadaster]\",\"[PPB-GVA@kadaster.nl, kcc@kadaster.nl]\",\n\"14657c9b-91e4-4355-8563-2911ad0e78e4\",\"Vervoersnetwerken - Gemeenschappelijke elementen (INSPIRE geharmoniseerd)\",\"[Kadaster, Kadaster]\",\"[PPB-GVA@kadaster.nl, kcc@kadaster.nl]\",\n\"58d39928-f502-48c9-a8c1-03244dc181bf\",\"Geluidkaart Schiphol 2016 (Lnight)\",\"[Ministerie van IenW, Ministerie van IenW]\",\"[sylvia.koolmees@minienw.nl, sylvia.koolmees@minienw.nl]\",\n\"25294679-adb9-4c39-a93b-6954ff9414ac\",\"Waterstanden en afvoeren verwacht - Rijkswaterstaat\",\"[Rijkswaterstaat, Rijkswaterstaat, , Rijkswaterstaat, Rijkswaterstaat]\",\"[servicedesk-data@rijkswaterstaat.nl, servicedesk-data@rijkswaterstaat.nl, , servicedesk-data@rijkswaterstaat.nl, servicedesk-data@rijkswaterstaat.nl]\",\n\"d6b85d84-cdb9-4a6e-b799-cf8826e22a94\",\"Ligging industrie en CO2 emissies\",\"Ministerie van Economische Zaken - GIS Competence Center\",\"[geodatabeheer.giscc@rvo.nl, geodatabeheer.giscc@rvo.nl]\",\n\"b4ae622c-6201-49d8-bd2e-f7fce9206a1e\",\"Gebouwen (INSPIRE geharmoniseerd)\",\"[Kadaster, Kadaster]\",\"[PPB-GVA@kadaster.nl, kcc@kadaster.nl]\",\n\"e80ad426-1392-4349-9f80-14dae5f1bf57\",\"Kadastrale Percelen (INSPIRE geharmoniseerd)\",\"[Kadaster, Kadaster]\",\"[PPB-GVA@kadaster.nl, kcc@kadaster.nl, , ]\",\n\"74aca3eb-c38b-4214-9537-e0abc69e11b5\",\"Luchtfoto 2017 25cm RGB open data\",\"[Kadaster, Het Waterschapshuis, Kadaster, Eurosense, Eurosense, Eurosense, Kadaster, Kadaster]\",\"[PPB-GVA@kadaster.nl, info@hetwaterschapshuis.nl, kcc@kadaster.nl, , , , , , ]\",\n\"d9baa847-4652-4588-abe1-0b050f40f27f\",\"Ziekenhuizen in Nederland (september 2013)\",\"no organisationName found in dataset record\",\"[atlas@rivm.nl, , geodata@rivm.nl]\",\n\"ed960299-a147-4c1a-bc57-41ff83a2264f\",\"Bodemkaart50000_versie2014\",\"[Wageningen Environmental Research, Wageningen Environmental Research (Alterra), Wageningen Environmental Research, Wageningen Environmental Research (Alterra), ALTERRA en voorafgaande instituten, ALTERRA en voorafgaande instituten, Alterra, Alterra, Alterra Wageningen UR, Alterra]\",\"[fokke.brouwer@wur.nl, GeoDesk@wur.nl, fokke.brouwer@wur.nl, GeoDesk@wur.nl]\",\n\"12bb57cd-73e0-41ba-a1e9-6d986b9109d3\",\"Human Health NL NUTS2\",\"[Statistics Netherlands, Statistics Netherlands, Statistics Netherlandds, Statistics Netherlands]\",\"[infoservice@cbs.nl, infoservice@cbs.nl, infoservice@cbs.nl, , ]\",\n\"76541ebb-a554-4540-a017-399d4bb4a860\",\"Population Distribution NL\",\"[Statistics Netherlands, Statistics Netherlands, Statistics Netherlandds, Statistics Netherlands]\",\"[infoservice@cbs.nl, infoservice@cbs.nl, infoservice@cbs.nl, , ]\",\n\"fe0e1e5f-512f-4bb1-bbf8-4028d3dfa24f\",\"Schelpdierpercelen\",\"[Ministerie van Economische Zaken - GIS Competence Center, PDOK]\",\"[geodatabeheer.giscc@rvo.nl, geodatabeheer.giscc@rvo.nl, BeheerPDOK@kadaster.nl]\",\n\"d24ccb35-e9d2-41bf-b231-43083fc0c76d\",\"LCP emissies (Richtlijn Industriële emissies) 2016\",\"no organisationName found in dataset record\",\"[emissieregistratie@rivm.nl, , emissieregistratie@rivm.nl]\",\n\"36a7e8cb-8300-4602-93d2-135943365a6f\",\"Monitoring stations (Nitraatrichtlijn) diepe filters\",\"no organisationName found in dataset record\",\"[geodata@rivm.nl, , geodata@rivm.nl]\",\n\"adn73c4a-ef03-4785-b7f6-942e86b385f5\",\"Bathymetrie Nederland - kust\",\"[Rijkswaterstaat, Rijkswaterstaat, , Rijkswaterstaat, Rijkswaterstaat]\",\"[servicedesk-data@rijkswaterstaat.nl, servicedesk-data@rijkswaterstaat.nl, , servicedesk-data@rijkswaterstaat.nl, servicedesk-data@rijkswaterstaat.nl]\",\n\"f273941e-9c3b-43bc-b886-2d50d0bf9348\",\"Habitatrichtlijn verspreidingsgebied van soorten\",\"[Ministerie van Economische Zaken - GIS Competence Center, Wageningen Environmental Research (Alterra), PDOK, CBS, Natuurloket, pgo's]\",\"[geodatabeheer.giscc@rvo.nl, GeoDesk.CGI@wur.nl, geodatabeheer.giscc@rvo.nl, beheerPDOK@kadaster.nl, , , ]\",\n\"9986a7ef-e5e2-4a7a-9018-2e1f9631ba8c\",\"Zwemwater (provinciaal en Rijkswateren) uit {Zwemwaterregister}\",\"[Interprovinciaal Overleg, Interprovinciaal Overleg, Interprovinciaal Overleg]\",\"[inspire@gbo-provincies.nl, inspire@gbo-provincies.nl, inspire@gbo-provincies.nl]\",\n\"34e6165f-1269-48d1-b255-0f05d163d692\",\"Geluidszones rondom bedrijventerreinen zowel provinciaal als gemeentelijk\",\"[Interprovinciaal Overleg, Interprovinciaal Overleg, Interprovinciaal Overleg]\",\"[inspire@gbo-provincies.nl, inspire@gbo-provincies.nl, inspire@gbo-provincies.nl]\",\n\"41023936-009d-48ec-a90d-c966895463c1\",\"Geluidszones rondom vliegvelden\",\"[Interprovinciaal Overleg, Interprovinciaal Overleg, Interprovinciaal Overleg]\",\"[inspire@gbo-provincies.nl, inspire@gbo-provincies.nl, inspire@gbo-provincies.nl]\",\n\"ffefc3dc-dc8f-4589-ae22-a60bebcdf5cb\",\"Wijk- en Buurtkaart 2018 versie 2\",\"[Centraal Bureau voor de Statistiek, Centraal Bureau voor de Statistiek, Centraal Bureau voor de Statistiek, Kadaster]\",\"[infoservice@cbs.nl, infoservice@cbs.nl, infoservice@cbs.nl, , ]\",\n\"eu-2c7040b-c448-451b-bf15-f2416ecaadd1\",\"Vervoersnetwerken - Waterwegen (INSPIRE geharmoniseerd) - WT\",\"[Rijkswaterstaat, Rijkswaterstaat, , Rijkswaterstaat, Wetransform]\",\"[servicedesk-data@rijkswaterstaat.nl, servicedesk-data@rijkswaterstaat.nl, , servicedesk-data@rijkswaterstaat.nl, info@wetransform.to]\",\n\"6318009c-7b11-4ab9-9929-735584dfb692\",\"Land Use 2015\",\"[Statistics Netherlands, Statistics Netherlands, PDOK]\",\"[infoservice@cbs.nl, infoservice@cbs.nl, , , ]\",\n\"2daad588-11ef-47de-9832-6fe2c3b93e6d\",\"Overstromingsrisicokaarten\",\"[Interprovinciaal Overleg, Interprovinciaal Overleg, Interprovinciaal Overleg]\",\"[inspire@gbo-provincies.nl, inspire@gbo-provincies.nl, inspire@gbo-provincies.nl]\",\n\"bc2c53f6-c908-4d7c-a6c0-78d9a2855640\",\"Overstromingsgevaarkaarten\",\"[Interprovinciaal Overleg, Interprovinciaal Overleg, Interprovinciaal Overleg]\",\"[inspire@gbo-provincies.nl, inspire@gbo-provincies.nl, inspire@gbo-provincies.nl]\",\n\"wt-f5eb-b09f-4f6d-8397-8878a1b86238\",\"Menselijke gezondheid en veiligheid - geluidbelasting rijkswegen 2011 (INSPIRE geharmoniseerd)\",\"[Rijkswaterstaat, Rijkswaterstaat, , Rijkswaterstaat, Wetransform]\",\"[servicedesk-data@rijkswaterstaat.nl, servicedesk-data@rijkswaterstaat.nl, , servicedesk-data@rijkswaterstaat.nl, info@wetransform.to]\",\n\"wt-3730-e750-485a-9c0c-39bf9be72cf9\",\"Menselijke gezondheid en veiligheid -  geluidbelasting rijkswegen 2006 (INSPIRE geharmoniseerd)\",\"[Rijkswaterstaat, Rijkswaterstaat, , Rijkswaterstaat, Wetransform]\",\"[servicedesk-data@rijkswaterstaat.nl, servicedesk-data@rijkswaterstaat.nl, , servicedesk-data@rijkswaterstaat.nl, info@wetransform.to]\",\n\"998ba1dc-f6a6-49a3-a021-51f30d9b1d0e\",\"Wet Ammoniak en Veehouderij gebieden\",\"[Interprovinciaal Overleg, Interprovinciaal Overleg, Interprovinciaal Overleg]\",\"[inspire@gbo-provincies.nl, inspire@gbo-provincies.nl, inspire@gbo-provincies.nl]\",\n\"c7d8d77b-8c47-4309-8c58-9b12b086407f\",\"Natuurnetwerk Nederland\",\"[Interprovinciaal Overleg, Interprovinciaal Overleg, Interprovinciaal Overleg]\",\"[inspire@gbo-provincies.nl, inspire@gbo-provincies.nl, inspire@gbo-provincies.nl]\",\n\"krw2006-68b5-4ff3-94a4-9c24109ffd5e\",\"Kaderrichtlijn Water - Oppervlaktewaterlichamen Nederland EU2009 vlakken\",\"[Rijkswaterstaat, Rijkswaterstaat, , Rijkswaterstaat, Rijkswaterstaat]\",\"[servicedesk-data@rijkswaterstaat.nl, servicedesk-data@rijkswaterstaat.nl, , servicedesk-data@rijkswaterstaat.nl, servicedesk-data@rijkswaterstaat.nl]\",\n\"710c381c-ab2d-45d5-a45d-af2eba811e5f\",\"Nationaal Hydrologisch Instrumentarium (NHI) - netwerkschematisatie\",\"[Rijkswaterstaat, Rijkswaterstaat, , Rijkswaterstaat, Rijkswaterstaat]\",\"[servicedesk-data@rijkswaterstaat.nl, servicedesk-data@rijkswaterstaat.nl, , servicedesk-data@rijkswaterstaat.nl, servicedesk-data@rijkswaterstaat.nl]\",\n\"cc408b2d-09a6-4b2b-9aa3-b46bfe2f00a5\",\"Stiltegebieden\",\"[Interprovinciaal Overleg, Interprovinciaal Overleg, Interprovinciaal Overleg]\",\"[inspire@gbo-provincies.nl, inspire@gbo-provincies.nl, inspire@gbo-provincies.nl]\",\n\"f0821bfe-5a0a-11e9-8647-d663bd873d93\",\"NB-wetgebieden buiten Natura 2000\",\"[Interprovinciaal Overleg, Interprovinciaal Overleg, Interprovinciaal Overleg]\",\"[inspire@gbo-provincies.nl, inspire@gbo-provincies.nl, inspire@gbo-provincies.nl]\",\n\"110f9ec6-4464-462e-9765-83d90cefbeab\",\"Kaderrichtlijn Water - Stroomgebieddistricten Nederland EU2015\",\"[Informatiehuis Water, Informatiehuis Water, , Rijkswaterstaat, Rijkswaterstaat]\",\"[servicedesk@ihw.nl, servicedesk-data@rijkswaterstaat.nl, , servicedesk-data@rijkswaterstaat.nl, servicedesk-data@rijkswaterstaat.nl]\",\n\"2e31680f-68b5-4ff3-94a4-9c24109ffd5e\",\"Kaderrichtlijn Water - Oppervlaktewaterlichamen Nederland 2019 vlakken\",\"[Rijkswaterstaat, Rijkswaterstaat, , Rijkswaterstaat, Rijkswaterstaat]\",\"[servicedesk-data@rijkswaterstaat.nl, servicedesk-data@rijkswaterstaat.nl, , servicedesk-data@rijkswaterstaat.nl, servicedesk-data@rijkswaterstaat.nl]\",\n\"622a632a-c57b-44a2-83a4-e51223d5f15g\",\"Kaderrichtlijn Water - Oppervlaktewaterlichamen Nederland 2019 lijnen\",\"[Rijkswaterstaat, Rijkswaterstaat, , Rijkswaterstaat, Rijkswaterstaat]\",\"[servicedesk-data@rijkswaterstaat.nl, servicedesk-data@rijkswaterstaat.nl, , servicedesk-data@rijkswaterstaat.nl, servicedesk-data@rijkswaterstaat.nl]\",\n\"krw-f7bb2351-9788-42ea-a58b-a5ee1842304e\",\"Kaderrichtlijn Water - Stroomgebieddistricten Nederland 2019 vlakken\",\"[Rijkswaterstaat, Rijkswaterstaat, , Rijkswaterstaat, Rijkswaterstaat]\",\"[servicedesk-data@rijkswaterstaat.nl, servicedesk-data@rijkswaterstaat.nl, , servicedesk-data@rijkswaterstaat.nl, servicedesk-data@rijkswaterstaat.nl]\",\n\"a1960e70-22f4-4fd9-91a8-b605c6ceda3e\",\"Kaderrichtlijn Water - Oppervlaktewaterlichamen Nederland EU2015 riviernetwerk\",\"[Informatiehuis Water, Informatiehuis Water, , Rijkswaterstaat, Rijkswaterstaat]\",\"[servicedesk@ihw.nl, servicedesk@ihw.nl, , servicedesk-data@rijkswaterstaat.nl, servicedesk-data@rijkswaterstaat.nl]\",\n\"krw2006-c57b-44a2-83a4-e51223d5f15g\",\"Kaderrichtlijn Water - Oppervlaktewaterlichamen Nederland EU2009 lijnen\",\"[Rijkswaterstaat, Rijkswaterstaat, , Rijkswaterstaat, Rijkswaterstaat]\",\"[servicedesk-data@rijkswaterstaat.nl, servicedesk-data@rijkswaterstaat.nl, , servicedesk-data@rijkswaterstaat.nl, servicedesk-data@rijkswaterstaat.nl]\",\n\"110f9ec6-4464-462e-9765-83d90cefbeag\",\"Kaderrichtlijn Water - Oppervlaktewaterlichamen Nederland EU2015 lijnen\",\"[Informatiehuis Water, Informatiehuis Water, , Rijkswaterstaat, Informatiehuis Water]\",\"[servicedesk@ihw.nl, servicedesk@ihw.nl, , servicedesk-data@rijkswaterstaat.nl, servicedesk@ihw.nl]\",\n\"110f9ec6-4464-462e-9765-83d90cefbeac\",\"Kaderrichtlijn Water - Deelstroomgebieden Nederland EU2015\",\"[Informatiehuis Water, Informatiehuis Water, , Rijkswaterstaat, Rijkswaterstaat]\",\"[servicedesk@ihw.nl, servicedesk@ihw.nl, , servicedesk-data@rijkswaterstaat.nl, servicedesk-data@rijkswaterstaat.nl]\",\n\"891ddc2d-8949-4a45-be96-c65b87c41f13\",\"Kaderrichtlijn Water - Monitoringlocaties Nederland EU2015\",\"[Informatiehuis Water, Informatiehuis Water, , Rijkswaterstaat, Rijkswaterstaat]\",\"[servicedesk@ihw.nl, servicedesk-data@rijkswaterstaat.nl, , servicedesk-data@rijkswaterstaat.nl, servicedesk-data@rijkswaterstaat.nl]\",\n\"26103042-50a1-4ee5-9c5b-857a2f8b7680\",\"Wijk- en Buurtkaart 2017 versie 3\",\"[Centraal Bureau voor de Statistiek, Centraal Bureau voor de Statistiek, Centraal Bureau voor de Statistiek, Kadaster]\",\"[infoservice@cbs.nl, infoservice@cbs.nl, infoservice@cbs.nl, , ]\",\n\"a9b7026e-0a81-4813-93bd-ba49e6f28502\",\"NWB - Wegen\",\"[Rijkswaterstaat, Rijkswaterstaat, , Rijkswaterstaat, Rijkswaterstaat]\",\"[servicedesk-data@rijkswaterstaat.nl, servicedesk-data@rijkswaterstaat.nl, , servicedesk-data@rijkswaterstaat.nl, servicedesk-data@rws.n]\",\n\"6cde2ce7-3ecd-4785-b7b8-d62c3381efe9\",\"Wijk- en Buurtkaart 2016 versie 3\",\"[Centraal Bureau voor de Statistiek, Centraal Bureau voor de Statistiek, Centraal Bureau voor de Statistiek, Kadaster]\",\"[infoservice@cbs.nl, infoservice@cbs.nl, infoservice@cbs.nl, , ]\",\n\"f605a24f-60cd-4c40-94c8-2186aba3ddd0\",\"CBS Vierkantstatistieken 500m\",\"[Centraal Bureau voor de Statistiek, Centraal Bureau voor de Statistiek, Centraal Bureau voor de Statistiek, Centraal Bureau voor de Statistiek]\",\"[infoservice@cbs.nl, infoservice@cbs.nl, infoservice@cbs.nl, ]\",\n\"4cda487b-c467-490c-a843-6563fec016be\",\"Aansluitende zone volgens UNCLOS - Noordzee\",\"[Ministerie van Defensie, Koninklijke Marine, Dienst der Hydrografie, Ministerie van Defensie, Koninklijke Marine, Dienst der Hydrografie, Ministerie van Defensie, Koninklijke Marine, Dienst der Hydrografie]\",\"[data@hydro.nl, data@hydro.nl, data@hydro.nl, , ]\",\n\"ror-9d8e-4758-83fx-28b057f185e1\",\"Richtlijn Overstromingsrisico - gebieden met Potentieel Significant Overstromingsrisico EU2018 vlakken\",\"[Rijkswaterstaat, Rijkswaterstaat, , Rijkswaterstaat, Rijkswaterstaat]\",\"[servicedesk-data@rijkswaterstaat.nl, servicedesk-data@rijkswaterstaat.nl, , servicedesk-data@rijkswaterstaat.nl, servicedesk-data@rijkswaterstaat.nl]\",\n\"ror-9d8e-4758-83fx-28b057f185f1\",\"Richtlijn Overstromingsrisico - historische overstromingen EU2018\",\"[Rijkswaterstaat, Rijkswaterstaat, , Rijkswaterstaat, Rijkswaterstaat]\",\"[servicedesk-data@rijkswaterstaat.nl, servicedesk-data@rijkswaterstaat.nl, , servicedesk-data@rijkswaterstaat.nl, servicedesk-data@rijkswaterstaat.nl]\",\n\"uwwtd-9d8e-4758-83fa-28b057f185e3\",\"Richtlijn Stedelijk Afvalwater - rioolwaterzuiveringsinstallaties Nederland EU2015\",\"[Rijkswaterstaat, Rijkswaterstaat, , Rijkswaterstaat, Rijkswaterstaat]\",\"[servicedesk-data@rijkswaterstaat.nl, servicedesk-data@rijkswaterstaat.nl, , servicedesk-data@rijkswaterstaat.nl, servicedesk-data@rijkswaterstaat.nl]\",\n\"uwwtd-9d8e-4758-83fa-28b057f185e1\",\"Richtlijn Stedelijk Afvalwater - agglomeraties Nederland EU2015\",\"[Rijkswaterstaat, Rijkswaterstaat, , Rijkswaterstaat, Rijkswaterstaat]\",\"[servicedesk-data@rijkswaterstaat.nl, servicedesk-data@rijkswaterstaat.nl, , servicedesk-data@rijkswaterstaat.nl, servicedesk-data@rijkswaterstaat.nl]\",\n\"76091be7-358a-4a44-8182-b4139c96c6a4\",\"Adressen\",\"[Kadaster, Kadaster, Kadaster]\",\"[PPB-GVA@kadaster.nl, kcc@kadaster.nl, kcc@kadaster.nl]\",\n\"0558a41c-b09a-47fa-b8db-9de6bfe4f494\",\"Gebouwen\",\"[Kadaster, Kadaster, Kadaster]\",\"[PPB-GVA@kadaster.nl, kcc@kadaster.nl, kcc@kadaster.nl]\",\n\"1c3afc74-cc34-44b7-938a-963e2350795a\",\"Hydrografie - Physical Waters (INSPIRE geharmoniseerd)\",\"[Kadaster, Kadaster]\",\"[PPB-GVA@kadaster.nl, kcc@kadaster.nl]\",\n\"c935f2ab-9b65-4dc4-94a0-73aeb840a941\",\"Overheidsdiensten\",\"[Kamer van Koophandel, Kamer van Koophandel]\",\"[erik.simonse@kvk.nl, erik.simonse@kvk.nl]\",\n\"4783ea4f-6b8c-4600-8af0-516f3556cfe9\",\"Kaderrichtlijn Water - Register Beschermd Gebied - Schelpdierwater 2008\",\"[Rijkswaterstaat, Rijkswaterstaat, , Rijkswaterstaat, Rijkswaterstaat]\",\"[servicedesk-data@rijkswaterstaat.nl, servicedesk-data@rijkswaterstaat.nl, , servicedesk-data@rijkswaterstaat.nl, servicedesk-data@rijkswaterstaat.nl]\",\n\"7c24ea89-074e-4c4f-91e3-d38e813e9cb6\",\"Luchtfoto 2017 25cm CIR open data\",\"[Kadaster, Het Waterschapshuis, Kadaster, Eurosense, Eurosense, Eurosense, Kadaster, Kadaster]\",\"[PPB-GVA@kadaster.nl, info@hetwaterschapshuis.nl, kcc@kadaster.nl, , , , , , ]\",\n\"80630ee7-3a15-4ea0-bdc0-a8aebfa2f204\",\"Oppervlaktegeologie, Geologische kaart onder INSPIRE\",\"[TNO Geologische Dienst Nederland, TNO Geologische Dienst Nederland, TNO Geologische Dienst Nederland]\",\"[info@dinoloket.nl, info@dinoloket.nl, info@dinoloket.nl]\",\n\"2d3dd6d2-2d2b-4b5f-9e30-86e19ed77a56\",\"Bestand Bodemgebruik 2015\",\"[Centraal Bureau voor de Statistiek, Centraal Bureau voor de Statistiek, PDOK]\",\"[infoservice@cbs.nl, infoservice@cbs.nl, , , ]\",\n\"1249746f-c2a6-4639-98f2-251676b3528e\",\"Maritieme grenzen - basislijn Noordzee\",\"[Ministerie van Defensie, Koninklijke Marine, Dienst der Hydrografie, Ministerie van Defensie, Koninklijke Marine, Dienst der Hydrografie, Ministerie van Defensie, Koninklijke Marine, Dienst der Hydrografie]\",\"[data@hydro.nl, data@hydro.nl, data@hydro.nl]\",\n\"f1d27179-36eb-4376-8048-f51d2eb23a09\",\"Nederlands deel PSSA Waddenzee\",\"[Ministerie van Defensie, Koninklijke Marine, Dienst der Hydrografie, Ministerie van Defensie, Koninklijke Marine, Dienst der Hydrografie, Ministerie van Defensie, Koninklijke Marine, Dienst der Hydrografie]\",\"[data@hydro.nl, data@hydro.nl, data@hydro.nl, , ]\",\n\"5b274449-b6c2-4672-a32f-e0bd40975a53\",\"Luchtfoto 2018 25cm RGB open data\",\"[Kadaster, Het Waterschapshuis, Kadaster, Eurosense, Eurosense, Eurosense, Kadaster, Kadaster]\",\"[PPB-GVA@kadaster.nl, info@hetwaterschapshuis.nl, kcc@kadaster.nl, , , , , , ]\",\n\"krw-782cab20-8328-45f1-a9b2-c27d07c14066\",\"Kaderrichtlijn Water - Deelstroomgebieden Nederland 2019 vlakken\",\"[Rijkswaterstaat, Rijkswaterstaat, , Rijkswaterstaat, Rijkswaterstaat]\",\"[servicedesk-data@rijkswaterstaat.nl, servicedesk-data@rijkswaterstaat.nl, , servicedesk-data@rijkswaterstaat.nl, servicedesk-data@rijkswaterstaat.nl]\",\n\"e536d943-ecff-4d7a-9500-cc31a263a6af\",\"Publiekrechtelijke beperkingen\",\"[Kadaster, Kadaster]\",\"[PPB-GVA@kadaster.nl, kcc@kadaster.nl]\",\n\"4617f0e0-6af4-4ac0-9044-31df9d03071c\",\"Gebieden in de territoriale zee\",\"[Ministerie van Defensie, Koninklijke Marine, Dienst der Hydrografie, Ministerie van Defensie, Koninklijke Marine, Dienst der Hydrografie, Ministerie van Defensie, Koninklijke Marine, Dienst der Hydrografie]\",\"[data@hydro.nl, data@hydro.nl, data@hydro.nl, , ]\",\n\"0f128799-cf18-4b37-a721-e62b068191f5\",\"Gebiedsbeheer, gebieden waar beperkingen gelden, gereguleerde gebieden en rapportage-eenheden - Provincies (INSPIRE geharmoniseerd)\",\"[Interprovinciaal Overleg, Interprovinciaal Overleg, Interprovinciaal Overleg]\",\"[inspire@gbo-provincies.nl, inspire@gbo-provincies.nl, inspire@gbo-provincies.nl]\",\n\"ca94a0cb-7561-4a10-a7d6-b840e56c33ff\",\"Provinciale monumenten\",\"[Interprovinciaal Overleg, Interprovinciaal Overleg, Interprovinciaal Overleg]\",\"[inspire@gbo-provincies.nl, inspire@gbo-provincies.nl, inspire@gbo-provincies.nl]\",\n\"380aa01e-dce7-11e3-9f07-901b0e19e163\",\"Netwerk van KNMI waarneemstations\",\"[Koninklijk Nederlands Meteorologisch Instituut (KNMI), Koninklijk Nederlands Meteorologisch Instituut (KNMI), Koninklijk Nederlands Meteorologisch Instituut (KNMI)]\",\"[datacentrum@knmi.nl, datacentrum@knmi.nl, datacentrum@knmi.nl]\",\n\"f002bfc5-7d87-46b6-819e-8415422b65c9\",\"Aardkundige waarden\",\"[Interprovinciaal Overleg, Interprovinciaal Overleg, Interprovinciaal Overleg]\",\"[inspire@gbo-provincies.nl, inspire@gbo-provincies.nl, inspire@gbo-provincies.nl]\",\n\"e3b0da1e-0664-4025-b3f5-a54d74a26450\",\"zoutvelden en zoutproductieputten onder INSPIRE\",\"[TNO Geologische Dienst Nederland, TNO Geologische Dienst Nederland, TNO Geologische Dienst Nederland]\",\"[info@dinoloket.nl, info@dinoloket.nl, info@dinoloket.nl]\",\n\"dc5b522e-3e14-4738-9e8e-2401e1b19ef2\",\"Potentieel koude en warmte uit open en gesloten WKO systemen (GJ/ha.jaar)\",\"[Ministerie van Economische Zaken - GIS Competence Center, Ministerie van Economische Zaken - GIS Competence Center]\",\"[geodatabeheer.giscc@rvo.nl, geodatabeheer.giscc@rvo.nl, geodatabeheer.giscc@rvo.nl]\",\n\"4b282988-cb91-4bbc-b147-f653014917cb\",\"Hydrografie\",\"[Kadaster, Kadaster, Kadaster]\",\"[PPB-GVA@kadaster.nl, kcc@kadaster.nl, kcc@kadaster.nl]\",\n\"88a3c1ae-902e-4efa-8663-ddd836101929\",\"Werelderfgoed\",\"[Rijksdienst voor het Cultureel Erfgoed, Rijksdienst voor het Cultureel Erfgoed, Rijksdienst voor het Cultureel Erfgoed]\",\"[info@cultureelerfgoed.nl, info@cultureelerfgoed.nl, info@cultureelerfgoed.nl]\",\n\"50a2c5e6-c8e7-425d-854e-26f578196bc9\",\"Afgevoerde hoeveelheid afval in 2011 vanuit de industrie\",\"no organisationName found in dataset record\",\"[emissieregistratie@rivm.nl, , emissieregistratie@rivm.nl]\",\n\"64ff8561-5c56-4cc1-ae0e-94366fb70b7e\",\"Luchtfoto 2019 25cm RGB open data\",\"[Kadaster, Het Waterschapshuis, Kadaster, Geocart, Geocart, Geocart, Kadaster, Kadaster]\",\"[PPB-GVA@kadaster.nl, info@hetwaterschapshuis.nl, kcc@kadaster.nl, , , , , , ]\",\n\"df15af6e-0d21-4437-a69f-802be3479bba\",\"Luchtfoto 2016 25cm RGB open data\",\"[Kadaster, Het Waterschapshuis, Kadaster, Eurosense, Eurosense, Eurosense, Kadaster, Kadaster]\",\"[PPB-GVA@kadaster.nl, info@hetwaterschapshuis.nl, kcc@kadaster.nl, , , , , , ]\",\n\"10d1153e-778f-4995-9b6c-7c69b196cccb\",\"Statistical Units Vector\",\"[Statistics Netherlands, Statistics Netherlands, Statistics Netherlandds, Statistics Netherlands]\",\"[infoservice@cbs.nl, infoservice@cbs.nl, infoservice@cbs.nl, , ]\",\n\"3eebf700-5abf-42e4-826c-03cfb497e366\",\"Vervoersnetwerken\",\"[Kadaster, Kadaster, Kadaster]\",\"[PPB-GVA@kadaster.nl, kcc@kadaster.nl, kcc@kadaster.nl]\",\n\"11a292bd-9022-4a9f-b1bf-02f5c89ad74a\",\"Totale potentie aardwarmte uit aquifers, INSPIRE\",\"[TNO Geologische Dienst Nederland, TNO Geologische Dienst Nederland, TNO Geologische Dienst Nederland]\",\"[info@dinoloket.nl, info@dinoloket.nl, info@dinoloket.nl]\",\n\"6c06740d-058f-4a12-bb3f-bf68efd03d09\",\"Vervoersnetwerken - Kabelbanen (INSPIRE geharmoniseerd)\",\"[Kadaster, Kadaster]\",\"[PPB-GVA@kadaster.nl, kcc@kadaster.nl]\",\n\"7dd1fd45-ace5-41e0-93a6-64e3be231717\",\"Administratieve Eenheden (INSPIRE geharmoniseerd)\",\"[Kadaster, Kadaster]\",\"[PPB-GVA@kadaster.nl, kcc@kadaster.nl]\",\n\"8a4f5c3b-aced-48fd-afb5-f1f1d0ef21d6\",\"Omgevingsdosisequivalenttempo Nationaal Meetnet Radioactiviteit 2011\",\"no organisationName found in dataset record\",\"[geodata@rivm.nl, , geodata@rivm.nl]\",\n\"ad6caa40-89ab-47e3-85ab-3f8e32024a71\",\"Emissies naar lucht en water in 2011 vanuit de industrie\",\"no organisationName found in dataset record\",\"[emissieregistratie@rivm.nl, , emissieregistratie@rivm.nl]\",\n\"110f9ec6-4464-462e-9765-83d90cefbead\",\"Kaderrichtlijn Water - Oppervlaktewaterlichamen Nederland EU2015 vlakken\",\"[Informatiehuis Water, Informatiehuis Water, , Rijkswaterstaat, Informatiehuis Water]\",\"[servicedesk@ihw.nl, servicedesk-data@rijkswaterstaat.nl, , servicedesk-data@rijkswaterstaat.nl, servicedesk@ihw.nl]\",\n\"a04afee4-47d5-45b7-b7a0-a6f86106af11\",\"Mosselzaadinvanginstallaties\",\"no organisationName found in dataset record\",\"[geodatabeheer.giscc@rvo.nl, VR@minez.nl, geodatabeheer.giscc@rvo.nl, beheer@pdok.nl]\",\n\"e8b84fae-00b3-49c1-80c1-df8f69f64e8c\",\"EEZ volgens UNCLOS - Noordzee\",\"[Ministerie van Defensie, Koninklijke Marine, Dienst der Hydrografie, Ministerie van Defensie, Koninklijke Marine, Dienst der Hydrografie, Ministerie van Defensie, Koninklijke Marine, Dienst der Hydrografie]\",\"[data@hydro.nl, data@hydro.nl, data@hydro.nl, , ]\",\n\"bb11be63-bd38-4632-bf54-df44c423a529\",\"Territoriale Zee volgens UNCLOS - Noordzee\",\"[Ministerie van Defensie, Koninklijke Marine, Dienst der Hydrografie, Ministerie van Defensie, Koninklijke Marine, Dienst der Hydrografie, Ministerie van Defensie, Koninklijke Marine, Dienst der Hydrografie]\",\"[data@hydro.nl, data@hydro.nl, data@hydro.nl, , ]\",\n\"krm-a905-9d8e-4758-83fa-28b057f185e3\",\"Kaderrichtlijn Mariene Strategie - Rapportage eenheden Nederland EU2018\",\"[Rijkswaterstaat, Rijkswaterstaat, , Rijkswaterstaat, Rijkswaterstaat]\",\"[servicedesk-data@rijkswaterstaat.nl, servicedesk-data@rijkswaterstaat.nl, , servicedesk-data@rijkswaterstaat.nl, servicedesk-data@rijkswaterstaat.nl]\",\n\"krm-a905-9d8e-4758-83fa-28b057f185e4\",\"Kaderrichtlijn Mariene Strategie - Mariene wateren Nederland EU2018\",\"[Rijkswaterstaat, Rijkswaterstaat, , Rijkswaterstaat, Rijkswaterstaat]\",\"[servicedesk-data@rijkswaterstaat.nl, servicedesk-data@rijkswaterstaat.nl, , servicedesk-data@rijkswaterstaat.nl, servicedesk-data@rijkswaterstaat.nl]\",\n\"24de356e-ec4d-4a18-9903-6401d222b77c\",\"Vergunningen Mijnbouwwet onder INSPIRE\",\"[TNO Geologische Dienst Nederland, TNO Geologische Dienst Nederland, TNO Geologische Dienst Nederland]\",\"[info@dinoloket.nl, info@dinoloket.nl, info@dinoloket.nl]\",\n\"e1e99000-ec47-4e9f-84a5-adad24fef0dc\",\"Natuurlijke alfa activiteitsconcentratie in lucht Nationaal Meetnet Radioactiviteit 2011\",\"no organisationName found in dataset record\",\"[geodata@rivm.nl, , geodata@rivm.nl]\",\n\"19165027-a13a-4c19-9013-ec1fd191019d\",\"Wetlands (RAMSAR) (INSPIRE Geharmoniseerd)\",\"[, ]\",\"[geodatabeheer.giscc@rvo.nl, geodatabeheer.giscc@rvo.nl, geodatabeheer.giscc@rvo.nl, GeoDesk.CGI@wur.nl, beheer@pdok.nl, , ]\",\n\"32a21114-8694-40ce-ab76-9dcd885c7861\",\"Kwaliteit van drinkwater in Nederland (2012)\",\"[RIVM, ]\",\"[geodata@rivm.nl, , geodata@rivm.nl]\",\n\"73ec579e-c906-433a-b0b6-d3aa33421558\",\"Luchtvaartinformatie\",\"[Luchtverkeersleiding Nederland (LVNL), Luchtverkeersleiding Nederland (LVNL)]\",\"[AIS@LVNL.NL, AIS@LVNL.nl]\",\n\"c3c004ad-5387-4b00-a225-9afbcaa5d31b\",\"Geluidkaart hoofdspoornet 2016 (Lden)\",\"[Ministerie van IenW, Ministerie van IenW]\",\"[sylvia.koolmees@minienw.nl, sylvia.koolmees@minienw.nl]\",\n\"4e2ef670-cddd-11dd-ad8b-0800200c9a66\",\"Stads- en Dorpsgezichten\",\"[Rijksdienst voor het Cultureel Erfgoed, Rijksdienst voor het Cultureel Erfgoed, Rijksdienst voor het Cultureel Erfgoed]\",\"[info@cultureelerfgoed.nl, info@cultureelerfgoed.nl, info@cultureelerfgoed.nl]\",\n\"64c987ec-dce6-11e3-8563-901b0e19e163\",\"Actuele synoptische weerwaarnemingen KNMI Nederland per 10 minuten (24 uur)\",\"[Koninklijk Nederlands Meteorologisch Instituut (KNMI), Koninklijk Nederlands Meteorologisch Instituut (KNMI), Koninklijk Nederlands Meteorologisch Instituut (KNMI)]\",\"[datacentrum@knmi.nl, datacentrum@knmi.nl, datacentrum@knmi.nl]\",\n\"f5f68d51-2ca4-4897-8227-d393
[...]
[1.91:16] check-known-dataset-record.feature:79 - javascript evaluation failed: karate.mapWithKey(nlinks ,'link'), ReferenceError: "nlinks" is not defined in <eval> at line number 1
[1.92:16] check-known-dataset-record.feature:79 - javascript evaluation failed: karate.mapWithKey(nlinks ,'link'), ReferenceError: "nlinks" is not defined in <eval> at line number 1
[1.93:16] check-known-dataset-record.feature:47 - xpath does not exist: /GetRecordByIdResponse//@href on response
[1.94:16] check-known-dataset-record.feature:79 - javascript evaluation failed: karate.mapWithKey(nlinks ,'link'), ReferenceError: "nlinks" is not defined in <eval> at line number 1
[1.95:16] check-known-dataset-record.feature:79 - javascript evaluation failed: karate.mapWithKey(nlinks ,'link'), ReferenceError: "nlinks" is not defined in <eval> at line number 1
[1.96:16] check-known-dataset-record.feature:79 - javascript evaluation failed: karate.mapWithKey(nlinks ,'link'), ReferenceError: "nlinks" is not defined in <eval> at line number 1
[1.97:16] check-known-dataset-record.feature:79 - javascript evaluation failed: karate.mapWithKey(nlinks ,'link'), ReferenceError: "nlinks" is not defined in <eval> at line number 1
[1.98:16] check-known-dataset-record.feature:79 - javascript evaluation failed: karate.mapWithKey(nlinks ,'link'), ReferenceError: "nlinks" is not defined in <eval> at line number 1
[1.99:16] check-known-dataset-record.feature:79 - javascript evaluation failed: karate.mapWithKey(nlinks ,'link'), ReferenceError: "nlinks" is not defined in <eval> at line number 1
[1.100:16] check-known-dataset-record.feature:79 - javascript evaluation failed: karate.mapWithKey(nlinks ,'link'), ReferenceError: "nlinks" is not defined in <eval> at line number 1
[1.101:16] check-known-dataset-record.feature:79 - javascript evaluation failed: karate.mapWithKey(nlinks ,'link'), ReferenceError: "nlinks" is not defined in <eval> at line number 1
[1.102:16] check-known-dataset-record.feature:79 - javascript evaluation failed: karate.mapWithKey(nlinks ,'link'), ReferenceError: "nlinks" is not defined in <eval> at line number 1
[1.103:16] check-known-dataset-record.feature:79 - javascript evaluation failed: karate.mapWithKey(nlinks ,'link'), ReferenceError: "nlinks" is not defined in <eval> at line number 1
[1.104:16] check-known-dataset-record.feature:79 - javascript evaluation failed: karate.mapWithKey(nlinks ,'link'), ReferenceError: "nlinks" is not defined in <eval> at line number 1
[1.105:16] check-known-dataset-record.feature:79 - javascript evaluation failed: karate.mapWithKey(nlinks ,'link'), ReferenceError: "nlinks" is not defined in <eval> at line number 1
[1.106:16] check-known-dataset-record.feature:79 - javascript evaluation failed: karate.mapWithKey(nlinks ,'link'), ReferenceError: "nlinks" is not defined in <eval> at line number 1
[1.107:16] check-known-dataset-record.feature:79 - javascript evaluation failed: karate.mapWithKey(nlinks ,'link'), ReferenceError: "nlinks" is not defined in <eval> at line number 1
[1.108:16] check-known-dataset-record.feature:79 - javascript evaluation failed: karate.mapWithKey(nlinks ,'link'), ReferenceError: "nlinks" is not defined in <eval> at line number 1
[1.109:16] check-known-dataset-record.feature:79 - javascript evaluation failed: karate.mapWithKey(nlinks ,'link'), ReferenceError: "nlinks" is not defined in <eval> at line number 1
[1.110:16] check-known-dataset-record.feature:79 - javascript evaluation failed: karate.mapWithKey(nlinks ,'link'), ReferenceError: "nlinks" is not defined in <eval> at line number 1
[1.111:16] check-known-dataset-record.feature:79 - javascript evaluation failed: karate.mapWithKey(nlinks ,'link'), ReferenceError: "nlinks" is not defined in <eval> at line number 1
[1.112:16] check-known-dataset-record.feature:79 - javascript evaluation failed: karate.mapWithKey(nlinks ,'link'), ReferenceError: "nlinks" is not defined in <eval> at line number 1
[1.113:16] check-known-dataset-record.feature:79 - javascript evaluation failed: karate.mapWithKey(nlinks ,'link'), ReferenceError: "nlinks" is not defined in <eval> at line number 1
[1.114:16] check-known-dataset-record.feature:79 - javascript evaluation failed: karate.mapWithKey(nlinks ,'link'), ReferenceError: "nlinks" is not defined in <eval> at line number 1
[1.115:16] check-known-dataset-record.feature:79 - javascript evaluation failed: karate.mapWithKey(nlinks ,'link'), ReferenceError: "nlinks" is not defined in <eval> at line number 1
[1.116:16] check-known-dataset-record.feature:79 - javascript evaluation failed: karate.mapWithKey(nlinks ,'link'), ReferenceError: "nlinks" is not defined in <eval> at line number 1
[1.117:16] check-known-dataset-record.feature:79 - javascript evaluation failed: karate.mapWithKey(nlinks ,'link'), ReferenceError: "nlinks" is not defined in <eval> at line number 1
[1.118:16] check-known-dataset-record.feature:79 - javascript evaluation failed: karate.mapWithKey(nlinks ,'link'), ReferenceError: "nlinks" is not defined in <eval> at line number 1
[1.119:16] check-known-dataset-record.feature:79 - javascript evaluation failed: karate.mapWithKey(nlinks ,'link'), ReferenceError: "nlinks" is not defined in <eval> at line number 1
[1.120:16] check-known-dataset-record.feature:79 - javascript evaluation failed: karate.mapWithKey(nlinks ,'link'), ReferenceError: "nlinks" is not defined in <eval> at line number 1
[1.121:16] check-known-dataset-record.feature:79 - javascript evaluation failed: karate.mapWithKey(nlinks ,'link'), ReferenceError: "nlinks" is not defined in <eval> at line number 1
[1.122:16] check-known-dataset-record.feature:79 - javascript evaluation failed: karate.mapWithKey(nlinks ,'link'), ReferenceError: "nlinks" is not defined in <eval> at line number 1
[1.123:16] check-known-dataset-record.feature:79 - javascript evaluation failed: karate.mapWithKey(nlinks ,'link'), ReferenceError: "nlinks" is not defined in <eval> at line number 1
[1.124:16] check-known-dataset-record.feature:79 - javascript evaluation failed: karate.mapWithKey(nlinks ,'link'), ReferenceError: "nlinks" is not defined in <eval> at line number 1
[1.125:16] check-known-dataset-record.feature:79 - javascript evaluation failed: karate.mapWithKey(nlinks ,'link'), ReferenceError: "nlinks" is not defined in <eval> at line number 1
[1.126:16] check-known-dataset-record.feature:79 - javascript evaluation failed: karate.mapWithKey(nlinks ,'link'), ReferenceError: "nlinks" is not defined in <eval> at line number 1
[1.127:16] check-known-dataset-record.feature:79 - javascript evaluation failed: karate.mapWithKey(nlinks ,'link'), ReferenceError: "nlinks" is not defined in <eval> at line number 1
[1.128:16] check-known-dataset-record.feature:79 - javascript evaluation failed: karate.mapWithKey(nlinks ,'link'), ReferenceError: "nlinks" is not defined in <eval> at line number 1
[1.129:16] check-known-dataset-record.feature:79 - javascript evaluation failed: karate.mapWithKey(nlinks ,'link'), ReferenceError: "nlinks" is not defined in <eval> at line number 1
[1.130:16] check-known-dataset-record.feature:79 - javascript evaluation failed: karate.mapWithKey(nlinks ,'link'), ReferenceError: "nlinks" is not defined in <eval> at line number 1
[1.131:16] check-known-dataset-record.feature:79 - javascript evaluation failed: karate.mapWithKey(nlinks ,'link'), ReferenceError: "nlinks" is not defined in <eval> at line number 1
[1.132:16] check-known-dataset-record.feature:79 - javascript evaluation failed: karate.mapWithKey(nlinks ,'link'), ReferenceError: "nlinks" is not defined in <eval> at line number 1
[1.133:16] check-known-dataset-record.feature:79 - javascript evaluation failed: karate.mapWithKey(nlinks ,'link'), ReferenceError: "nlinks" is not defined in <eval> at line number 1
[1.134:16] check-known-dataset-record.feature:79 - javascript evaluation failed: karate.mapWithKey(nlinks ,'link'), ReferenceError: "nlinks" is not defined in <eval> at line number 1
[1.135:16] check-known-dataset-record.feature:79 - javascript evaluation failed: karate.mapWithKey(nlinks ,'link'), ReferenceError: "nlinks" is not defined in <eval> at line number 1
[1.136:16] check-known-dataset-record.feature:79 - javascript evaluation failed: karate.mapWithKey(nlinks ,'link'), ReferenceError: "nlinks" is not defined in <eval> at line number 1
[1.137:16] check-known-dataset-record.feature:79 - javascript evaluation failed: karate.mapWithKey(nlinks ,'link'), ReferenceError: "nlinks" is not defined in <eval> at line number 1
[1.138:16] check-known-dataset-record.feature:79 - javascript evaluation failed: karate.mapWithKey(nlinks ,'link'), ReferenceError: "nlinks" is not defined in <eval> at line number 1
[1.139:16] check-known-dataset-record.feature:79 - javascript evaluation failed: karate.mapWithKey(nlinks ,'link'), ReferenceError: "nlinks" is not defined in <eval> at line number 1
[1.140:16] check-known-dataset-record.feature:79 - javascript evaluation failed: karate.mapWithKey(nlinks ,'link'), ReferenceError: "nlinks" is not defined in <eval> at line number 1
[1.141:16] check-known-dataset-record.feature:79 - javascript evaluation failed: karate.mapWithKey(nlinks ,'link'), ReferenceError: "nlinks" is not defined in <eval> at line number 1
[1.142:16] check-known-dataset-record.feature:47 - xpath does not exist: /GetRecordByIdResponse//@href on response
[1.143:16] check-known-dataset-record.feature:79 - javascript evaluation failed: karate.mapWithKey(nlinks ,'link'), ReferenceError: "nlinks" is not defined in <eval> at line number 1
[1.144:16] check-known-dataset-record.feature:79 - javascript evaluation failed: karate.mapWithKey(nlinks ,'link'), ReferenceError: "nlinks" is not defined in <eval> at line number 1
[1.145:16] check-known-dataset-record.feature:79 - javascript evaluation failed: karate.mapWithKey(nlinks ,'link'), ReferenceError: "nlinks" is not defined in <eval> at line number 1
[1.146:16] check-known-dataset-record.feature:79 - javascript evaluation failed: karate.mapWithKey(nlinks ,'link'), ReferenceError: "nlinks" is not defined in <eval> at line number 1
[1.147:16] check-known-dataset-record.feature:79 - javascript evaluation failed: karate.mapWithKey(nlinks ,'link'), ReferenceError: "nlinks" is not defined in <eval> at line number 1
[1.148:16] check-known-dataset-record.feature:79 - javascript evaluation failed: karate.mapWithKey(nlinks ,'link'), ReferenceError: "nlinks" is not defined in <eval> at line number 1
[1.149:16] check-known-dataset-record.feature:79 - javascript evaluation failed: karate.mapWithKey(nlinks ,'link'), ReferenceError: "nlinks" is not defined in <eval> at line number 1
[1.150:16] check-known-dataset-record.feature:79 - javascript evaluation failed: karate.mapWithKey(nlinks ,'link'), ReferenceError: "nlinks" is not defined in <eval> at line number 1
[1.151:16] check-known-dataset-record.feature:79 - javascript evaluation failed: karate.mapWithKey(nlinks ,'link'), ReferenceError: "nlinks" is not defined in <eval> at line number 1
[1.152:16] check-known-dataset-record.feature:79 - javascript evaluation failed: karate.mapWithKey(nlinks ,'link'), ReferenceError: "nlinks" is not defined in <eval> at line number 1
[1.153:16] check-known-dataset-record.feature:79 - javascript evaluation failed: karate.mapWithKey(nlinks ,'link'), ReferenceError: "nlinks" is not defined in <eval> at line number 1
[1.154:16] check-known-dataset-record.feature:79 - javascript evaluation failed: karate.mapWithKey(nlinks ,'link'), ReferenceError: "nlinks" is not defined in <eval> at line number 1
[1.155:16] check-known-dataset-record.feature:79 - javascript evaluation failed: karate.mapWithKey(nlinks ,'link'), ReferenceError: "nlinks" is not defined in <eval> at line number 1
[1.156:16] check-known-dataset-record.feature:79 - javascript evaluation failed: karate.mapWithKey(nlinks ,'link'), ReferenceError: "nlinks" is not defined in <eval> at line number 1
[1.157:16] check-known-dataset-record.feature:79 - javascript evaluation failed: karate.mapWithKey(nlinks ,'link'), ReferenceError: "nlinks" is not defined in <eval> at line number 1
[1.158:16] check-known-dataset-record.feature:79 - javascript evaluation failed: karate.mapWithKey(nlinks ,'link'), ReferenceError: "nlinks" is not defined in <eval> at line number 1
[1.159:16] check-known-dataset-record.feature:79 - javascript evaluation failed: karate.mapWithKey(nlinks ,'link'), ReferenceError: "nlinks" is not defined in <eval> at line number 1
[1.160:16] check-known-dataset-record.feature:79 - javascript evaluation failed: karate.mapWithKey(nlinks ,'link'), ReferenceError: "nlinks" is not defined in <eval> at line number 1
[1.161:16] check-known-dataset-record.feature:79 - javascript evaluation failed: karate.mapWithKey(nlinks ,'link'), ReferenceError: "nlinks" is not defined in <eval> at line number 1
[1.162:16] check-known-dataset-record.feature:79 - javascript evaluation failed: karate.mapWithKey(nlinks ,'link'), ReferenceError: "nlinks" is not defined in <eval> at line number 1
[1.163:16] check-known-dataset-record.feature:79 - javascript evaluation failed: karate.mapWithKey(nlinks ,'link'), ReferenceError: "nlinks" is not defined in <eval> at line number 1
[1.164:16] check-known-dataset-record.feature:79 - javascript evaluation failed: karate.mapWithKey(nlinks ,'link'), ReferenceError: "nlinks" is not defined in <eval> at line number 1
[1.165:16] check-known-dataset-record.feature:79 - javascript evaluation failed: karate.mapWithKey(nlinks ,'link'), ReferenceError: "nlinks" is not defined in <eval> at line number 1
[1.166:16] check-known-dataset-record.feature:79 - javascript evaluation failed: karate.mapWithKey(nlinks ,'link'), ReferenceError: "nlinks" is not defined in <eval> at line number 1
[1.167:16] check-known-dataset-record.feature:79 - javascript evaluation failed: karate.mapWithKey(nlinks ,'link'), ReferenceError: "nlinks" is not defined in <eval> at line number 1
[1.168:16] check-known-dataset-record.feature:79 - javascript evaluation failed: karate.mapWithKey(nlinks ,'link'), ReferenceError: "nlinks" is not defined in <eval> at line number 1
[1.169:16] check-known-dataset-record.feature:79 - javascript evaluation failed: karate.mapWithKey(nlinks ,'link'), ReferenceError: "nlinks" is not defined in <eval> at line number 1
[1.170:16] check-known-dataset-record.feature:79 - javascript evaluation failed: karate.mapWithKey(nlinks ,'link'), ReferenceError: "nlinks" is not defined in <eval> at line number 1
[1.171:16] check-known-dataset-record.feature:79 - javascript evaluation failed: karate.mapWithKey(nlinks ,'link'), ReferenceError: "nlinks" is not defined in <eval> at line number 1
[1.172:16] check-known-dataset-record.feature:79 - javascript evaluation failed: karate.mapWithKey(nlinks ,'link'), ReferenceError: "nlinks" is not defined in <eval> at line number 1
[1.173:16] check-known-dataset-record.feature:79 - javascript evaluation failed: karate.mapWithKey(nlinks ,'link'), ReferenceError: "nlinks" is not defined in <eval> at line number 1
[1.174:16] check-known-dataset-record.feature:79 - javascript evaluation failed: karate.mapWithKey(nlinks ,'link'), ReferenceError: "nlinks" is not defined in <eval> at line number 1
[1.175:16] check-known-dataset-record.feature:79 - javascript evaluation failed: karate.mapWithKey(nlinks ,'link'), ReferenceError: "nlinks" is not defined in <eval> at line number 1
[1.176:16] check-known-dataset-record.feature:79 - javascript evaluation failed: karate.mapWithKey(nlinks ,'link'), ReferenceError: "nlinks" is not defined in <eval> at line number 1
[1.177:16] check-known-dataset-record.feature:79 - javascript evaluation failed: karate.mapWithKey(nlinks ,'link'), ReferenceError: "nlinks" is not defined in <eval> at line number 1
[1.178:16] check-known-dataset-record.feature:79 - javascript evaluation failed: karate.mapWithKey(nlinks ,'link'), ReferenceError: "nlinks" is not defined in <eval> at line number 1
[1.179:16] check-known-dataset-record.feature:79 - javascript evaluation failed: karate.mapWithKey(nlinks ,'link'), ReferenceError: "nlinks" is not defined in <eval> at line number 1
[1.180:16] check-known-dataset-record.feature:79 - javascript evaluation failed: karate.mapWithKey(nlinks ,'link'), ReferenceError: "nlinks" is not defined in <eval> at line number 1
[1.181:16] check-known-dataset-record.feature:79 - javascript evaluation failed: karate.mapWithKey(nlinks ,'link'), ReferenceError: "nlinks" is not defined in <eval> at line number 1
[1.182:16] check-known-dataset-record.feature:79 - javascript evaluation failed: karate.mapWithKey(nlinks ,'link'), ReferenceError: "nlinks" is not defined in <eval> at line number 1
[1.183:16] check-known-dataset-record.feature:79 - javascript evaluation failed: karate.mapWithKey(nlinks ,'link'), ReferenceError: "nlinks" is not defined in <eval> at line number 1
[1.184:16] check-known-dataset-record.feature:79 - javascript evaluation failed: karate.mapWithKey(nlinks ,'link'), ReferenceError: "nlinks" is not defined in <eval> at line number 1
[1.185:16] check-known-dataset-record.feature:79 - javascript evaluation failed: karate.mapWithKey(nlinks ,'link'), ReferenceError: "nlinks" is not defined in <eval> at line number 1
[1.186:16] check-known-dataset-record.feature:79 - javascript evaluation failed: karate.mapWithKey(nlinks ,'link'), ReferenceError: "nlinks" is not defined in <eval> at line number 1
[1.187:16] check-known-dataset-record.feature:79 - javascript evaluation failed: karate.mapWithKey(nlinks ,'link'), ReferenceError: "nlinks" is not defined in <eval> at line number 1
[1.188:16] check-known-dataset-record.feature:79 - javascript evaluation failed: karate.mapWithKey(nlinks ,'link'), ReferenceError: "nlinks" is not defined in <eval> at line number 1
[1.189:16] check-known-dataset-record.feature:79 - javascript evaluation failed: karate.mapWithKey(nlinks ,'link'), ReferenceError: "nlinks" is not defined in <eval> at line number 1
[1.190:16] check-known-dataset-record.feature:79 - javascript evaluation failed: karate.mapWithKey(nlinks ,'link'), ReferenceError: "nlinks" is not defined in <eval> at line number 1
[1.191:16] check-known-dataset-record.feature:79 - javascript evaluation failed: karate.mapWithKey(nlinks ,'link'), ReferenceError: "nlinks" is not defined in <eval> at line number 1
[1.192:16] check-known-dataset-record.feature:79 - javascript evaluation failed: karate.mapWithKey(nlinks ,'link'), ReferenceError: "nlinks" is not defined in <eval> at line number 1
[1.193:16] check-known-dataset-record.feature:79 - javascript evaluation failed: karate.mapWithKey(nlinks ,'link'), ReferenceError: "nlinks" is not defined in <eval> at line number 1
[1.194:16] check-known-dataset-record.feature:79 - javascript evaluation failed: karate.mapWithKey(nlinks ,'link'), ReferenceError: "nlinks" is not defined in <eval> at line number 1
[1.195:16] check-known-dataset-record.feature:79 - javascript evaluation failed: karate.mapWithKey(nlinks ,'link'), ReferenceError: "nlinks" is not defined in <eval> at line number 1
[1.196:16] check-known-dataset-record.feature:79 - javascript evaluation failed: karate.mapWithKey(nlinks ,'link'), ReferenceError: "nlinks" is not defined in <eval> at line number 1
[1.197:16] check-known-dataset-record.feature:79 - javascript evaluation failed: karate.mapWithKey(nlinks ,'link'), ReferenceError: "nlinks" is not defined in <eval> at line number 1

]]></system-out>
    <system-err><![CDATA[Warning: Nashorn engine is planned to be removed from a future JDK release
ERROR StatusLogger No log4j2 configuration file found. Using default configuration: logging only errors to the console. Set system property 'org.apache.logging.log4j.simplelog.StatusLogger.level' to TRACE to show Log4j2 internal initialization logging.
]]></system-err>
  </testcase>
</testsuite>