<?xml version="1.0" encoding="UTF-8"?>
<testsuite xmlns:xsi="http://www.w3.org/2001/XMLSchema-instance" xsi:noNamespaceSchemaLocation="https://maven.apache.org/surefire/maven-surefire-plugin/xsd/surefire-test-report-3.0.xsd" version="3.0" name="InspireTest.TestAll" time="5.327" tests="1" errors="0" skipped="0" failures="1">
  <properties>
[...]
</properties>
  <testcase name="testParallel" classname="InspireTest.TestAll" time="5.287">
    <failure type="org.opentest4j.AssertionFailedError"><![CDATA[org.opentest4j.AssertionFailedError: 
failed features:
InspireTest.ngr.T01_ids.ngr-check-dataset-record: [1:14] ngr-check-dataset-record.feature:14 - could not find or read file: null:ids.json
 ==> expected: <0> but was: <1>
	at InspireTest.TestAll.testParallel(InspireTest.java:27)
]]></failure>
    <system-out><![CDATA[10:18:57.985 [main] INFO  com.intuit.karate.RunnerOptions - found system property 'karate.options': --tags @step1
10:18:58.779 [main] INFO  com.intuit.karate.Runner - waiting for parallel features to complete ...
10:18:59.078 [ForkJoinPool-1-worker-3] INFO  com.intuit.karate - karate.env system property was:  
10:18:59.077 [ForkJoinPool-1-worker-5] INFO  com.intuit.karate - karate.env system property was:  
10:18:59.083 [ForkJoinPool-1-worker-7] INFO  com.intuit.karate - karate.env system property was:  
10:18:59.125 [pool-1-thread-4] INFO  com.intuit.karate - karate.env system property was:  
10:18:59.403 [ForkJoinPool-1-worker-5] INFO  com.intuit.karate - >> lock acquired, begin callonce: read('classpath:InspireTest/def/writedatasetcsvheader.template.feature')
10:18:59.405 [ForkJoinPool-1-worker-3] INFO  com.intuit.karate - >> lock acquired, begin callonce: read('classpath:InspireTest/def/writedatasetcsvheader.template.feature')
10:18:59.471 [ForkJoinPool-1-worker-5] INFO  com.intuit.karate - << lock released, cached callonce: read('classpath:InspireTest/def/writedatasetcsvheader.template.feature')
10:18:59.472 [ForkJoinPool-1-worker-3] INFO  com.intuit.karate - << lock released, cached callonce: read('classpath:InspireTest/def/writedatasetcsvheader.template.feature')
10:18:59.472 [ForkJoinPool-1-worker-7] INFO  com.intuit.karate - >> lock acquired, begin callonce: read('classpath:InspireTest/def/getcswbriefrecords.feature')
10:18:59.520 [pool-1-thread-4] INFO  com.intuit.karate - [print] null:ids.json
10:18:59.638 [pool-1-thread-4] INFO  com.intuit.karate.Runner - <<fail>> feature 4 of 14: classpath:InspireTest/ngr/T01_ids/ngr-check-dataset-record.feature
---------------------------------------------------------
feature: classpath:InspireTest/ngr/T01_ids/ngr-check-dataset-record.feature
report: target/surefire-reports/InspireTest.ngr.T01_ids.ngr-check-dataset-record.json
scenarios:  1 | passed:  0 | failed:  1 | time: 0.0848
---------------------------------------------------------
10:18:59.644 [pool-1-thread-5] INFO  com.intuit.karate.Runner - <<pass>> feature 5 of 14: classpath:InspireTest/ngr/T01_ids/ngr-write-header.feature
---------------------------------------------------------
feature: classpath:InspireTest/ngr/T01_ids/ngr-write-header.feature
report: target/surefire-reports/InspireTest.ngr.T01_ids.ngr-write-header.json
scenarios:  1 | passed:  1 | failed:  0 | time: 0.0736
---------------------------------------------------------
10:19:01.779 [ForkJoinPool-1-worker-7] INFO  com.intuit.karate - [print] null:ids.json
10:19:01.824 [ForkJoinPool-1-worker-7] INFO  com.intuit.karate - << lock released, cached callonce: read('classpath:InspireTest/def/getcswbriefrecords.feature')
10:19:01.828 [pool-1-thread-6] INFO  com.intuit.karate.Runner - <<pass>> feature 6 of 14: classpath:InspireTest/ngr/T01_ids/ngr-do-once.feature
---------------------------------------------------------
feature: classpath:InspireTest/ngr/T01_ids/ngr-do-once.feature
report: target/surefire-reports/InspireTest.ngr.T01_ids.ngr-do-once.json
scenarios:  2 | passed:  2 | failed:  0 | time: 2.4989
---------------------------------------------------------

HTML report: (paste into browser to view) | Karate version: 0.9.6
file:/home/runner/work/nl-ngr-validation/nl-ngr-validation/target/surefire-reports/karate-summary.html
===================================================================

Karate version: 0.9.6
======================================================
elapsed:   3.86 | threads:    6 | thread time: 2.66 
features:     3 | ignored:   11 | efficiency: 0.11
scenarios:    4 | passed:     3 | failed: 1
======================================================
failed features:
InspireTest.ngr.T01_ids.ngr-check-dataset-record: [1:14] ngr-check-dataset-record.feature:14 - could not find or read file: null:ids.json

]]></system-out>
    <system-err><![CDATA[Warning: Nashorn engine is planned to be removed from a future JDK release
ERROR StatusLogger No log4j2 configuration file found. Using default configuration: logging only errors to the console. Set system property 'org.apache.logging.log4j.simplelog.StatusLogger.level' to TRACE to show Log4j2 internal initialization logging.
]]></system-err>
  </testcase>
</testsuite>