<?xml version="1.0" encoding="UTF-8"?>
<testsuite xmlns:xsi="http://www.w3.org/2001/XMLSchema-instance" xsi:noNamespaceSchemaLocation="https://maven.apache.org/surefire/maven-surefire-plugin/xsd/surefire-test-report-3.0.xsd" version="3.0" name="InspireTest.TestAll" time="192.115" tests="2" errors="0" skipped="0" failures="1">
  <properties>
[...]
</properties>
  <testcase name="T01_ids" classname="InspireTest.TestAll" time="61.042">
    <system-out><![CDATA[Cleaning: /home/runner/work/nl-ngr-validation/nl-ngr-validation/output
Cleaning: /home/runner/work/nl-ngr-validation/nl-ngr-validation/output/T01_Ids
start T01_Ids single paralell run :/home/runner/work/nl-ngr-validation/nl-ngr-validation/src/test/java/InspireTest/ngr/T01_Ids.feature
06:39:53.659 [main] INFO  com.intuit.karate.Runner - waiting for parallel features to complete ...
06:39:53.846 [ForkJoinPool-1-worker-51] INFO  com.intuit.karate - karate.env system property was:  
06:40:53.947 [pool-2-thread-1] INFO  com.intuit.karate.Runner - <<pass>> feature 1 of 1: src/test/java/InspireTest/ngr/T01_Ids.feature
---------------------------------------------------------
feature: src/test/java/InspireTest/ngr/T01_Ids.feature
report: /home/runner/work/nl-ngr-validation/nl-ngr-validation/target/surefire-reports/src.test.java.InspireTest.ngr.T01_Ids.json
scenarios:  1 | passed:  1 | failed:  0 | time: 59.7050
---------------------------------------------------------

HTML report: (paste into browser to view) | Karate version: 0.9.6
file:/home/runner/work/nl-ngr-validation/nl-ngr-validation/target/surefire-reports/karate-summary.html
===================================================================

Karate version: 0.9.6
======================================================
elapsed:  60.70 | threads:   24 | thread time: 59.71 
features:     1 | ignored:    0 | efficiency: 0.04
scenarios:    1 | passed:     1 | failed: 0
======================================================

]]></system-out>
    <system-err><![CDATA[Warning: Nashorn engine is planned to be removed from a future JDK release
]]></system-err>
  </testcase>
  <testcase name="T02" classname="InspireTest.TestAll" time="129.386">
    <failure type="org.opentest4j.AssertionFailedError"><![CDATA[org.opentest4j.AssertionFailedError: 
failed features:
src.test.java.InspireTest.ngr.T02_Datasets: [1.104:22] T02_Datasets.feature:30 - 
java.net.SocketTimeoutException: Read timed out
[1.105:22] T02_Datasets.feature:30 - 
java.net.SocketTimeoutException: Read timed out
[1.106:22] T02_Datasets.feature:30 - 
java.net.SocketTimeoutException: Read timed out
[1.107:22] T02_Datasets.feature:30 - 
java.net.SocketTimeoutException: Read timed out
[1.108:22] T02_Datasets.feature:30 - 
java.net.SocketTimeoutException: Read timed out
[1.109:22] T02_Datasets.feature:30 - 
java.net.SocketTimeoutException: Read timed out
[1.110:22] T02_Datasets.feature:30 - 
java.net.SocketTimeoutException: Read timed out
[1.111:22] T02_Datasets.feature:30 - 
java.net.SocketTimeoutException: Read timed out
[1.112:22] T02_Datasets.feature:30 - 
java.net.SocketTimeoutException: Read timed out
[1.113:22] T02_Datasets.feature:30 - 
java.net.SocketTimeoutException: Read timed out
[1.114:22] T02_Datasets.feature:30 - 
java.net.SocketTimeoutException: Read timed out
[1.115:22] T02_Datasets.feature:30 - 
java.net.SocketTimeoutException: Read timed out
[1.116:22] T02_Datasets.feature:30 - 
java.net.SocketTimeoutException: Read timed out
[1.117:22] T02_Datasets.feature:30 - 
java.net.SocketTimeoutException: Read timed out
[1.118:22] T02_Datasets.feature:30 - 
java.net.SocketTimeoutException: Read timed out
[1.119:22] T02_Datasets.feature:30 - 
java.net.SocketTimeoutException: Read timed out
[1.120:22] T02_Datasets.feature:30 - 
java.net.SocketTimeoutException: Read timed out
[1.121:22] T02_Datasets.feature:30 - 
java.net.SocketTimeoutException: Read timed out
[1.122:22] T02_Datasets.feature:30 - 
java.net.SocketTimeoutException: Read timed out
[1.123:22] T02_Datasets.feature:30 - 
java.net.SocketTimeoutException: Read timed out
[1.124:22] T02_Datasets.feature:30 - 
java.net.SocketTimeoutException: Read timed out
[1.125:22] T02_Datasets.feature:30 - 
java.net.SocketTimeoutException: Read timed out
[1.126:22] T02_Datasets.feature:30 - 
java.net.SocketTimeoutException: Read timed out
[1.127:22] T02_Datasets.feature:30 - 
java.net.SocketTimeoutException: Read timed out
[1.128:22] T02_Datasets.feature:30 - 
java.net.SocketTimeoutException: Read timed out
[1.129:22] T02_Datasets.feature:30 - 
java.net.SocketTimeoutException: Read timed out
[1.130:22] T02_Datasets.feature:30 - 
java.net.SocketTimeoutException: Read timed out
[1.131:22] T02_Datasets.feature:30 - 
java.net.SocketTimeoutException: Read timed out
[1.132:22] T02_Datasets.feature:30 - 
java.net.SocketTimeoutException: Read timed out
[1.133:22] T02_Datasets.feature:30 - 
java.net.SocketTimeoutException: Read timed out
[1.134:22] T02_Datasets.feature:30 - 
java.net.SocketTimeoutException: Read timed out
[1.135:22] T02_Datasets.feature:30 - 
java.net.SocketTimeoutException: Read timed out
[1.136:22] T02_Datasets.feature:30 - 
java.net.SocketTimeoutException: Read timed out
[1.137:22] T02_Datasets.feature:30 - 
java.net.SocketTimeoutException: Read timed out
[1.138:22] T02_Datasets.feature:30 - 
java.net.SocketTimeoutException: Read timed out
[1.139:22] T02_Datasets.feature:30 - 
java.net.SocketTimeoutException: Read timed out
[1.140:22] T02_Datasets.feature:30 - 
java.net.SocketTimeoutException: Read timed out
[1.141:22] T02_Datasets.feature:30 - 
java.net.SocketTimeoutException: Read timed out
[1.142:22] T02_Datasets.feature:30 - 
java.net.SocketTimeoutException: Read timed out
[1.143:22] T02_Datasets.feature:30 - 
java.net.SocketTimeoutException: Read timed out
[1.144:22] T02_Datasets.feature:30 - 
java.net.SocketTimeoutException: Read timed out
[1.145:22] T02_Datasets.feature:30 - 
java.net.SocketTimeoutException: Read timed out
[1.146:22] T02_Datasets.feature:30 - 
java.net.SocketTimeoutException: Read timed out
[1.147:22] T02_Datasets.feature:30 - 
java.net.SocketTimeoutException: Read timed out
[1.148:22] T02_Datasets.feature:30 - 
java.net.SocketTimeoutException: Read timed out
[1.149:22] T02_Datasets.feature:30 - 
java.net.SocketTimeoutException: Read timed out
[1.150:22] T02_Datasets.feature:30 - 
java.net.SocketTimeoutException: Read timed out
[1.151:22] T02_Datasets.feature:30 - 
java.net.SocketTimeoutException: Read timed out
[1.152:22] T02_Datasets.feature:30 - 
java.net.SocketTimeoutException: Read timed out
[1.153:22] T02_Datasets.feature:30 - 
java.net.SocketTimeoutException: Read timed out
[1.154:22] T02_Datasets.feature:30 - 
java.net.SocketTimeoutException: Read timed out
[1.155:22] T02_Datasets.feature:30 - 
java.net.SocketTimeoutException: Read timed out
[1.156:22] T02_Datasets.feature:30 - 
java.net.SocketTimeoutException: Read timed out
[1.157:22] T02_Datasets.feature:30 - 
java.net.SocketTimeoutException: Read timed out
[1.158:22] T02_Datasets.feature:30 - 
java.net.SocketTimeoutException: Read timed out
[1.159:22] T02_Datasets.feature:30 - 
java.net.SocketTimeoutException: Read timed out
[1.160:22] T02_Datasets.feature:30 - 
java.net.SocketTimeoutException: Read timed out
[1.161:22] T02_Datasets.feature:30 - 
java.net.SocketTimeoutException: Read timed out
[1.162:22] T02_Datasets.feature:30 - 
java.net.SocketTimeoutException: Read timed out
[1.163:22] T02_Datasets.feature:30 - 
java.net.SocketTimeoutException: Read timed out
[1.164:22] T02_Datasets.feature:30 - 
java.net.SocketTimeoutException: Read timed out
[1.165:22] T02_Datasets.feature:30 - 
java.net.SocketTimeoutException: Read timed out
[1.166:22] T02_Datasets.feature:30 - 
java.net.SocketTimeoutException: Read timed out
[1.167:22] T02_Datasets.feature:30 - 
java.net.SocketTimeoutException: Read timed out
[1.168:22] T02_Datasets.feature:30 - 
java.net.SocketTimeoutException: Read timed out
[1.169:22] T02_Datasets.feature:30 - 
java.net.SocketTimeoutException: Read timed out
[1.170:22] T02_Datasets.feature:30 - 
java.net.SocketTimeoutException: Read timed out
[1.171:22] T02_Datasets.feature:30 - 
java.net.SocketTimeoutException: Read timed out
[1.172:22] T02_Datasets.feature:30 - 
java.net.SocketTimeoutException: Read timed out
[1.173:22] T02_Datasets.feature:30 - 
java.net.SocketTimeoutException: Read timed out
[1.174:22] T02_Datasets.feature:30 - 
java.net.SocketTimeoutException: Read timed out
[1.175:22] T02_Datasets.feature:30 - 
java.net.SocketTimeoutException: Read timed out
[1.176:22] T02_Datasets.feature:30 - 
java.net.SocketTimeoutException: Read timed out
[1.177:22] T02_Datasets.feature:30 - 
java.net.SocketTimeoutException: Read timed out
[1.178:22] T02_Datasets.feature:30 - 
java.net.SocketTimeoutException: Read timed out
[1.179:22] T02_Datasets.feature:30 - 
java.net.SocketTimeoutException: Read timed out
[1.180:22] T02_Datasets.feature:30 - 
java.net.SocketTimeoutException: Read timed out
[1.181:22] T02_Datasets.feature:30 - 
java.net.SocketTimeoutException: Read timed out
[1.182:22] T02_Datasets.feature:30 - 
java.net.SocketTimeoutException: Read timed out
[1.183:22] T02_Datasets.feature:30 - 
java.net.SocketTimeoutException: Read timed out
[1.184:22] T02_Datasets.feature:30 - 
java.net.SocketTimeoutException: Read timed out
[1.185:22] T02_Datasets.feature:30 - 
java.net.SocketTimeoutException: Read timed out
[1.186:22] T02_Datasets.feature:30 - 
java.net.SocketTimeoutException: Read timed out
[1.187:22] T02_Datasets.feature:30 - 
java.net.SocketTimeoutException: Read timed out
[1.188:22] T02_Datasets.feature:30 - 
java.net.SocketTimeoutException: Read timed out
[1.189:22] T02_Datasets.feature:30 - 
java.net.SocketTimeoutException: Read timed out
[1.190:22] T02_Datasets.feature:30 - 
java.net.SocketTimeoutException: Read timed out
[1.191:22] T02_Datasets.feature:30 - 
java.net.SocketTimeoutException: Read timed out
[1.192:22] T02_Datasets.feature:30 - 
java.net.SocketTimeoutException: Read timed out
[1.193:22] T02_Datasets.feature:30 - 
java.net.SocketTimeoutException: Read timed out
[1.194:22] T02_Datasets.feature:30 - 
java.net.SocketTimeoutException: Read timed out
[1.195:22] T02_Datasets.feature:30 - 
java.net.SocketTimeoutException: Read timed out
[1.196:22] T02_Datasets.feature:30 - 
java.net.SocketTimeoutException: Read timed out
[1.197:22] T02_Datasets.feature:30 - 
java.net.SocketTimeoutException: Read timed out
 ==> expected: <0> but was: <94>
	at InspireTest.TestAll.runtest(InspireTest.java:97)
	at InspireTest.TestAll.T02(InspireTest.java:62)
]]></failure>
    <system-out><![CDATA[Cleaning: /home/runner/work/nl-ngr-validation/nl-ngr-validation/output/T02_Datasets
start T02_Datasets single paralell run :/home/runner/work/nl-ngr-validation/nl-ngr-validation/src/test/java/InspireTest/ngr/T02_Datasets.feature
06:40:54.110 [main] INFO  com.intuit.karate.Runner - waiting for parallel features to complete ...
06:40:54.134 [pool-3-thread-1] INFO  com.intuit.karate - karate.env system property was:  
06:40:54.317 [pool-3-thread-1] INFO  com.intuit.karate - [print] /home/runner/work/nl-ngr-validation/nl-ngr-validation/output/T02_Datasets
06:41:30.111 [ForkJoinPool-2-worker-5] ERROR com.intuit.karate - java.net.SocketTimeoutException: Read timed out, http call failed after 30110 milliseconds for URL: http://nationaalgeoregister.nl/geonetwork/srv/dut/inspire?service=CSW&version=2.0.2&request=GetRecordById&id=f002bfc5-7d87-46b6-819e-8415422b65c9&elementsetname=full&outputSchema=http%3A%2F%2Fwww.isotc211.org%2F2005%2Fgmd
06:41:30.112 [ForkJoinPool-2-worker-5] ERROR com.intuit.karate - http request failed: 
java.net.SocketTimeoutException: Read timed out
06:41:30.151 [ForkJoinPool-2-worker-31] ERROR com.intuit.karate - java.net.SocketTimeoutException: Read timed out, http call failed after 30117 milliseconds for URL: http://nationaalgeoregister.nl/geonetwork/srv/dut/inspire?service=CSW&version=2.0.2&request=GetRecordById&id=5b274449-b6c2-4672-a32f-e0bd40975a53&elementsetname=full&outputSchema=http%3A%2F%2Fwww.isotc211.org%2F2005%2Fgmd
06:41:30.151 [ForkJoinPool-2-worker-31] ERROR com.intuit.karate - http request failed: 
java.net.SocketTimeoutException: Read timed out
06:41:30.203 [ForkJoinPool-2-worker-61] ERROR com.intuit.karate - java.net.SocketTimeoutException: Read timed out, http call failed after 30114 milliseconds for URL: http://nationaalgeoregister.nl/geonetwork/srv/dut/inspire?service=CSW&version=2.0.2&request=GetRecordById&id=1be28290-55fa-4486-b9d3-b9d147117863&elementsetname=full&outputSchema=http%3A%2F%2Fwww.isotc211.org%2F2005%2Fgmd
06:41:30.203 [ForkJoinPool-2-worker-61] ERROR com.intuit.karate - http request failed: 
java.net.SocketTimeoutException: Read timed out
06:41:30.214 [ForkJoinPool-2-worker-45] ERROR com.intuit.karate - java.net.SocketTimeoutException: Read timed out, http call failed after 30116 milliseconds for URL: http://nationaalgeoregister.nl/geonetwork/srv/dut/inspire?service=CSW&version=2.0.2&request=GetRecordById&id=7c24ea89-074e-4c4f-91e3-d38e813e9cb6&elementsetname=full&outputSchema=http%3A%2F%2Fwww.isotc211.org%2F2005%2Fgmd
06:41:30.215 [ForkJoinPool-2-worker-45] ERROR com.intuit.karate - http request failed: 
java.net.SocketTimeoutException: Read timed out
06:41:30.271 [ForkJoinPool-2-worker-39] ERROR com.intuit.karate - java.net.SocketTimeoutException: Read timed out, http call failed after 30116 milliseconds for URL: http://nationaalgeoregister.nl/geonetwork/srv/dut/inspire?service=CSW&version=2.0.2&request=GetRecordById&id=b59f06c0-dce5-11e3-9c10-901b0e19e163&elementsetname=full&outputSchema=http%3A%2F%2Fwww.isotc211.org%2F2005%2Fgmd
06:41:30.271 [ForkJoinPool-2-worker-39] ERROR com.intuit.karate - http request failed: 
java.net.SocketTimeoutException: Read timed out
06:41:30.337 [ForkJoinPool-2-worker-27] ERROR com.intuit.karate - java.net.SocketTimeoutException: Read timed out, http call failed after 30104 milliseconds for URL: http://nationaalgeoregister.nl/geonetwork/srv/dut/inspire?service=CSW&version=2.0.2&request=GetRecordById&id=fcefa13c-44e2-4953-b6d6-1ddceebc57fc&elementsetname=full&outputSchema=http%3A%2F%2Fwww.isotc211.org%2F2005%2Fgmd
06:41:30.338 [ForkJoinPool-2-worker-27] ERROR com.intuit.karate - http request failed: 
java.net.SocketTimeoutException: Read timed out
06:41:30.383 [ForkJoinPool-2-worker-13] ERROR com.intuit.karate - java.net.SocketTimeoutException: Read timed out, http call failed after 30110 milliseconds for URL: http://nationaalgeoregister.nl/geonetwork/srv/dut/inspire?service=CSW&version=2.0.2&request=GetRecordById&id=be6551de-a709-4c6d-a5e2-f63f0cf038ba&elementsetname=full&outputSchema=http%3A%2F%2Fwww.isotc211.org%2F2005%2Fgmd
06:41:30.383 [ForkJoinPool-2-worker-13] ERROR com.intuit.karate - http request failed: 
java.net.SocketTimeoutException: Read timed out
06:41:30.439 [ForkJoinPool-2-worker-55] ERROR com.intuit.karate - java.net.SocketTimeoutException: Read timed out, http call failed after 30118 milliseconds for URL: http://nationaalgeoregister.nl/geonetwork/srv/dut/inspire?service=CSW&version=2.0.2&request=GetRecordById&id=6050578f-0010-4bfa-b013-c8617b80ba62&elementsetname=full&outputSchema=http%3A%2F%2Fwww.isotc211.org%2F2005%2Fgmd
06:41:30.439 [ForkJoinPool-2-worker-55] ERROR com.intuit.karate - http request failed: 
java.net.SocketTimeoutException: Read timed out
06:41:30.461 [ForkJoinPool-2-worker-59] ERROR com.intuit.karate - java.net.SocketTimeoutException: Read timed out, http call failed after 30098 milliseconds for URL: http://nationaalgeoregister.nl/geonetwork/srv/dut/inspire?service=CSW&version=2.0.2&request=GetRecordById&id=74aca3eb-c38b-4214-9537-e0abc69e11b5&elementsetname=full&outputSchema=http%3A%2F%2Fwww.isotc211.org%2F2005%2Fgmd
06:41:30.462 [ForkJoinPool-2-worker-59] ERROR com.intuit.karate - http request failed: 
java.net.SocketTimeoutException: Read timed out
06:41:30.536 [ForkJoinPool-2-worker-53] ERROR com.intuit.karate - java.net.SocketTimeoutException: Read timed out, http call failed after 30117 milliseconds for URL: http://nationaalgeoregister.nl/geonetwork/srv/dut/inspire?service=CSW&version=2.0.2&request=GetRecordById&id=88f76a94-ee4d-4e0c-9fde-91b692403e39&elementsetname=full&outputSchema=http%3A%2F%2Fwww.isotc211.org%2F2005%2Fgmd
06:41:30.537 [ForkJoinPool-2-worker-53] ERROR com.intuit.karate - http request failed: 
java.net.SocketTimeoutException: Read timed out
06:41:30.602 [ForkJoinPool-2-worker-37] ERROR com.intuit.karate - java.net.SocketTimeoutException: Read timed out, http call failed after 30113 milliseconds for URL: http://nationaalgeoregister.nl/geonetwork/srv/dut/inspire?service=CSW&version=2.0.2&request=GetRecordById&id=88a3c1ae-902e-4efa-8663-ddd836101929&elementsetname=full&outputSchema=http%3A%2F%2Fwww.isotc211.org%2F2005%2Fgmd
06:41:30.603 [ForkJoinPool-2-worker-37] ERROR com.intuit.karate - http request failed: 
java.net.SocketTimeoutException: Read timed out
06:41:30.653 [ForkJoinPool-2-worker-47] ERROR com.intuit.karate - java.net.SocketTimeoutException: Read timed out, http call failed after 30117 milliseconds for URL: http://nationaalgeoregister.nl/geonetwork/srv/dut/inspire?service=CSW&version=2.0.2&request=GetRecordById&id=24de356e-ec4d-4a18-9903-6401d222b77c&elementsetname=full&outputSchema=http%3A%2F%2Fwww.isotc211.org%2F2005%2Fgmd
06:41:30.653 [ForkJoinPool-2-worker-47] ERROR com.intuit.karate - http request failed: 
java.net.SocketTimeoutException: Read timed out
06:41:30.703 [ForkJoinPool-2-worker-23] ERROR com.intuit.karate - java.net.SocketTimeoutException: Read timed out, http call failed after 30116 milliseconds for URL: http://nationaalgeoregister.nl/geonetwork/srv/dut/inspire?service=CSW&version=2.0.2&request=GetRecordById&id=80630ee7-3a15-4ea0-bdc0-a8aebfa2f204&elementsetname=full&outputSchema=http%3A%2F%2Fwww.isotc211.org%2F2005%2Fgmd
06:41:30.703 [ForkJoinPool-2-worker-23] ERROR com.intuit.karate - http request failed: 
java.net.SocketTimeoutException: Read timed out
06:41:30.739 [ForkJoinPool-2-worker-19] ERROR com.intuit.karate - java.net.SocketTimeoutException: Read timed out, http call failed after 30098 milliseconds for URL: http://nationaalgeoregister.nl/geonetwork/srv/dut/inspire?service=CSW&version=2.0.2&request=GetRecordById&id=68ebd5c9-0ea1-4f22-9907-ec4c063cd3e2&elementsetname=full&outputSchema=http%3A%2F%2Fwww.isotc211.org%2F2005%2Fgmd
06:41:30.740 [ForkJoinPool-2-worker-19] ERROR com.intuit.karate - http request failed: 
java.net.SocketTimeoutException: Read timed out
06:41:30.812 [ForkJoinPool-2-worker-33] ERROR com.intuit.karate - java.net.SocketTimeoutException: Read timed out, http call failed after 30109 milliseconds for URL: http://nationaalgeoregister.nl/geonetwork/srv/dut/inspire?service=CSW&version=2.0.2&request=GetRecordById&id=0d6ccccc-7cfb-4eaa-8dc5-8b433d19b121&elementsetname=full&outputSchema=http%3A%2F%2Fwww.isotc211.org%2F2005%2Fgmd
06:41:30.812 [ForkJoinPool-2-worker-25] ERROR com.intuit.karate - java.net.SocketTimeoutException: Read timed out, http call failed after 30104 milliseconds for URL: http://nationaalgeoregister.nl/geonetwork/srv/dut/inspire?service=CSW&version=2.0.2&request=GetRecordById&id=fe0e1e5f-512f-4bb1-bbf8-4028d3dfa24f&elementsetname=full&outputSchema=http%3A%2F%2Fwww.isotc211.org%2F2005%2Fgmd
06:41:30.813 [ForkJoinPool-2-worker-33] ERROR com.intuit.karate - http request failed: 
java.net.SocketTimeoutException: Read timed out
06:41:30.813 [ForkJoinPool-2-worker-25] ERROR com.intuit.karate - http request failed: 
java.net.SocketTimeoutException: Read timed out
06:41:30.863 [ForkJoinPool-2-worker-49] ERROR com.intuit.karate - java.net.SocketTimeoutException: Read timed out, http call failed after 30094 milliseconds for URL: http://nationaalgeoregister.nl/geonetwork/srv/dut/inspire?service=CSW&version=2.0.2&request=GetRecordById&id=64c987ec-dce6-11e3-8563-901b0e19e163&elementsetname=full&outputSchema=http%3A%2F%2Fwww.isotc211.org%2F2005%2Fgmd
06:41:30.863 [ForkJoinPool-2-worker-49] ERROR com.intuit.karate - http request failed: 
java.net.SocketTimeoutException: Read timed out
06:41:30.939 [ForkJoinPool-2-worker-11] ERROR com.intuit.karate - java.net.SocketTimeoutException: Read timed out, http call failed after 30098 milliseconds for URL: http://nationaalgeoregister.nl/geonetwork/srv/dut/inspire?service=CSW&version=2.0.2&request=GetRecordById&id=f1859b4d-93be-4fc8-9e91-0ecc2fa0f3b3&elementsetname=full&outputSchema=http%3A%2F%2Fwww.isotc211.org%2F2005%2Fgmd
06:41:30.939 [ForkJoinPool-2-worker-3] ERROR com.intuit.karate - java.net.SocketTimeoutException: Read timed out, http call failed after 30098 milliseconds for URL: http://nationaalgeoregister.nl/geonetwork/srv/dut/inspire?service=CSW&version=2.0.2&request=GetRecordById&id=8f52e76f-c96d-4df3-a778-279c2164372b&elementsetname=full&outputSchema=http%3A%2F%2Fwww.isotc211.org%2F2005%2Fgmd
06:41:30.940 [ForkJoinPool-2-worker-11] ERROR com.intuit.karate - http request failed: 
java.net.SocketTimeoutException: Read timed out
06:41:30.940 [ForkJoinPool-2-worker-3] ERROR com.intuit.karate - http request failed: 
java.net.SocketTimeoutException: Read timed out
06:41:31.012 [ForkJoinPool-2-worker-9] ERROR com.intuit.karate - java.net.SocketTimeoutException: Read timed out, http call failed after 30107 milliseconds for URL: http://nationaalgeoregister.nl/geonetwork/srv/dut/inspire?service=CSW&version=2.0.2&request=GetRecordById&id=3387ef8a-9237-453a-aa4e-585d1e193550&elementsetname=full&outputSchema=http%3A%2F%2Fwww.isotc211.org%2F2005%2Fgmd
06:41:31.012 [ForkJoinPool-2-worker-9] ERROR com.intuit.karate - http request failed: 
java.net.SocketTimeoutException: Read timed out
06:41:31.103 [ForkJoinPool-2-worker-17] ERROR com.intuit.karate - java.net.SocketTimeoutException: Read timed out, http call failed after 30094 milliseconds for URL: http://nationaalgeoregister.nl/geonetwork/srv/dut/inspire?service=CSW&version=2.0.2&request=GetRecordById&id=71c2b7d2-a1a8-4836-b8d4-7247d331b04d&elementsetname=full&outputSchema=http%3A%2F%2Fwww.isotc211.org%2F2005%2Fgmd
06:41:31.104 [ForkJoinPool-2-worker-17] ERROR com.intuit.karate - http request failed: 
java.net.SocketTimeoutException: Read timed out
06:41:31.123 [ForkJoinPool-2-worker-63] ERROR com.intuit.karate - java.net.SocketTimeoutException: Read timed out, http call failed after 30117 milliseconds for URL: http://nationaalgeoregister.nl/geonetwork/srv/dut/inspire?service=CSW&version=2.0.2&request=GetRecordById&id=10d1153e-778f-4995-9b6c-7c69b196cccb&elementsetname=full&outputSchema=http%3A%2F%2Fwww.isotc211.org%2F2005%2Fgmd
06:41:31.123 [ForkJoinPool-2-worker-63] ERROR com.intuit.karate - http request failed: 
java.net.SocketTimeoutException: Read timed out
06:41:31.189 [ForkJoinPool-2-worker-41] ERROR com.intuit.karate - java.net.SocketTimeoutException: Read timed out, http call failed after 30117 milliseconds for URL: http://nationaalgeoregister.nl/geonetwork/srv/dut/inspire?service=CSW&version=2.0.2&request=GetRecordById&id=28c4780a-1a44-4376-b283-14a50a481729&elementsetname=full&outputSchema=http%3A%2F%2Fwww.isotc211.org%2F2005%2Fgmd
06:41:31.189 [ForkJoinPool-2-worker-41] ERROR com.intuit.karate - http request failed: 
java.net.SocketTimeoutException: Read timed out
06:41:31.251 [ForkJoinPool-2-worker-51] ERROR com.intuit.karate - java.net.SocketTimeoutException: Read timed out, http call failed after 30135 milliseconds for URL: http://nationaalgeoregister.nl/geonetwork/srv/dut/inspire?service=CSW&version=2.0.2&request=GetRecordById&id=3a7dd0a6-d130-4c4c-b0ba-24365cf036e2&elementsetname=full&outputSchema=http%3A%2F%2Fwww.isotc211.org%2F2005%2Fgmd
06:41:31.252 [ForkJoinPool-2-worker-51] ERROR com.intuit.karate - http request failed: 
java.net.SocketTimeoutException: Read timed out
06:42:00.240 [ForkJoinPool-2-worker-5] ERROR com.intuit.karate - java.net.SocketTimeoutException: Read timed out, http call failed after 30116 milliseconds for URL: http://nationaalgeoregister.nl/geonetwork/srv/dut/inspire?service=CSW&version=2.0.2&request=GetRecordById&id=9d9f1738-aced-47c9-aaa0-c62474a2dcfb&elementsetname=full&outputSchema=http%3A%2F%2Fwww.isotc211.org%2F2005%2Fgmd
06:42:00.241 [ForkJoinPool-2-worker-5] ERROR com.intuit.karate - http request failed: 
java.net.SocketTimeoutException: Read timed out
06:42:00.271 [ForkJoinPool-2-worker-31] ERROR com.intuit.karate - java.net.SocketTimeoutException: Read timed out, http call failed after 30116 milliseconds for URL: http://nationaalgeoregister.nl/geonetwork/srv/dut/inspire?service=CSW&version=2.0.2&request=GetRecordById&id=380aa01e-dce7-11e3-9f07-901b0e19e163&elementsetname=full&outputSchema=http%3A%2F%2Fwww.isotc211.org%2F2005%2Fgmd
06:42:00.271 [ForkJoinPool-2-worker-31] ERROR com.intuit.karate - http request failed: 
java.net.SocketTimeoutException: Read timed out
06:42:00.324 [ForkJoinPool-2-worker-45] ERROR com.intuit.karate - java.net.SocketTimeoutException: Read timed out, http call failed after 30106 milliseconds for URL: http://nationaalgeoregister.nl/geonetwork/srv/dut/inspire?service=CSW&version=2.0.2&request=GetRecordById&id=d3c9efd6-fca7-49d6-92bb-5f507abece90&elementsetname=full&outputSchema=http%3A%2F%2Fwww.isotc211.org%2F2005%2Fgmd
06:42:00.324 [ForkJoinPool-2-worker-61] ERROR com.intuit.karate - java.net.SocketTimeoutException: Read timed out, http call failed after 30117 milliseconds for URL: http://nationaalgeoregister.nl/geonetwork/srv/dut/inspire?service=CSW&version=2.0.2&request=GetRecordById&id=ad6caa40-89ab-47e3-85ab-3f8e32024a71&elementsetname=full&outputSchema=http%3A%2F%2Fwww.isotc211.org%2F2005%2Fgmd
06:42:00.324 [ForkJoinPool-2-worker-45] ERROR com.intuit.karate - http request failed: 
java.net.SocketTimeoutException: Read timed out
06:42:00.324 [ForkJoinPool-2-worker-61] ERROR com.intuit.karate - http request failed: 
java.net.SocketTimeoutException: Read timed out
06:42:00.390 [ForkJoinPool-2-worker-39] ERROR com.intuit.karate - java.net.SocketTimeoutException: Read timed out, http call failed after 30114 milliseconds for URL: http://nationaalgeoregister.nl/geonetwork/srv/dut/inspire?service=CSW&version=2.0.2&request=GetRecordById&id=f91c6ad6-62a5-46d0-8a5b-8a62e7a4b833&elementsetname=full&outputSchema=http%3A%2F%2Fwww.isotc211.org%2F2005%2Fgmd
06:42:00.391 [ForkJoinPool-2-worker-39] ERROR com.intuit.karate - http request failed: 
java.net.SocketTimeoutException: Read timed out
06:42:00.458 [ForkJoinPool-2-worker-27] ERROR com.intuit.karate - java.net.SocketTimeoutException: Read timed out, http call failed after 30117 milliseconds for URL: http://nationaalgeoregister.nl/geonetwork/srv/dut/inspire?service=CSW&version=2.0.2&request=GetRecordById&id=af135cd8-d429-4fc7-b9e3-09e15217520d&elementsetname=full&outputSchema=http%3A%2F%2Fwww.isotc211.org%2F2005%2Fgmd
06:42:00.459 [ForkJoinPool-2-worker-27] ERROR com.intuit.karate - http request failed: 
java.net.SocketTimeoutException: Read timed out
06:42:00.491 [ForkJoinPool-2-worker-13] ERROR com.intuit.karate - java.net.SocketTimeoutException: Read timed out, http call failed after 30104 milliseconds for URL: http://nationaalgeoregister.nl/geonetwork/srv/dut/inspire?service=CSW&version=2.0.2&request=GetRecordById&id=500d396f-5ec6-4e4b-a151-5fb3cddd8082&elementsetname=full&outputSchema=http%3A%2F%2Fwww.isotc211.org%2F2005%2Fgmd
06:42:00.491 [ForkJoinPool-2-worker-13] ERROR com.intuit.karate - http request failed: 
java.net.SocketTimeoutException: Read timed out
06:42:00.560 [ForkJoinPool-2-worker-55] ERROR com.intuit.karate - java.net.SocketTimeoutException: Read timed out, http call failed after 30117 milliseconds for URL: http://nationaalgeoregister.nl/geonetwork/srv/dut/inspire?service=CSW&version=2.0.2&request=GetRecordById&id=5800f3b0-2ea2-4231-8165-216a7b26867f&elementsetname=full&outputSchema=http%3A%2F%2Fwww.isotc211.org%2F2005%2Fgmd
06:42:00.560 [ForkJoinPool-2-worker-59] ERROR com.intuit.karate - java.net.SocketTimeoutException: Read timed out, http call failed after 30095 milliseconds for URL: http://nationaalgeoregister.nl/geonetwork/srv/dut/inspire?service=CSW&version=2.0.2&request=GetRecordById&id=b3ec8793-7747-4da0-b6c3-aa384446a586&elementsetname=full&outputSchema=http%3A%2F%2Fwww.isotc211.org%2F2005%2Fgmd
06:42:00.560 [ForkJoinPool-2-worker-55] ERROR com.intuit.karate - http request failed: 
java.net.SocketTimeoutException: Read timed out
06:42:00.560 [ForkJoinPool-2-worker-59] ERROR com.intuit.karate - http request failed: 
java.net.SocketTimeoutException: Read timed out
06:42:00.651 [ForkJoinPool-2-worker-53] ERROR com.intuit.karate - java.net.SocketTimeoutException: Read timed out, http call failed after 30111 milliseconds for URL: http://nationaalgeoregister.nl/geonetwork/srv/dut/inspire?service=CSW&version=2.0.2&request=GetRecordById&id=83dab947-387b-49df-8ad2-32bb10d46d38&elementsetname=full&outputSchema=http%3A%2F%2Fwww.isotc211.org%2F2005%2Fgmd
06:42:00.651 [ForkJoinPool-2-worker-53] ERROR com.intuit.karate - http request failed: 
java.net.SocketTimeoutException: Read timed out
06:42:00.710 [ForkJoinPool-2-worker-37] ERROR com.intuit.karate - java.net.SocketTimeoutException: Read timed out, http call failed after 30104 milliseconds for URL: http://nationaalgeoregister.nl/geonetwork/srv/dut/inspire?service=CSW&version=2.0.2&request=GetRecordById&id=d8f370e8-123c-4ab3-9410-04f728327ac6&elementsetname=full&outputSchema=http%3A%2F%2Fwww.isotc211.org%2F2005%2Fgmd
06:42:00.710 [ForkJoinPool-2-worker-37] ERROR com.intuit.karate - http request failed: 
java.net.SocketTimeoutException: Read timed out
06:42:00.767 [ForkJoinPool-2-worker-47] ERROR com.intuit.karate - java.net.SocketTimeoutException: Read timed out, http call failed after 30111 milliseconds for URL: http://nationaalgeoregister.nl/geonetwork/srv/dut/inspire?service=CSW&version=2.0.2&request=GetRecordById&id=733559a5-201d-40e5-ad43-d1c7bae84d9f&elementsetname=full&outputSchema=http%3A%2F%2Fwww.isotc211.org%2F2005%2Fgmd
06:42:00.767 [ForkJoinPool-2-worker-47] ERROR com.intuit.karate - http request failed: 
java.net.SocketTimeoutException: Read timed out
06:42:00.817 [ForkJoinPool-2-worker-23] ERROR com.intuit.karate - java.net.SocketTimeoutException: Read timed out, http call failed after 30110 milliseconds for URL: http://nationaalgeoregister.nl/geonetwork/srv/dut/inspire?service=CSW&version=2.0.2&request=GetRecordById&id=7dd1fd45-ace5-41e0-93a6-64e3be231717&elementsetname=full&outputSchema=http%3A%2F%2Fwww.isotc211.org%2F2005%2Fgmd
06:42:00.817 [ForkJoinPool-2-worker-23] ERROR com.intuit.karate - http request failed: 
java.net.SocketTimeoutException: Read timed out
06:42:00.851 [ForkJoinPool-2-worker-19] ERROR com.intuit.karate - java.net.SocketTimeoutException: Read timed out, http call failed after 30108 milliseconds for URL: http://nationaalgeoregister.nl/geonetwork/srv/dut/inspire?service=CSW&version=2.0.2&request=GetRecordById&id=df15af6e-0d21-4437-a69f-802be3479bba&elementsetname=full&outputSchema=http%3A%2F%2Fwww.isotc211.org%2F2005%2Fgmd
06:42:00.851 [ForkJoinPool-2-worker-19] ERROR com.intuit.karate - http request failed: 
java.net.SocketTimeoutException: Read timed out
06:42:00.930 [ForkJoinPool-2-worker-25] ERROR com.intuit.karate - java.net.SocketTimeoutException: Read timed out, http call failed after 30114 milliseconds for URL: http://nationaalgeoregister.nl/geonetwork/srv/dut/inspire?service=CSW&version=2.0.2&request=GetRecordById&id=7f5d7945-8fa8-4d36-be4c-2fdb3c7d613b&elementsetname=full&outputSchema=http%3A%2F%2Fwww.isotc211.org%2F2005%2Fgmd
06:42:00.931 [ForkJoinPool-2-worker-25] ERROR com.intuit.karate - http request failed: 
java.net.SocketTimeoutException: Read timed out
06:42:00.930 [ForkJoinPool-2-worker-33] ERROR com.intuit.karate - java.net.SocketTimeoutException: Read timed out, http call failed after 30112 milliseconds for URL: http://nationaalgeoregister.nl/geonetwork/srv/dut/inspire?service=CSW&version=2.0.2&request=GetRecordById&id=844404a2-9cd0-452e-b29a-74588777485a&elementsetname=full&outputSchema=http%3A%2F%2Fwww.isotc211.org%2F2005%2Fgmd
06:42:00.933 [ForkJoinPool-2-worker-33] ERROR com.intuit.karate - http request failed: 
java.net.SocketTimeoutException: Read timed out
06:42:00.962 [ForkJoinPool-2-worker-49] ERROR com.intuit.karate - java.net.SocketTimeoutException: Read timed out, http call failed after 30095 milliseconds for URL: http://nationaalgeoregister.nl/geonetwork/srv/dut/inspire?service=CSW&version=2.0.2&request=GetRecordById&id=dc5b522e-3e14-4738-9e8e-2401e1b19ef2&elementsetname=full&outputSchema=http%3A%2F%2Fwww.isotc211.org%2F2005%2Fgmd
06:42:00.962 [ForkJoinPool-2-worker-49] ERROR com.intuit.karate - http request failed: 
java.net.SocketTimeoutException: Read timed out
06:42:01.051 [ForkJoinPool-2-worker-11] ERROR com.intuit.karate - java.net.SocketTimeoutException: Read timed out, http call failed after 30105 milliseconds for URL: http://nationaalgeoregister.nl/geonetwork/srv/dut/inspire?service=CSW&version=2.0.2&request=GetRecordById&id=6f84efeb-fc1d-4565-a721-80735ea57dbd&elementsetname=full&outputSchema=http%3A%2F%2Fwww.isotc211.org%2F2005%2Fgmd
06:42:01.051 [ForkJoinPool-2-worker-11] ERROR com.intuit.karate - http request failed: 
java.net.SocketTimeoutException: Read timed out
06:42:01.067 [ForkJoinPool-2-worker-3] ERROR com.intuit.karate - java.net.SocketTimeoutException: Read timed out, http call failed after 30117 milliseconds for URL: http://nationaalgeoregister.nl/geonetwork/srv/dut/inspire?service=CSW&version=2.0.2&request=GetRecordById&id=002d9127-c16d-4b8d-9f5e-102a8c8e36c4&elementsetname=full&outputSchema=http%3A%2F%2Fwww.isotc211.org%2F2005%2Fgmd
06:42:01.067 [ForkJoinPool-2-worker-3] ERROR com.intuit.karate - http request failed: 
java.net.SocketTimeoutException: Read timed out
06:42:01.115 [ForkJoinPool-2-worker-9] ERROR com.intuit.karate - java.net.SocketTimeoutException: Read timed out, http call failed after 30097 milliseconds for URL: http://nationaalgeoregister.nl/geonetwork/srv/dut/inspire?service=CSW&version=2.0.2&request=GetRecordById&id=73ec579e-c906-433a-b0b6-d3aa33421558&elementsetname=full&outputSchema=http%3A%2F%2Fwww.isotc211.org%2F2005%2Fgmd
06:42:01.115 [ForkJoinPool-2-worker-9] ERROR com.intuit.karate - http request failed: 
java.net.SocketTimeoutException: Read timed out
06:42:01.218 [ForkJoinPool-2-worker-17] ERROR com.intuit.karate - java.net.SocketTimeoutException: Read timed out, http call failed after 30110 milliseconds for URL: http://nationaalgeoregister.nl/geonetwork/srv/dut/inspire?service=CSW&version=2.0.2&request=GetRecordById&id=8a4f5c3b-aced-48fd-afb5-f1f1d0ef21d6&elementsetname=full&outputSchema=http%3A%2F%2Fwww.isotc211.org%2F2005%2Fgmd
06:42:01.218 [ForkJoinPool-2-worker-17] ERROR com.intuit.karate - http request failed: 
java.net.SocketTimeoutException: Read timed out
06:42:01.242 [ForkJoinPool-2-worker-63] ERROR com.intuit.karate - java.net.SocketTimeoutException: Read timed out, http call failed after 30116 milliseconds for URL: http://nationaalgeoregister.nl/geonetwork/srv/dut/inspire?service=CSW&version=2.0.2&request=GetRecordById&id=a9b7026e-0a81-4813-93bd-ba49e6f28502&elementsetname=full&outputSchema=http%3A%2F%2Fwww.isotc211.org%2F2005%2Fgmd
06:42:01.243 [ForkJoinPool-2-worker-63] ERROR com.intuit.karate - http request failed: 
java.net.SocketTimeoutException: Read timed out
06:42:01.291 [ForkJoinPool-2-worker-41] ERROR com.intuit.karate - java.net.SocketTimeoutException: Read timed out, http call failed after 30099 milliseconds for URL: http://nationaalgeoregister.nl/geonetwork/srv/dut/inspire?service=CSW&version=2.0.2&request=GetRecordById&id=adn73c4a-ef03-4785-b7f6-942e86b385f7&elementsetname=full&outputSchema=http%3A%2F%2Fwww.isotc211.org%2F2005%2Fgmd
06:42:01.291 [ForkJoinPool-2-worker-41] ERROR com.intuit.karate - http request failed: 
java.net.SocketTimeoutException: Read timed out
06:42:01.369 [ForkJoinPool-2-worker-51] ERROR com.intuit.karate - java.net.SocketTimeoutException: Read timed out, http call failed after 30111 milliseconds for URL: http://nationaalgeoregister.nl/geonetwork/srv/dut/inspire?service=CSW&version=2.0.2&request=GetRecordById&id=wt-f5eb-b09f-4f6d-8397-8878a1b86238&elementsetname=full&outputSchema=http%3A%2F%2Fwww.isotc211.org%2F2005%2Fgmd
06:42:01.369 [ForkJoinPool-2-worker-51] ERROR com.intuit.karate - http request failed: 
java.net.SocketTimeoutException: Read timed out
06:42:30.367 [ForkJoinPool-2-worker-5] ERROR com.intuit.karate - java.net.SocketTimeoutException: Read timed out, http call failed after 30116 milliseconds for URL: http://nationaalgeoregister.nl/geonetwork/srv/dut/inspire?service=CSW&version=2.0.2&request=GetRecordById&id=wt-3730-e750-485a-9c0c-39bf9be72cf9&elementsetname=full&outputSchema=http%3A%2F%2Fwww.isotc211.org%2F2005%2Fgmd
06:42:30.367 [ForkJoinPool-2-worker-5] ERROR com.intuit.karate - http request failed: 
java.net.SocketTimeoutException: Read timed out
06:42:30.391 [ForkJoinPool-2-worker-31] ERROR com.intuit.karate - java.net.SocketTimeoutException: Read timed out, http call failed after 30115 milliseconds for URL: http://nationaalgeoregister.nl/geonetwork/srv/dut/inspire?service=CSW&version=2.0.2&request=GetRecordById&id=wt-83730-e750-485a-9c0c-39bf9be72cf8&elementsetname=full&outputSchema=http%3A%2F%2Fwww.isotc211.org%2F2005%2Fgmd
06:42:30.391 [ForkJoinPool-2-worker-31] ERROR com.intuit.karate - http request failed: 
java.net.SocketTimeoutException: Read timed out
06:42:30.418 [ForkJoinPool-2-worker-45] ERROR com.intuit.karate - java.net.SocketTimeoutException: Read timed out, http call failed after 30091 milliseconds for URL: http://nationaalgeoregister.nl/geonetwork/srv/dut/inspire?service=CSW&version=2.0.2&request=GetRecordById&id=50eef6be-619d-4e16-9b92-48971109b636&elementsetname=full&outputSchema=http%3A%2F%2Fwww.isotc211.org%2F2005%2Fgmd
06:42:30.418 [ForkJoinPool-2-worker-45] ERROR com.intuit.karate - http request failed: 
java.net.SocketTimeoutException: Read timed out
06:42:30.445 [ForkJoinPool-2-worker-61] ERROR com.intuit.karate - java.net.SocketTimeoutException: Read timed out, http call failed after 30117 milliseconds for URL: http://nationaalgeoregister.nl/geonetwork/srv/dut/inspire?service=CSW&version=2.0.2&request=GetRecordById&id=8de2f5eb-b09f-4f6d-8397-8878a1b86238&elementsetname=full&outputSchema=http%3A%2F%2Fwww.isotc211.org%2F2005%2Fgmd
06:42:30.445 [ForkJoinPool-2-worker-61] ERROR com.intuit.karate - http request failed: 
java.net.SocketTimeoutException: Read timed out
06:42:30.512 [ForkJoinPool-2-worker-39] ERROR com.intuit.karate - java.net.SocketTimeoutException: Read timed out, http call failed after 30117 milliseconds for URL: http://nationaalgeoregister.nl/geonetwork/srv/dut/inspire?service=CSW&version=2.0.2&request=GetRecordById&id=eu-f297898-2640-44c2-bbe9-c0480da83794&elementsetname=full&outputSchema=http%3A%2F%2Fwww.isotc211.org%2F2005%2Fgmd
06:42:30.512 [ForkJoinPool-2-worker-39] ERROR com.intuit.karate - http request failed: 
java.net.SocketTimeoutException: Read timed out
06:42:30.568 [ForkJoinPool-2-worker-27] ERROR com.intuit.karate - java.net.SocketTimeoutException: Read timed out, http call failed after 30106 milliseconds for URL: http://nationaalgeoregister.nl/geonetwork/srv/dut/inspire?service=CSW&version=2.0.2&request=GetRecordById&id=110f9ec6-4464-462e-9765-83d90cefbeac&elementsetname=full&outputSchema=http%3A%2F%2Fwww.isotc211.org%2F2005%2Fgmd
06:42:30.568 [ForkJoinPool-2-worker-27] ERROR com.intuit.karate - http request failed: 
java.net.SocketTimeoutException: Read timed out
06:42:30.596 [ForkJoinPool-2-worker-13] ERROR com.intuit.karate - java.net.SocketTimeoutException: Read timed out, http call failed after 30102 milliseconds for URL: http://nationaalgeoregister.nl/geonetwork/srv/dut/inspire?service=CSW&version=2.0.2&request=GetRecordById&id=krw-782cab20-8328-45f1-a9b2-c27d07c14066&elementsetname=full&outputSchema=http%3A%2F%2Fwww.isotc211.org%2F2005%2Fgmd
06:42:30.596 [ForkJoinPool-2-worker-13] ERROR com.intuit.karate - http request failed: 
java.net.SocketTimeoutException: Read timed out
06:42:30.668 [ForkJoinPool-2-worker-59] ERROR com.intuit.karate - java.net.SocketTimeoutException: Read timed out, http call failed after 30104 milliseconds for URL: http://nationaalgeoregister.nl/geonetwork/srv/dut/inspire?service=CSW&version=2.0.2&request=GetRecordById&id=krm-a905-9d8e-4758-83fa-28b057f185e4&elementsetname=full&outputSchema=http%3A%2F%2Fwww.isotc211.org%2F2005%2Fgmd
06:42:30.668 [ForkJoinPool-2-worker-55] ERROR com.intuit.karate - java.net.SocketTimeoutException: Read timed out, http call failed after 30103 milliseconds for URL: http://nationaalgeoregister.nl/geonetwork/srv/dut/inspire?service=CSW&version=2.0.2&request=GetRecordById&id=krm-a905-9d8e-4758-83fa-28b057f185e3&elementsetname=full&outputSchema=http%3A%2F%2Fwww.isotc211.org%2F2005%2Fgmd
06:42:30.668 [ForkJoinPool-2-worker-59] ERROR com.intuit.karate - http request failed: 
java.net.SocketTimeoutException: Read timed out
06:42:30.668 [ForkJoinPool-2-worker-55] ERROR com.intuit.karate - http request failed: 
java.net.SocketTimeoutException: Read timed out
06:42:30.746 [ForkJoinPool-2-worker-53] ERROR com.intuit.karate - java.net.SocketTimeoutException: Read timed out, http call failed after 30092 milliseconds for URL: http://nationaalgeoregister.nl/geonetwork/srv/dut/inspire?service=CSW&version=2.0.2&request=GetRecordById&id=891ddc2d-8949-4a45-be96-c65b87c41f13&elementsetname=full&outputSchema=http%3A%2F%2Fwww.isotc211.org%2F2005%2Fgmd
06:42:30.746 [ForkJoinPool-2-worker-53] ERROR com.intuit.karate - http request failed: 
java.net.SocketTimeoutException: Read timed out
06:42:30.828 [ForkJoinPool-2-worker-37] ERROR com.intuit.karate - java.net.SocketTimeoutException: Read timed out, http call failed after 30114 milliseconds for URL: http://nationaalgeoregister.nl/geonetwork/srv/dut/inspire?service=CSW&version=2.0.2&request=GetRecordById&id=tbjk534p-wubf-crbp-cj25-d4161160gfim&elementsetname=full&outputSchema=http%3A%2F%2Fwww.isotc211.org%2F2005%2Fgmd
06:42:30.828 [ForkJoinPool-2-worker-37] ERROR com.intuit.karate - http request failed: 
java.net.SocketTimeoutException: Read timed out
06:42:30.869 [ForkJoinPool-2-worker-47] ERROR com.intuit.karate - java.net.SocketTimeoutException: Read timed out, http call failed after 30099 milliseconds for URL: http://nationaalgeoregister.nl/geonetwork/srv/dut/inspire?service=CSW&version=2.0.2&request=GetRecordById&id=krw2006-68b5-4ff3-94a4-9c24109ffd5e&elementsetname=full&outputSchema=http%3A%2F%2Fwww.isotc211.org%2F2005%2Fgmd
06:42:30.869 [ForkJoinPool-2-worker-47] ERROR com.intuit.karate - http request failed: 
java.net.SocketTimeoutException: Read timed out
06:42:30.937 [ForkJoinPool-2-worker-23] ERROR com.intuit.karate - java.net.SocketTimeoutException: Read timed out, http call failed after 30117 milliseconds for URL: http://nationaalgeoregister.nl/geonetwork/srv/dut/inspire?service=CSW&version=2.0.2&request=GetRecordById&id=krw2006-c57b-44a2-83a4-e51223d5f15g&elementsetname=full&outputSchema=http%3A%2F%2Fwww.isotc211.org%2F2005%2Fgmd
06:42:30.938 [ForkJoinPool-2-worker-23] ERROR com.intuit.karate - http request failed: 
java.net.SocketTimeoutException: Read timed out
06:42:30.971 [ForkJoinPool-2-worker-19] ERROR com.intuit.karate - java.net.SocketTimeoutException: Read timed out, http call failed after 30118 milliseconds for URL: http://nationaalgeoregister.nl/geonetwork/srv/dut/inspire?service=CSW&version=2.0.2&request=GetRecordById&id=krw-f7bb2351-9788-42ea-a58b-a5ee1842304e&elementsetname=full&outputSchema=http%3A%2F%2Fwww.isotc211.org%2F2005%2Fgmd
06:42:30.971 [ForkJoinPool-2-worker-19] ERROR com.intuit.karate - http request failed: 
java.net.SocketTimeoutException: Read timed out
06:42:31.051 [ForkJoinPool-2-worker-25] ERROR com.intuit.karate - java.net.SocketTimeoutException: Read timed out, http call failed after 30116 milliseconds for URL: http://nationaalgeoregister.nl/geonetwork/srv/dut/inspire?service=CSW&version=2.0.2&request=GetRecordById&id=a1960e70-22f4-4fd9-91a8-b605c6ceda3e&elementsetname=full&outputSchema=http%3A%2F%2Fwww.isotc211.org%2F2005%2Fgmd
06:42:31.051 [ForkJoinPool-2-worker-25] ERROR com.intuit.karate - http request failed: 
java.net.SocketTimeoutException: Read timed out
06:42:31.052 [ForkJoinPool-2-worker-33] ERROR com.intuit.karate - java.net.SocketTimeoutException: Read timed out, http call failed after 30116 milliseconds for URL: http://nationaalgeoregister.nl/geonetwork/srv/dut/inspire?service=CSW&version=2.0.2&request=GetRecordById&id=110f9ec6-4464-462e-9765-83d90cefbead&elementsetname=full&outputSchema=http%3A%2F%2Fwww.isotc211.org%2F2005%2Fgmd
06:42:31.052 [ForkJoinPool-2-worker-33] ERROR com.intuit.karate - http request failed: 
java.net.SocketTimeoutException: Read timed out
06:42:31.080 [ForkJoinPool-2-worker-49] ERROR com.intuit.karate - java.net.SocketTimeoutException: Read timed out, http call failed after 30116 milliseconds for URL: http://nationaalgeoregister.nl/geonetwork/srv/dut/inspire?service=CSW&version=2.0.2&request=GetRecordById&id=110f9ec6-4464-462e-9765-83d90cefbeag&elementsetname=full&outputSchema=http%3A%2F%2Fwww.isotc211.org%2F2005%2Fgmd
06:42:31.081 [ForkJoinPool-2-worker-49] ERROR com.intuit.karate - http request failed: 
java.net.SocketTimeoutException: Read timed out
06:42:31.171 [ForkJoinPool-2-worker-11] ERROR com.intuit.karate - java.net.SocketTimeoutException: Read timed out, http call failed after 30117 milliseconds for URL: http://nationaalgeoregister.nl/geonetwork/srv/dut/inspire?service=CSW&version=2.0.2&request=GetRecordById&id=4783ea4f-6b8c-4600-8af0-516f3556cfe9&elementsetname=full&outputSchema=http%3A%2F%2Fwww.isotc211.org%2F2005%2Fgmd
06:42:31.171 [ForkJoinPool-2-worker-3] ERROR com.intuit.karate - java.net.SocketTimeoutException: Read timed out, http call failed after 30102 milliseconds for URL: http://nationaalgeoregister.nl/geonetwork/srv/dut/inspire?service=CSW&version=2.0.2&request=GetRecordById&id=ror-9d8e-4758-83fx-28b057f185g1&elementsetname=full&outputSchema=http%3A%2F%2Fwww.isotc211.org%2F2005%2Fgmd
06:42:31.172 [ForkJoinPool-2-worker-11] ERROR com.intuit.karate - http request failed: 
java.net.SocketTimeoutException: Read timed out
06:42:31.172 [ForkJoinPool-2-worker-3] ERROR com.intuit.karate - http request failed: 
java.net.SocketTimeoutException: Read timed out
06:42:31.231 [ForkJoinPool-2-worker-9] ERROR com.intuit.karate - java.net.SocketTimeoutException: Read timed out, http call failed after 30113 milliseconds for URL: http://nationaalgeoregister.nl/geonetwork/srv/dut/inspire?service=CSW&version=2.0.2&request=GetRecordById&id=ror-9d8e-4758-83fx-28b057f185f1&elementsetname=full&outputSchema=http%3A%2F%2Fwww.isotc211.org%2F2005%2Fgmd
06:42:31.231 [ForkJoinPool-2-worker-9] ERROR com.intuit.karate - http request failed: 
java.net.SocketTimeoutException: Read timed out
06:42:31.320 [ForkJoinPool-2-worker-17] ERROR com.intuit.karate - java.net.SocketTimeoutException: Read timed out, http call failed after 30098 milliseconds for URL: http://nationaalgeoregister.nl/geonetwork/srv/dut/inspire?service=CSW&version=2.0.2&request=GetRecordById&id=710c381c-ab2d-45d5-a45d-af2eba811e5f&elementsetname=full&outputSchema=http%3A%2F%2Fwww.isotc211.org%2F2005%2Fgmd
06:42:31.320 [ForkJoinPool-2-worker-17] ERROR com.intuit.karate - http request failed: 
java.net.SocketTimeoutException: Read timed out
06:42:31.359 [ForkJoinPool-2-worker-63] ERROR com.intuit.karate - java.net.SocketTimeoutException: Read timed out, http call failed after 30114 milliseconds for URL: http://nationaalgeoregister.nl/geonetwork/srv/dut/inspire?service=CSW&version=2.0.2&request=GetRecordById&id=eu-2c7040b-c448-451b-bf15-f2416ecaadd1&elementsetname=full&outputSchema=http%3A%2F%2Fwww.isotc211.org%2F2005%2Fgmd
06:42:31.359 [ForkJoinPool-2-worker-63] ERROR com.intuit.karate - http request failed: 
java.net.SocketTimeoutException: Read timed out
06:42:31.397 [ForkJoinPool-2-worker-41] ERROR com.intuit.karate - java.net.SocketTimeoutException: Read timed out, http call failed after 30102 milliseconds for URL: http://nationaalgeoregister.nl/geonetwork/srv/dut/inspire?service=CSW&version=2.0.2&request=GetRecordById&id=uwwtd-9d8e-4758-83fa-28b057f185e3&elementsetname=full&outputSchema=http%3A%2F%2Fwww.isotc211.org%2F2005%2Fgmd
06:42:31.398 [ForkJoinPool-2-worker-41] ERROR com.intuit.karate - http request failed: 
java.net.SocketTimeoutException: Read timed out
06:42:31.487 [ForkJoinPool-2-worker-51] ERROR com.intuit.karate - java.net.SocketTimeoutException: Read timed out, http call failed after 30115 milliseconds for URL: http://nationaalgeoregister.nl/geonetwork/srv/dut/inspire?service=CSW&version=2.0.2&request=GetRecordById&id=uwwtd-9d8e-4758-83fa-28b057f185e2&elementsetname=full&outputSchema=http%3A%2F%2Fwww.isotc211.org%2F2005%2Fgmd
06:42:31.487 [ForkJoinPool-2-worker-51] ERROR com.intuit.karate - http request failed: 
java.net.SocketTimeoutException: Read timed out
06:43:00.479 [ForkJoinPool-2-worker-5] ERROR com.intuit.karate - java.net.SocketTimeoutException: Read timed out, http call failed after 30109 milliseconds for URL: http://nationaalgeoregister.nl/geonetwork/srv/dut/inspire?service=CSW&version=2.0.2&request=GetRecordById&id=uwwtd-9d8e-4758-83fa-28b057f185e1&elementsetname=full&outputSchema=http%3A%2F%2Fwww.isotc211.org%2F2005%2Fgmd
06:43:00.479 [ForkJoinPool-2-worker-5] ERROR com.intuit.karate - http request failed: 
java.net.SocketTimeoutException: Read timed out
06:43:00.491 [ForkJoinPool-2-worker-31] ERROR com.intuit.karate - java.net.SocketTimeoutException: Read timed out, http call failed after 30097 milliseconds for URL: http://nationaalgeoregister.nl/geonetwork/srv/dut/inspire?service=CSW&version=2.0.2&request=GetRecordById&id=be1b1514-8d1f-48e1-9624-fee9b784138b&elementsetname=full&outputSchema=http%3A%2F%2Fwww.isotc211.org%2F2005%2Fgmd
06:43:00.491 [ForkJoinPool-2-worker-31] ERROR com.intuit.karate - http request failed: 
java.net.SocketTimeoutException: Read timed out
06:43:00.521 [ForkJoinPool-2-worker-45] ERROR com.intuit.karate - java.net.SocketTimeoutException: Read timed out, http call failed after 30100 milliseconds for URL: http://nationaalgeoregister.nl/geonetwork/srv/dut/inspire?service=CSW&version=2.0.2&request=GetRecordById&id=25294679-adb9-4c39-a93b-6954ff9414ac&elementsetname=full&outputSchema=http%3A%2F%2Fwww.isotc211.org%2F2005%2Fgmd
06:43:00.521 [ForkJoinPool-2-worker-45] ERROR com.intuit.karate - http request failed: 
java.net.SocketTimeoutException: Read timed out
06:43:00.545 [ForkJoinPool-2-worker-61] ERROR com.intuit.karate - java.net.SocketTimeoutException: Read timed out, http call failed after 30097 milliseconds for URL: http://nationaalgeoregister.nl/geonetwork/srv/dut/inspire?service=CSW&version=2.0.2&request=GetRecordById&id=adn73c4a-ef03-4785-b7f6-942e86b385f5&elementsetname=full&outputSchema=http%3A%2F%2Fwww.isotc211.org%2F2005%2Fgmd
06:43:00.545 [ForkJoinPool-2-worker-61] ERROR com.intuit.karate - http request failed: 
java.net.SocketTimeoutException: Read timed out
06:43:00.632 [ForkJoinPool-2-worker-39] ERROR com.intuit.karate - java.net.SocketTimeoutException: Read timed out, http call failed after 30117 milliseconds for URL: http://nationaalgeoregister.nl/geonetwork/srv/dut/inspire?service=CSW&version=2.0.2&request=GetRecordById&id=f99e915a-75e5-4c36-97f2-61eff692d85b&elementsetname=full&outputSchema=http%3A%2F%2Fwww.isotc211.org%2F2005%2Fgmd
06:43:00.633 [ForkJoinPool-2-worker-39] ERROR com.intuit.karate - http request failed: 
java.net.SocketTimeoutException: Read timed out
06:43:00.672 [ForkJoinPool-2-worker-27] ERROR com.intuit.karate - java.net.SocketTimeoutException: Read timed out, http call failed after 30101 milliseconds for URL: http://nationaalgeoregister.nl/geonetwork/srv/dut/inspire?service=CSW&version=2.0.2&request=GetRecordById&id=29d5310f-dd0d-45ba-abad-b4ffc6b8785f&elementsetname=full&outputSchema=http%3A%2F%2Fwww.isotc211.org%2F2005%2Fgmd
06:43:00.672 [ForkJoinPool-2-worker-27] ERROR com.intuit.karate - http request failed: 
java.net.SocketTimeoutException: Read timed out
06:43:00.695 [ForkJoinPool-2-worker-13] ERROR com.intuit.karate - java.net.SocketTimeoutException: Read timed out, http call failed after 30097 milliseconds for URL: http://nationaalgeoregister.nl/geonetwork/srv/dut/inspire?service=CSW&version=2.0.2&request=GetRecordById&id=b6ee58a1-b097-4c6d-8600-eb81efc1468c&elementsetname=full&outputSchema=http%3A%2F%2Fwww.isotc211.org%2F2005%2Fgmd
06:43:00.695 [ForkJoinPool-2-worker-13] ERROR com.intuit.karate - http request failed: 
java.net.SocketTimeoutException: Read timed out
06:43:00.772 [ForkJoinPool-2-worker-55] ERROR com.intuit.karate - java.net.SocketTimeoutException: Read timed out, http call failed after 30101 milliseconds for URL: http://nationaalgeoregister.nl/geonetwork/srv/dut/inspire?service=CSW&version=2.0.2&request=GetRecordById&id=50a2c5e6-c8e7-425d-854e-26f578196bc9&elementsetname=full&outputSchema=http%3A%2F%2Fwww.isotc211.org%2F2005%2Fgmd
06:43:00.773 [ForkJoinPool-2-worker-55] ERROR com.intuit.karate - http request failed: 
java.net.SocketTimeoutException: Read timed out
06:43:00.786 [ForkJoinPool-2-worker-59] ERROR com.intuit.karate - java.net.SocketTimeoutException: Read timed out, http call failed after 30115 milliseconds for URL: http://nationaalgeoregister.nl/geonetwork/srv/dut/inspire?service=CSW&version=2.0.2&request=GetRecordById&id=14657c9b-91e4-4355-8563-2911ad0e78e4&elementsetname=full&outputSchema=http%3A%2F%2Fwww.isotc211.org%2F2005%2Fgmd
06:43:00.787 [ForkJoinPool-2-worker-59] ERROR com.intuit.karate - http request failed: 
java.net.SocketTimeoutException: Read timed out
06:43:00.863 [ForkJoinPool-2-worker-53] ERROR com.intuit.karate - java.net.SocketTimeoutException: Read timed out, http call failed after 30114 milliseconds for URL: http://nationaalgeoregister.nl/geonetwork/srv/dut/inspire?service=CSW&version=2.0.2&request=GetRecordById&id=9ed6b8ed-254a-4745-a09a-3b57137d1b69&elementsetname=full&outputSchema=http%3A%2F%2Fwww.isotc211.org%2F2005%2Fgmd
06:43:00.863 [ForkJoinPool-2-worker-53] ERROR com.intuit.karate - http request failed: 
java.net.SocketTimeoutException: Read timed out
06:43:00.923 [ForkJoinPool-2-worker-37] ERROR com.intuit.karate - java.net.SocketTimeoutException: Read timed out, http call failed after 30091 milliseconds for URL: http://nationaalgeoregister.nl/geonetwork/srv/dut/inspire?service=CSW&version=2.0.2&request=GetRecordById&id=0f128799-cf18-4b37-a721-e62b068191f5&elementsetname=full&outputSchema=http%3A%2F%2Fwww.isotc211.org%2F2005%2Fgmd
06:43:00.923 [ForkJoinPool-2-worker-37] ERROR com.intuit.karate - http request failed: 
java.net.SocketTimeoutException: Read timed out
06:43:00.989 [ForkJoinPool-2-worker-47] ERROR com.intuit.karate - java.net.SocketTimeoutException: Read timed out, http call failed after 30117 milliseconds for URL: http://nationaalgeoregister.nl/geonetwork/srv/dut/inspire?service=CSW&version=2.0.2&request=GetRecordById&id=17716ed7-ce0d-4bfd-8868-a398e5578a36&elementsetname=full&outputSchema=http%3A%2F%2Fwww.isotc211.org%2F2005%2Fgmd
06:43:00.989 [ForkJoinPool-2-worker-47] ERROR com.intuit.karate - http request failed: 
java.net.SocketTimeoutException: Read timed out
06:43:01.055 [ForkJoinPool-2-worker-23] ERROR com.intuit.karate - java.net.SocketTimeoutException: Read timed out, http call failed after 30114 milliseconds for URL: http://nationaalgeoregister.nl/geonetwork/srv/dut/inspire?service=CSW&version=2.0.2&request=GetRecordById&id=ror-9d8e-4758-83fx-28b057f185e1&elementsetname=full&outputSchema=http%3A%2F%2Fwww.isotc211.org%2F2005%2Fgmd
06:43:01.055 [ForkJoinPool-2-worker-23] ERROR com.intuit.karate - http request failed: 
java.net.SocketTimeoutException: Read timed out
06:43:01.090 [ForkJoinPool-2-worker-19] ERROR com.intuit.karate - java.net.SocketTimeoutException: Read timed out, http call failed after 30117 milliseconds for URL: http://nationaalgeoregister.nl/geonetwork/srv/dut/inspire?service=CSW&version=2.0.2&request=GetRecordById&id=4cda487b-c467-490c-a843-6563fec016be&elementsetname=full&outputSchema=http%3A%2F%2Fwww.isotc211.org%2F2005%2Fgmd
06:43:01.090 [ForkJoinPool-2-worker-19] ERROR com.intuit.karate - http request failed: 
java.net.SocketTimeoutException: Read timed out
06:43:01.152 [ForkJoinPool-2-worker-25] ERROR com.intuit.karate - java.net.SocketTimeoutException: Read timed out, http call failed after 30098 milliseconds for URL: http://nationaalgeoregister.nl/geonetwork/srv/dut/inspire?service=CSW&version=2.0.2&request=GetRecordById&id=76091be7-358a-4a44-8182-b4139c96c6a4&elementsetname=full&outputSchema=http%3A%2F%2Fwww.isotc211.org%2F2005%2Fgmd
06:43:01.152 [ForkJoinPool-2-worker-33] ERROR com.intuit.karate - java.net.SocketTimeoutException: Read timed out, http call failed after 30097 milliseconds for URL: http://nationaalgeoregister.nl/geonetwork/srv/dut/inspire?service=CSW&version=2.0.2&request=GetRecordById&id=af0c582f-9e6b-46e6-865a-fc3a2d5289b9&elementsetname=full&outputSchema=http%3A%2F%2Fwww.isotc211.org%2F2005%2Fgmd
06:43:01.152 [ForkJoinPool-2-worker-25] ERROR com.intuit.karate - http request failed: 
java.net.SocketTimeoutException: Read timed out
06:43:01.153 [ForkJoinPool-2-worker-33] ERROR com.intuit.karate - http request failed: 
java.net.SocketTimeoutException: Read timed out
06:43:01.196 [ForkJoinPool-2-worker-49] ERROR com.intuit.karate - java.net.SocketTimeoutException: Read timed out, http call failed after 30112 milliseconds for URL: http://nationaalgeoregister.nl/geonetwork/srv/dut/inspire?service=CSW&version=2.0.2&request=GetRecordById&id=aa3b5e6e-7baa-40c0-8972-3353e927ec2f&elementsetname=full&outputSchema=http%3A%2F%2Fwww.isotc211.org%2F2005%2Fgmd
06:43:01.197 [ForkJoinPool-2-worker-49] ERROR com.intuit.karate - http request failed: 
java.net.SocketTimeoutException: Read timed out
06:43:01.297 [ForkJoinPool-2-worker-3] ERROR com.intuit.karate - java.net.SocketTimeoutException: Read timed out, http call failed after 30104 milliseconds for URL: http://nationaalgeoregister.nl/geonetwork/srv/dut/inspire?service=CSW&version=2.0.2&request=GetRecordById&id=ed960299-a147-4c1a-bc57-41ff83a2264f&elementsetname=full&outputSchema=http%3A%2F%2Fwww.isotc211.org%2F2005%2Fgmd
06:43:01.297 [ForkJoinPool-2-worker-3] ERROR com.intuit.karate - http request failed: 
java.net.SocketTimeoutException: Read timed out
06:43:01.307 [ForkJoinPool-2-worker-11] ERROR com.intuit.karate - java.net.SocketTimeoutException: Read timed out, http call failed after 30114 milliseconds for URL: http://nationaalgeoregister.nl/geonetwork/srv/dut/inspire?service=CSW&version=2.0.2&request=GetRecordById&id=64ff8561-5c56-4cc1-ae0e-94366fb70b7e&elementsetname=full&outputSchema=http%3A%2F%2Fwww.isotc211.org%2F2005%2Fgmd
06:43:01.307 [ForkJoinPool-2-worker-11] ERROR com.intuit.karate - http request failed: 
java.net.SocketTimeoutException: Read timed out
06:43:01.347 [ForkJoinPool-2-worker-9] ERROR com.intuit.karate - java.net.SocketTimeoutException: Read timed out, http call failed after 30113 milliseconds for URL: http://nationaalgeoregister.nl/geonetwork/srv/dut/inspire?service=CSW&version=2.0.2&request=GetRecordById&id=c7d8d77b-8c47-4309-8c58-9b12b086407f&elementsetname=full&outputSchema=http%3A%2F%2Fwww.isotc211.org%2F2005%2Fgmd
06:43:01.347 [ForkJoinPool-2-worker-9] ERROR com.intuit.karate - http request failed: 
java.net.SocketTimeoutException: Read timed out
06:43:01.427 [ForkJoinPool-2-worker-17] ERROR com.intuit.karate - java.net.SocketTimeoutException: Read timed out, http call failed after 30103 milliseconds for URL: http://nationaalgeoregister.nl/geonetwork/srv/dut/inspire?service=CSW&version=2.0.2&request=GetRecordById&id=d9baa847-4652-4588-abe1-0b050f40f27f&elementsetname=full&outputSchema=http%3A%2F%2Fwww.isotc211.org%2F2005%2Fgmd
06:43:01.427 [ForkJoinPool-2-worker-17] ERROR com.intuit.karate - http request failed: 
java.net.SocketTimeoutException: Read timed out
06:43:01.482 [ForkJoinPool-2-worker-63] ERROR com.intuit.karate - java.net.SocketTimeoutException: Read timed out, http call failed after 30120 milliseconds for URL: http://nationaalgeoregister.nl/geonetwork/srv/dut/inspire?service=CSW&version=2.0.2&request=GetRecordById&id=280ed37a-b8d2-4ac5-8567-04d84fad3a41&elementsetname=full&outputSchema=http%3A%2F%2Fwww.isotc211.org%2F2005%2Fgmd
06:43:01.482 [ForkJoinPool-2-worker-63] ERROR com.intuit.karate - http request failed: 
java.net.SocketTimeoutException: Read timed out
06:43:03.129 [pool-3-thread-1] INFO  com.intuit.karate.Runner - <<fail>> feature 1 of 1: src/test/java/InspireTest/ngr/T02_Datasets.feature
---------------------------------------------------------
feature: src/test/java/InspireTest/ngr/T02_Datasets.feature
report: /home/runner/work/nl-ngr-validation/nl-ngr-validation/target/surefire-reports/src.test.java.InspireTest.ngr.T02_Datasets.json
scenarios: 197 | passed: 103 | failed: 94 | time: 2962.5540
---------------------------------------------------------

HTML report: (paste into browser to view) | Karate version: 0.9.6
file:/home/runner/work/nl-ngr-validation/nl-ngr-validation/target/surefire-reports/karate-summary.html
===================================================================

Karate version: 0.9.6
======================================================
elapsed: 129.04 | threads:   24 | thread time: 2962.55 
features:     1 | ignored:    0 | efficiency: 0.96
scenarios:  197 | passed:   103 | failed: 94
======================================================
failed features:
src.test.java.InspireTest.ngr.T02_Datasets: [1.104:22] T02_Datasets.feature:30 - 
java.net.SocketTimeoutException: Read timed out
[1.105:22] T02_Datasets.feature:30 - 
java.net.SocketTimeoutException: Read timed out
[1.106:22] T02_Datasets.feature:30 - 
java.net.SocketTimeoutException: Read timed out
[1.107:22] T02_Datasets.feature:30 - 
java.net.SocketTimeoutException: Read timed out
[1.108:22] T02_Datasets.feature:30 - 
java.net.SocketTimeoutException: Read timed out
[1.109:22] T02_Datasets.feature:30 - 
java.net.SocketTimeoutException: Read timed out
[1.110:22] T02_Datasets.feature:30 - 
java.net.SocketTimeoutException: Read timed out
[1.111:22] T02_Datasets.feature:30 - 
java.net.SocketTimeoutException: Read timed out
[1.112:22] T02_Datasets.feature:30 - 
java.net.SocketTimeoutException: Read timed out
[1.113:22] T02_Datasets.feature:30 - 
java.net.SocketTimeoutException: Read timed out
[1.114:22] T02_Datasets.feature:30 - 
java.net.SocketTimeoutException: Read timed out
[1.115:22] T02_Datasets.feature:30 - 
java.net.SocketTimeoutException: Read timed out
[1.116:22] T02_Datasets.feature:30 - 
java.net.SocketTimeoutException: Read timed out
[1.117:22] T02_Datasets.feature:30 - 
java.net.SocketTimeoutException: Read timed out
[1.118:22] T02_Datasets.feature:30 - 
java.net.SocketTimeoutException: Read timed out
[1.119:22] T02_Datasets.feature:30 - 
java.net.SocketTimeoutException: Read timed out
[1.120:22] T02_Datasets.feature:30 - 
java.net.SocketTimeoutException: Read timed out
[1.121:22] T02_Datasets.feature:30 - 
java.net.SocketTimeoutException: Read timed out
[1.122:22] T02_Datasets.feature:30 - 
java.net.SocketTimeoutException: Read timed out
[1.123:22] T02_Datasets.feature:30 - 
java.net.SocketTimeoutException: Read timed out
[1.124:22] T02_Datasets.feature:30 - 
java.net.SocketTimeoutException: Read timed out
[1.125:22] T02_Datasets.feature:30 - 
java.net.SocketTimeoutException: Read timed out
[1.126:22] T02_Datasets.feature:30 - 
java.net.SocketTimeoutException: Read timed out
[1.127:22] T02_Datasets.feature:30 - 
java.net.SocketTimeoutException: Read timed out
[1.128:22] T02_Datasets.feature:30 - 
java.net.SocketTimeoutException: Read timed out
[1.129:22] T02_Datasets.feature:30 - 
java.net.SocketTimeoutException: Read timed out
[1.130:22] T02_Datasets.feature:30 - 
java.net.SocketTimeoutException: Read timed out
[1.131:22] T02_Datasets.feature:30 - 
java.net.SocketTimeoutException: Read timed out
[1.132:22] T02_Datasets.feature:30 - 
java.net.SocketTimeoutException: Read timed out
[1.133:22] T02_Datasets.feature:30 - 
java.net.SocketTimeoutException: Read timed out
[1.134:22] T02_Datasets.feature:30 - 
java.net.SocketTimeoutException: Read timed out
[1.135:22] T02_Datasets.feature:30 - 
java.net.SocketTimeoutException: Read timed out
[1.136:22] T02_Datasets.feature:30 - 
java.net.SocketTimeoutException: Read timed out
[1.137:22] T02_Datasets.feature:30 - 
java.net.SocketTimeoutException: Read timed out
[1.138:22] T02_Datasets.feature:30 - 
java.net.SocketTimeoutException: Read timed out
[1.139:22] T02_Datasets.feature:30 - 
java.net.SocketTimeoutException: Read timed out
[1.140:22] T02_Datasets.feature:30 - 
java.net.SocketTimeoutException: Read timed out
[1.141:22] T02_Datasets.feature:30 - 
java.net.SocketTimeoutException: Read timed out
[1.142:22] T02_Datasets.feature:30 - 
java.net.SocketTimeoutException: Read timed out
[1.143:22] T02_Datasets.feature:30 - 
java.net.SocketTimeoutException: Read timed out
[1.144:22] T02_Datasets.feature:30 - 
java.net.SocketTimeoutException: Read timed out
[1.145:22] T02_Datasets.feature:30 - 
java.net.SocketTimeoutException: Read timed out
[1.146:22] T02_Datasets.feature:30 - 
java.net.SocketTimeoutException: Read timed out
[1.147:22] T02_Datasets.feature:30 - 
java.net.SocketTimeoutException: Read timed out
[1.148:22] T02_Datasets.feature:30 - 
java.net.SocketTimeoutException: Read timed out
[1.149:22] T02_Datasets.feature:30 - 
java.net.SocketTimeoutException: Read timed out
[1.150:22] T02_Datasets.feature:30 - 
java.net.SocketTimeoutException: Read timed out
[1.151:22] T02_Datasets.feature:30 - 
java.net.SocketTimeoutException: Read timed out
[1.152:22] T02_Datasets.feature:30 - 
java.net.SocketTimeoutException: Read timed out
[1.153:22] T02_Datasets.feature:30 - 
java.net.SocketTimeoutException: Read timed out
[1.154:22] T02_Datasets.feature:30 - 
java.net.SocketTimeoutException: Read timed out
[1.155:22] T02_Datasets.feature:30 - 
java.net.SocketTimeoutException: Read timed out
[1.156:22] T02_Datasets.feature:30 - 
java.net.SocketTimeoutException: Read timed out
[1.157:22] T02_Datasets.feature:30 - 
java.net.SocketTimeoutException: Read timed out
[1.158:22] T02_Datasets.feature:30 - 
java.net.SocketTimeoutException: Read timed out
[1.159:22] T02_Datasets.feature:30 - 
java.net.SocketTimeoutException: Read timed out
[1.160:22] T02_Datasets.feature:30 - 
java.net.SocketTimeoutException: Read timed out
[1.161:22] T02_Datasets.feature:30 - 
java.net.SocketTimeoutException: Read timed out
[1.162:22] T02_Datasets.feature:30 - 
java.net.SocketTimeoutException: Read timed out
[1.163:22] T02_Datasets.feature:30 - 
java.net.SocketTimeoutException: Read timed out
[1.164:22] T02_Datasets.feature:30 - 
java.net.SocketTimeoutException: Read timed out
[1.165:22] T02_Datasets.feature:30 - 
java.net.SocketTimeoutException: Read timed out
[1.166:22] T02_Datasets.feature:30 - 
java.net.SocketTimeoutException: Read timed out
[1.167:22] T02_Datasets.feature:30 - 
java.net.SocketTimeoutException: Read timed out
[1.168:22] T02_Datasets.feature:30 - 
java.net.SocketTimeoutException: Read timed out
[1.169:22] T02_Datasets.feature:30 - 
java.net.SocketTimeoutException: Read timed out
[1.170:22] T02_Datasets.feature:30 - 
java.net.SocketTimeoutException: Read timed out
[1.171:22] T02_Datasets.feature:30 - 
java.net.SocketTimeoutException: Read timed out
[1.172:22] T02_Datasets.feature:30 - 
java.net.SocketTimeoutException: Read timed out
[1.173:22] T02_Datasets.feature:30 - 
java.net.SocketTimeoutException: Read timed out
[1.174:22] T02_Datasets.feature:30 - 
java.net.SocketTimeoutException: Read timed out
[1.175:22] T02_Datasets.feature:30 - 
java.net.SocketTimeoutException: Read timed out
[1.176:22] T02_Datasets.feature:30 - 
java.net.SocketTimeoutException: Read timed out
[1.177:22] T02_Datasets.feature:30 - 
java.net.SocketTimeoutException: Read timed out
[1.178:22] T02_Datasets.feature:30 - 
java.net.SocketTimeoutException: Read timed out
[1.179:22] T02_Datasets.feature:30 - 
java.net.SocketTimeoutException: Read timed out
[1.180:22] T02_Datasets.feature:30 - 
java.net.SocketTimeoutException: Read timed out
[1.181:22] T02_Datasets.feature:30 - 
java.net.SocketTimeoutException: Read timed out
[1.182:22] T02_Datasets.feature:30 - 
java.net.SocketTimeoutException: Read timed out
[1.183:22] T02_Datasets.feature:30 - 
java.net.SocketTimeoutException: Read timed out
[1.184:22] T02_Datasets.feature:30 - 
java.net.SocketTimeoutException: Read timed out
[1.185:22] T02_Datasets.feature:30 - 
java.net.SocketTimeoutException: Read timed out
[1.186:22] T02_Datasets.feature:30 - 
java.net.SocketTimeoutException: Read timed out
[1.187:22] T02_Datasets.feature:30 - 
java.net.SocketTimeoutException: Read timed out
[1.188:22] T02_Datasets.feature:30 - 
java.net.SocketTimeoutException: Read timed out
[1.189:22] T02_Datasets.feature:30 - 
java.net.SocketTimeoutException: Read timed out
[1.190:22] T02_Datasets.feature:30 - 
java.net.SocketTimeoutException: Read timed out
[1.191:22] T02_Datasets.feature:30 - 
java.net.SocketTimeoutException: Read timed out
[1.192:22] T02_Datasets.feature:30 - 
java.net.SocketTimeoutException: Read timed out
[1.193:22] T02_Datasets.feature:30 - 
java.net.SocketTimeoutException: Read timed out
[1.194:22] T02_Datasets.feature:30 - 
java.net.SocketTimeoutException: Read timed out
[1.195:22] T02_Datasets.feature:30 - 
java.net.SocketTimeoutException: Read timed out
[1.196:22] T02_Datasets.feature:30 - 
java.net.SocketTimeoutException: Read timed out
[1.197:22] T02_Datasets.feature:30 - 
java.net.SocketTimeoutException: Read timed out

]]></system-out>
  </testcase>
</testsuite>