<?xml version="1.0" encoding="UTF-8"?>
<testsuite xmlns:xsi="http://www.w3.org/2001/XMLSchema-instance" xsi:noNamespaceSchemaLocation="https://maven.apache.org/surefire/maven-surefire-plugin/xsd/surefire-test-report-3.0.xsd" version="3.0" name="InspireTest.TestAll" time="3.599" tests="2" errors="1" skipped="0" failures="1">
  <properties>
[...]
</properties>
  <testcase name="T01_ids" classname="InspireTest.TestAll" time="2.599">
    <failure type="org.opentest4j.AssertionFailedError"><![CDATA[org.opentest4j.AssertionFailedError: 
failed features:
src.test.java.InspireTest.ngr.T01_Ids: T01_Ids.feature:34 - evaluation (js) failed: db.writeln(karate.pretty(list),outputpath + 'ids.json'), java.lang.RuntimeException: java.io.FileNotFoundException: /home/runner/work/nl-ngr-validation/nl-ngr-validation/output/T01_ids/ids.json (No such file or directory)
stack trace: jdk.scripting.nashorn/jdk.nashorn.internal.runtime.ScriptRuntime.apply(ScriptRuntime.java:531)
 ==> expected: <0> but was: <1>
	at InspireTest.TestAll.runtest(InspireTest.java:103)
	at InspireTest.TestAll.T01_ids(InspireTest.java:53)
]]></failure>
    <system-out><![CDATA[Cleaning: /home/runner/work/nl-ngr-validation/nl-ngr-validation/output
Cleaning: /home/runner/work/nl-ngr-validation/nl-ngr-validation/output/T01_Ids
start T01_Ids single paralell run :/home/runner/work/nl-ngr-validation/nl-ngr-validation/src/test/java/InspireTest/ngr/T01_Ids.feature
08:20:45.542 [main] INFO  com.intuit.karate.Runner - waiting for parallel features to complete ...
08:20:45.732 [ForkJoinPool-1-worker-51] INFO  com.intuit.karate - karate.env system property was:  
08:20:47.521 [pool-2-thread-1] INFO  com.intuit.karate.Runner - <<fail>> feature 1 of 1: src/test/java/InspireTest/ngr/T01_Ids.feature
---------------------------------------------------------
feature: src/test/java/InspireTest/ngr/T01_Ids.feature
report: /home/runner/work/nl-ngr-validation/nl-ngr-validation/target/surefire-reports/src.test.java.InspireTest.ngr.T01_Ids.json
scenarios:  1 | passed:  0 | failed:  1 | time: 1.4803
---------------------------------------------------------

HTML report: (paste into browser to view) | Karate version: 0.9.6
file:/home/runner/work/nl-ngr-validation/nl-ngr-validation/target/surefire-reports/karate-summary.html
===================================================================

Karate version: 0.9.6
======================================================
elapsed:   2.31 | threads:   24 | thread time: 1.48 
features:     1 | ignored:    0 | efficiency: 0.03
scenarios:    1 | passed:     0 | failed: 1
======================================================
failed features:
src.test.java.InspireTest.ngr.T01_Ids: T01_Ids.feature:34 - evaluation (js) failed: db.writeln(karate.pretty(list),outputpath + 'ids.json'), java.lang.RuntimeException: java.io.FileNotFoundException: /home/runner/work/nl-ngr-validation/nl-ngr-validation/output/T01_ids/ids.json (No such file or directory)
stack trace: jdk.scripting.nashorn/jdk.nashorn.internal.runtime.ScriptRuntime.apply(ScriptRuntime.java:531)

]]></system-out>
    <system-err><![CDATA[Warning: Nashorn engine is planned to be removed from a future JDK release
]]></system-err>
  </testcase>
  <testcase name="T02" classname="InspireTest.TestAll" time="0.002">
    <error type="java.io.FileNotFoundException"><![CDATA[java.io.FileNotFoundException: /home/runner/work/nl-ngr-validation/nl-ngr-validation/output/T02_datasets/datasets.csv (No such file or directory)
	at InspireTest.TestAll.T02(InspireTest.java:65)
]]></error>
    <system-out><![CDATA[Cleaning: /home/runner/work/nl-ngr-validation/nl-ngr-validation/output/T02_Datasets
]]></system-out>
  </testcase>
</testsuite>