<?xml version="1.0" encoding="UTF-8"?>
<testsuite xmlns:xsi="http://www.w3.org/2001/XMLSchema-instance" xsi:noNamespaceSchemaLocation="https://maven.apache.org/surefire/maven-surefire-plugin/xsd/surefire-test-report-3.0.xsd" version="3.0" name="InspireTest.TestAll" time="34.1" tests="1" errors="0" skipped="0" failures="1">
  <properties>
[...]
</properties>
  <testcase name="testParallel" classname="InspireTest.TestAll" time="34.078">
    <failure type="org.opentest4j.AssertionFailedError"><![CDATA[org.opentest4j.AssertionFailedError: 
failed features:
InspireTest.ngr.T03_services.referentietest: [1.1:128] referentietest.feature:28 - 
java.net.SocketTimeoutException: Read timed out
 ==> expected: <0> but was: <1>
	at InspireTest.TestAll.testParallel(InspireTest.java:27)
]]></failure>
    <system-out><![CDATA[11:50:29.608 [main] INFO  com.intuit.karate.RunnerOptions - found system property 'karate.options': --tags @step3
11:50:30.366 [main] INFO  com.intuit.karate.Runner - waiting for parallel features to complete ...
11:50:30.671 [ForkJoinPool-1-worker-37] INFO  com.intuit.karate - karate.env system property was:  
11:50:30.673 [ForkJoinPool-1-worker-9] INFO  com.intuit.karate - karate.env system property was:  
11:50:30.679 [ForkJoinPool-1-worker-51] INFO  com.intuit.karate - karate.env system property was:  
11:50:30.679 [ForkJoinPool-1-worker-59] INFO  com.intuit.karate - karate.env system property was:  
11:50:30.663 [ForkJoinPool-1-worker-23] INFO  com.intuit.karate - karate.env system property was:  
11:50:32.662 [ForkJoinPool-1-worker-51] INFO  com.intuit.karate - [print] 204
11:50:36.828 [ForkJoinPool-1-worker-9] INFO  com.intuit.karate - [print] {
  "EtfItemCollection": {
    "returnedItems": 68,
    "ref": "https://inspire.ec.europa.eu/validator//v2/ExecutableTestSuites.json?&offset=0&limit=1500&fields=id,label",
    "executableTestSuites": {
      "ExecutableTestSuite": [
        {
          "id": "EID59692c11-df86-49ad-be7f-94a1e1ddd8da",
          "label": "Common Requirements for ISO/TC 19139:2007 based INSPIRE metadata records."
        },
        {
          "id": "EIDe4a95862-9cc9-436b-9fdd-a0115d342350",
          "label": "Conformance Class 1: INSPIRE data sets and data set series baseline metadata."
        },
        {
          "id": "EID2be1480a-fe42-40b2-9420-eb0e69385c80",
          "label": "Conformance Class 2: INSPIRE data sets and data set series interoperability metadata."
        },
        {
          "id": "EID0b86f7a3-2947-4841-823d-6a00d8e06d70",
          "label": "Conformance Class 2b: INSPIRE data sets and data set series metadata for Monitoring"
        },
        {
          "id": "EID8f869e23-c9e9-4e86-8dca-be30ff421229",
          "label": "Conformance Class 3: INSPIRE Spatial Data Service baseline metadata."
        },
        {
          "id": "EID606587df-65a8-4b7b-9eee-e0d94daaa42a",
          "label": "Conformance Class 4: INSPIRE Network Services metadata."
        },
        {
          "id": "EID8db54d8a-8578-4959-b891-5394d9f53a28",
          "label": "Conformance Class 5: INSPIRE Invocable Spatial Data Services metadata."
        },
        {
          "id": "EID7514777a-6cb8-499c-acd5-912496dc84e9",
          "label": "Conformance Class 6: INSPIRE Interoperable Spatial Data Services metadata."
        },
        {
          "id": "EIDa593a7ad-42d9-46d0-985d-9dff3e684428",
          "label": "Conformance Class 7: INSPIRE Harmonised Spatial Data Services metadata."
        },
        {
          "id": "EIDc837298f-a10e-42d1-88f2-f1415cbbb463",
          "label": "Conformance Class: Discovery Service - CSW Core"
        },
        {
          "id": "EIDed2d3501-d700-4ff9-b9bf-070dece8ddbd",
          "label": "Conformance Class: Download Service - Direct WFS"
        },
        {
          "id": "EID11571c92-3940-4f42-a6cd-5e2b1c6f4d93",
          "label": "Conformance Class: Download Service - Pre-defined Atom"
        },
        {
          "id": "EID0ff73873-5601-41ff-8d92-3fb1fbba3cf2",
          "label": "Conformance Class: Download Service - Pre-defined SOS"
        },
        {
          "id": "EID174edf55-699b-446c-968c-1892a4d8d5bd",
          "label": "Conformance Class: Download Service - Pre-defined WFS"
        },
        {
          "id": "EID074570ad-d720-47b3-af79-d54201793404",
          "label": "Conformance Class: Download Service - WCS Core"
        },
        {
          "id": "EIDeec9d674-d94b-4d8d-b744-1309c6cae1d2",
          "label": "Conformance Class: View Service - WMS"
        },
        {
          "id": "EID550ceacf-b3cb-47a0-b2dd-d3edb18344a9",
          "label": "Conformance Class: View Service - WMTS"
        },
        {
          "id": "EID1f9bc92a-5879-4e9b-bcbe-1d2d0cab0aab",
          "label": "Conformance class: Application Schema, Cadastral parcel"
        },
        {
          "id": "EID8aaef94b-6a4d-47ab-a5d0-70ad5cb28b08",
          "label": "Conformance class: Application schema, Addresses"
        },
        {
          "id": "EIDddecef4b-89a3-4f9d-9246-a50b588fa5a2",
          "label": "Conformance class: Application schema, Administrative Units"
        },
        {
          "id": "EID6800c834-b4e0-4631-9209-73530fb9ccee",
          "label": "Conformance class: Application schema, Air Transport Networks"
        },
        {
          "id": "EID731621b9-2daa-49fd-99ef-9279b7f335b5",
          "label": "Conformance class: Application schema, Cable Transport Networks"
        },
        {
          "id": "EID0fc46305-c623-422b-b7d7-251c3b86eb7f",
          "label": "Conformance class: Application schema, Geographical Names"
        },
        {
          "id": "EIDe008001b-5233-4081-a1ae-515d7702ce02",
          "label": "Conformance class: Application schema, Hydrography - Network"
        },
        {
          "id": "EID45133c90-1929-405c-867d-9648b0620bf7",
          "label": "Conformance class: Application schema, Hydrography - Physical Waters"
        },
        {
          "id": "EID117562c2-d6e1-4345-9f7b-cba229cf6685",
          "label": "Conformance class: Application schema, Maritime Units"
        },
        {
          "id": "EID4c53a8c7-7cac-4531-982b-d03eb48ffa77",
          "label": "Conformance class: Application schema, Protected Sites Simple"
        },
        {
          "id": "EIDe2610a9f-6432-489d-8238-92b1193e7a3d",
          "label": "Conformance class: Application schema, Rail Transport Networks"
        },
        {
          "id": "EID14986e54-74c4-43b0-979b-d0d3e5cd0e8c",
          "label": "Conformance class: Application schema, Road Transport Networks"
        },
        {
          "id": "EID4441cbde-371f-4899-90b3-145f4fd08ebc",
          "label": "Conformance class: Application schema, Transport Networks Common"
        },
        {
          "id": "EIDeb35a20f-188d-4fd3-aee1-dd07eb3c3efa",
          "label": "Conformance class: Application schema, Water Transport Networks"
        },
        {
          "id": "EID9c31fa6e-1fab-4345-bf29-6d2c129de312",
          "label": "Conformance class: Data consistency, Addresses"
        },
        {
          "id": "EIDacc5931c-4ff0-499f-b916-3cda1603456b",
          "label": "Conformance class: Data consistency, Administrative Units"
        },
        {
          "id": "EID92032cdb-db88-42aa-96c0-70a1af9e68b1",
          "label": "Conformance class: Data consistency, Cadastral Parcels"
        },
        {
          "id": "EID61070ae8-13cb-4303-a340-72c8b877b00a",
          "label": "Conformance class: Data consistency, General requirements"
        },
        {
          "id": "EIDa32f76c7-f1d3-4d70-83ef-d51d2545fa2e",
          "label": "Conformance class: Data consistency, Geographical Names"
        },
        {
          "id": "EIDd0b58f38-98ae-43a8-a787-9a5084c60267",
          "label": "Conformance class: Data consistency, Hydrography"
        },
        {
          "id": "EID7831c8b4-f666-4534-838a-137b30bfecbe",
          "label": "Conformance class: Data consistency, Protected Sites"
        },
        {
          "id": "EID733af9a0-312b-4f71-9aa2-977cd2134d23",
          "label": "Conformance class: Data consistency, Transport Networks"
        },
        {
          "id": "EIDe6800faf-2e56-47df-831a-75a96b35f33d",
          "label": "Conformance class: GML application schemas, Addresses"
        },
        {
          "id": "EID47c569bc-677d-4ce3-8411-e2b29189332a",
          "label": "Conformance class: GML application schemas, Administrative Units"
        },
        {
          "id": "EID18b742d0-15eb-421f-bbec-7c8c5cf7ee1a",
          "label": "Conformance class: GML application schemas, Cadastral Parcels"
        },
        {
          "id": "EID02b7b0cb-429a-4f4e-b0db-988464fb9496",
          "label": "Conformance class: GML application schemas, Geographical Names"
        },
        {
          "id": "EID81b070d3-b17f-430b-abee-456268346912",
          "label": "Conformance class: GML application schemas, Hydrography"
        },
        {
          "id": "EID8222c253-8468-4b94-a46b-2d1af1698a65",
          "label": "Conformance class: GML application schemas, Protected Sites"
        },
        {
          "id": "EID9af1c865-1cf0-43ff-9250-069df01b0948",
          "label": "Conformance class: GML application schemas, Transport Networks"
        },
        {
          "id": "EID09820daf-62b2-4fa3-a95f-56a0d2b7c4d8",
          "label": "Conformance class: INSPIRE GML application schemas, General requirements"
        },
        {
          "id": "EID545f9e49-009b-4114-9333-7ca26413b5d4",
          "label": "Conformance class: INSPIRE GML encoding"
        },
        {
          "id": "EIDec7323d5-d8f0-4cfe-b23a-b826df86d58c",
          "label": "Conformance class: INSPIRE Profile based on EN ISO 19115 and EN ISO 19119"
        },
        {
          "id": "EID334bbd38-378d-4a44-8a19-5d00df919ec0",
          "label": "Conformance class: Information accessibility, Addresses"
        },
        {
          "id": "EIDee28b75e-5c80-4370-838d-ab1b18e30b13",
          "label": "Conformance class: Information accessibility, Administrative Units"
        },
        {
          "id": "EIDc4fbae00-3070-49fa-b803-24c66c31ac70",
          "label": "Conformance class: Information accessibility, Cadastral Parcels"
        },
        {
          "id": "EID499937ea-0590-42d2-bd7a-1cafff35ecdb",
          "label": "Conformance class: Information accessibility, General requirements"
        },
        {
          "id": "EIDc3379b85-853e-4a35-8c3d-b64191d94587",
          "label": "Conformance class: Information accessibility, Geographical Names"
        },
        {
          "id": "EID893b7541-c9cb-4e0a-9f84-5d55cad1866c",
          "label": "Conformance class: Information accessibility, Hydrography"
        },
        {
          "id": "EIDb529e8fa-b9f8-4758-acea-1d2af744599f",
          "label": "Conformance class: Information accessibility, Protected Sites"
        },
        {
          "id": "EIDdf5db9a4-b15f-4193-a6ff-6e9951af46f5",
          "label": "Conformance class: Information accessibility, Transport Networks"
        },
        {
          "id": "EID9a31ecfc-6673-43c0-9a31-b4595fb53a98",
          "label": "Conformance class: Metadata for interoperability"
        },
        {
          "id": "EIDdbcc48ae-6871-4444-8e95-547bc22aacb2",
          "label": "Conformance class: Reference Systems, Cadastral Parcels"
        },
        {
          "id": "EID6985a681-fd81-4448-83e8-061758b9ca8c",
          "label": "Conformance class: Reference systems, Addresses"
        },
        {
          "id": "EIDcafb75f8-5deb-4cca-89df-d3189322e97f",
          "label": "Conformance class: Reference systems, Administrative Units"
        },
        {
          "id": "EID63f586f0-080c-493b-8ca2-9919427440cc",
          "label": "Conformance class: Reference systems, General requirements"
        },
        {
          "id": "EID1620bd27-b881-48a2-bf2b-301541e035f4",
          "label": "Conformance class: Reference systems, Geographical Names"
        },
        {
          "id": "EID122b2f38-302f-4271-9653-69cf86fcb5c4",
          "label": "Conformance class: Reference systems, Hydrography"
        },
        {
          "id": "EID828410c1-53f2-4683-bded-481ad9d4d3e9",
          "label": "Conformance class: Reference systems, Protected Sites"
        },
        {
          "id": "EID9d35024d-9dd7-43a9-afff-d5aea5f51595",
          "label": "Conformance class: Reference systems, Transport Networks"
        },
        {
          "id": "EIDe3500038-e37c-4dcf-806c-6bc82d585b3b",
          "label": "Conformance class: XML encoding of ISO 19115/19119 metadata"
        },
        {
          "id": "EID95a1b6fc-2b55-3d43-9502-3b8b605bda10",
          "label": "WFS 2.0 (OGC 09-025r2/ISO 19142) Conformance Test Suite"
        }
      ]
    },
    "position": 0,
    "version": 2.0
  }
}

11:50:36.950 [pool-1-thread-10] INFO  com.intuit.karate.Runner - <<pass>> feature 10 of 17: classpath:InspireTest/ngr/T03_services/Inspire validator up.feature
---------------------------------------------------------
feature: classpath:InspireTest/ngr/T03_services/Inspire validator up.feature
report: target/surefire-reports/InspireTest.ngr.T03_services.Inspire validator up.json
scenarios:  4 | passed:  4 | failed:  0 | time: 13.7414
---------------------------------------------------------
11:51:02.480 [ForkJoinPool-1-worker-23] ERROR com.intuit.karate - java.net.SocketTimeoutException: Read timed out, http call failed after 31433 milliseconds for URL: https://inspire.ec.europa.eu/validator/v2/TestRuns
11:51:02.480 [ForkJoinPool-1-worker-23] ERROR com.intuit.karate - http request failed: 
java.net.SocketTimeoutException: Read timed out
11:51:02.490 [pool-1-thread-9] INFO  com.intuit.karate.Runner - <<fail>> feature 9 of 17: classpath:InspireTest/ngr/T03_services/referentietest.feature
---------------------------------------------------------
feature: classpath:InspireTest/ngr/T03_services/referentietest.feature
report: target/surefire-reports/InspireTest.ngr.T03_services.referentietest.json
scenarios:  1 | passed:  0 | failed:  1 | time: 31.5375
---------------------------------------------------------

HTML report: (paste into browser to view) | Karate version: 0.9.6
file:/home/runner/work/nl-ngr-validation/nl-ngr-validation/target/surefire-reports/karate-summary.html
===================================================================

Karate version: 0.9.6
======================================================
elapsed:  32.89 | threads:   24 | thread time: 45.28 
features:     2 | ignored:   15 | efficiency: 0.06
scenarios:    5 | passed:     4 | failed: 1
======================================================
failed features:
InspireTest.ngr.T03_services.referentietest: [1.1:128] referentietest.feature:28 - 
java.net.SocketTimeoutException: Read timed out

]]></system-out>
    <system-err><![CDATA[Warning: Nashorn engine is planned to be removed from a future JDK release
ERROR StatusLogger No log4j2 configuration file found. Using default configuration: logging only errors to the console. Set system property 'org.apache.logging.log4j.simplelog.StatusLogger.level' to TRACE to show Log4j2 internal initialization logging.
]]></system-err>
  </testcase>
</testsuite>