<?xml version="1.0" encoding="UTF-8"?>
<testsuite xmlns:xsi="http://www.w3.org/2001/XMLSchema-instance" xsi:noNamespaceSchemaLocation="https://maven.apache.org/surefire/maven-surefire-plugin/xsd/surefire-test-report-3.0.xsd" version="3.0" name="InspireTest.TestAll" time="9.117" tests="1" errors="0" skipped="0" failures="1">
  <properties>
[...]
</properties>
  <testcase name="testParallel" classname="InspireTest.TestAll" time="9.092">
    <failure type="org.opentest4j.AssertionFailedError"><![CDATA[org.opentest4j.AssertionFailedError: 
failed features:
InspireTest.ngr.T01_ids.ngr-do-once: ngr-do-once.feature:5 - 
writedatasetcsvheader.template.feature:11 - evaluation (js) failed: db.writeln( '"datasetIdentifierCode","title","dataIdentificationCitationAnchor","organisation","electronicMailAddress","metadataStandardVersion",', outputpath + 'datasets.csv'), java.lang.RuntimeException: java.io.FileNotFoundException: /home/runner/work/nl-ngr-validation/nl-ngr-validation/output/datasets.csv (No such file or directory)
stack trace: jdk.scripting.nashorn/jdk.nashorn.internal.runtime.ScriptRuntime.apply(ScriptRuntime.java:531)
ngr-do-once.feature:10 - 
getcswbriefrecords.feature:29 - evaluation (js) failed: db.writeln(karate.pretty(list),idfile), java.lang.RuntimeException: java.io.FileNotFoundException: /home/runner/work/nl-ngr-validation/nl-ngr-validation/output/ids.json (No such file or directory)
stack trace: jdk.scripting.nashorn/jdk.nashorn.internal.runtime.ScriptRuntime.apply(ScriptRuntime.java:531)
 ==> expected: <0> but was: <2>
	at InspireTest.TestAll.testParallel(InspireTest.java:27)
]]></failure>
    <system-out><![CDATA[12:17:15.213 [main] INFO  com.intuit.karate.RunnerOptions - found system property 'karate.options': --tags @step0
12:17:15.864 [main] INFO  com.intuit.karate.Runner - waiting for parallel features to complete ...
12:17:16.158 [ForkJoinPool-1-worker-51] INFO  com.intuit.karate - karate.env system property was:  
12:17:16.157 [ForkJoinPool-1-worker-37] INFO  com.intuit.karate - karate.env system property was:  
12:17:16.472 [ForkJoinPool-1-worker-51] INFO  com.intuit.karate - >> lock acquired, begin callonce: read('classpath:InspireTest/def/writedatasetcsvheader.template.feature')
12:17:16.549 [ForkJoinPool-1-worker-51] ERROR com.intuit.karate - feature call failed: classpath:InspireTest/def/writedatasetcsvheader.template.feature
arg: null
writedatasetcsvheader.template.feature:11 - evaluation (js) failed: db.writeln( '"datasetIdentifierCode","title","dataIdentificationCitationAnchor","organisation","electronicMailAddress","metadataStandardVersion",', outputpath + 'datasets.csv'), java.lang.RuntimeException: java.io.FileNotFoundException: /home/runner/work/nl-ngr-validation/nl-ngr-validation/output/datasets.csv (No such file or directory)
stack trace: jdk.scripting.nashorn/jdk.nashorn.internal.runtime.ScriptRuntime.apply(ScriptRuntime.java:531)
12:17:16.552 [ForkJoinPool-1-worker-37] INFO  com.intuit.karate - >> lock acquired, begin callonce: read('classpath:InspireTest/def/getcswbriefrecords.feature')
12:17:22.889 [ForkJoinPool-1-worker-37] INFO  com.intuit.karate - [print] /home/runner/work/nl-ngr-validation/nl-ngr-validation/output/ids.json
12:17:22.929 [ForkJoinPool-1-worker-37] ERROR com.intuit.karate - feature call failed: classpath:InspireTest/def/getcswbriefrecords.feature
arg: null
getcswbriefrecords.feature:29 - evaluation (js) failed: db.writeln(karate.pretty(list),idfile), java.lang.RuntimeException: java.io.FileNotFoundException: /home/runner/work/nl-ngr-validation/nl-ngr-validation/output/ids.json (No such file or directory)
stack trace: jdk.scripting.nashorn/jdk.nashorn.internal.runtime.ScriptRuntime.apply(ScriptRuntime.java:531)
12:17:22.992 [pool-1-thread-5] INFO  com.intuit.karate.Runner - <<fail>> feature 5 of 13: classpath:InspireTest/ngr/T01_ids/ngr-do-once.feature
---------------------------------------------------------
feature: classpath:InspireTest/ngr/T01_ids/ngr-do-once.feature
report: target/surefire-reports/InspireTest.ngr.T01_ids.ngr-do-once.json
scenarios:  2 | passed:  0 | failed:  2 | time: 6.5739
---------------------------------------------------------

HTML report: (paste into browser to view) | Karate version: 0.9.6
file:/home/runner/work/nl-ngr-validation/nl-ngr-validation/target/surefire-reports/karate-summary.html
===================================================================

Karate version: 0.9.6
======================================================
elapsed:   7.79 | threads:   24 | thread time: 6.57 
features:     1 | ignored:   12 | efficiency: 0.04
scenarios:    2 | passed:     0 | failed: 2
======================================================
failed features:
InspireTest.ngr.T01_ids.ngr-do-once: ngr-do-once.feature:5 - 
writedatasetcsvheader.template.feature:11 - evaluation (js) failed: db.writeln( '"datasetIdentifierCode","title","dataIdentificationCitationAnchor","organisation","electronicMailAddress","metadataStandardVersion",', outputpath + 'datasets.csv'), java.lang.RuntimeException: java.io.FileNotFoundException: /home/runner/work/nl-ngr-validation/nl-ngr-validation/output/datasets.csv (No such file or directory)
stack trace: jdk.scripting.nashorn/jdk.nashorn.internal.runtime.ScriptRuntime.apply(ScriptRuntime.java:531)
ngr-do-once.feature:10 - 
getcswbriefrecords.feature:29 - evaluation (js) failed: db.writeln(karate.pretty(list),idfile), java.lang.RuntimeException: java.io.FileNotFoundException: /home/runner/work/nl-ngr-validation/nl-ngr-validation/output/ids.json (No such file or directory)
stack trace: jdk.scripting.nashorn/jdk.nashorn.internal.runtime.ScriptRuntime.apply(ScriptRuntime.java:531)

]]></system-out>
    <system-err><![CDATA[Warning: Nashorn engine is planned to be removed from a future JDK release
ERROR StatusLogger No log4j2 configuration file found. Using default configuration: logging only errors to the console. Set system property 'org.apache.logging.log4j.simplelog.StatusLogger.level' to TRACE to show Log4j2 internal initialization logging.
]]></system-err>
  </testcase>
</testsuite>