<?xml version="1.0" encoding="UTF-8"?>
<testsuite xmlns:xsi="http://www.w3.org/2001/XMLSchema-instance" xsi:noNamespaceSchemaLocation="https://maven.apache.org/surefire/maven-surefire-plugin/xsd/surefire-test-report-3.0.xsd" version="3.0" name="InspireTest.TestAll" time="4.982" tests="1" errors="0" skipped="0" failures="1">
  <properties>
[...]
</properties>
  <testcase name="testParallel" classname="InspireTest.TestAll" time="4.954">
    <failure type="org.opentest4j.AssertionFailedError"><![CDATA[org.opentest4j.AssertionFailedError: 
failed features:
InspireTest.ngr.T01_ids.ngr-check-dataset-record: [1:14] ngr-check-dataset-record.feature:14 - could not find or read file: null:ids.json
 ==> expected: <0> but was: <1>
	at InspireTest.TestAll.testParallel(InspireTest.java:27)
]]></failure>
    <system-out><![CDATA[---------------------------------------------------------
feature: classpath:InspireTest/ngr/T01_ids/ngr-check-dataset-record.feature
report: target/surefire-reports/InspireTest.ngr.T01_ids.ngr-check-dataset-record.json
scenarios:  1 | passed:  0 | failed:  1 | time: 0.0836
---------------------------------------------------------
---------------------------------------------------------
feature: classpath:InspireTest/ngr/T01_ids/ngr-write-header.feature
report: target/surefire-reports/InspireTest.ngr.T01_ids.ngr-write-header.json
scenarios:  1 | passed:  1 | failed:  0 | time: 0.0484
---------------------------------------------------------
---------------------------------------------------------
feature: classpath:InspireTest/ngr/T01_ids/ngr-do-once.feature
report: target/surefire-reports/InspireTest.ngr.T01_ids.ngr-do-once.json
scenarios:  2 | passed:  2 | failed:  0 | time: 2.3525
---------------------------------------------------------

HTML report: (paste into browser to view) | Karate version: 0.9.6
file:/home/runner/work/nl-ngr-validation/nl-ngr-validation/target/surefire-reports/karate-summary.html
===================================================================

Karate version: 0.9.6
======================================================
elapsed:   3.58 | threads:    6 | thread time: 2.48 
features:     3 | ignored:   11 | efficiency: 0.12
scenarios:    4 | passed:     3 | failed: 1
======================================================
failed features:
InspireTest.ngr.T01_ids.ngr-check-dataset-record: [1:14] ngr-check-dataset-record.feature:14 - could not find or read file: null:ids.json

]]></system-out>
    <system-err><![CDATA[Warning: Nashorn engine is planned to be removed from a future JDK release
ERROR StatusLogger No log4j2 configuration file found. Using default configuration: logging only errors to the console. Set system property 'org.apache.logging.log4j.simplelog.StatusLogger.level' to TRACE to show Log4j2 internal initialization logging.
]]></system-err>
  </testcase>
</testsuite>