<?xml version="1.0" encoding="UTF-8"?>
<testsuite xmlns:xsi="http://www.w3.org/2001/XMLSchema-instance" xsi:noNamespaceSchemaLocation="https://maven.apache.org/surefire/maven-surefire-plugin/xsd/surefire-test-report-3.0.xsd" version="3.0" name="InspireTest.TestAll" time="14.206" tests="1" errors="0" skipped="0" failures="1">
  <properties>
[...]
</properties>
  <testcase name="testParallel" classname="InspireTest.TestAll" time="14.179">
    <failure type="org.opentest4j.AssertionFailedError"><![CDATA[org.opentest4j.AssertionFailedError: 
failed features:
InspireTest.ngr.T04_extra.check-known-links: [1:5] check-known-links.feature:5 - could not find or read file: classpath:InspireTest/ngr/def/knownlink.csv
InspireTest.ngr.T03_services.check-known-service-record: [1.1:24] check-known-service-record.feature:36 - path: /GetRecordByIdResponse/MD_Metadata/fileIdentifier/CharacterString, actual: null, expected: '<serviceIdentifierCode>', reason: actual xpath does not exist
[1.2:24] check-known-service-record.feature:36 - path: /GetRecordByIdResponse/MD_Metadata/fileIdentifier/CharacterString, actual: null, expected: '<serviceIdentifierCode>', reason: actual xpath does not exist
[1.3:24] check-known-service-record.feature:36 - path: /GetRecordByIdResponse/MD_Metadata/fileIdentifier/CharacterString, actual: null, expected: '<serviceIdentifierCode>', reason: actual xpath does not exist
[1.4:24] check-known-service-record.feature:36 - path: /GetRecordByIdResponse/MD_Metadata/fileIdentifier/CharacterString, actual: null, expected: '<serviceIdentifierCode>', reason: actual xpath does not exist
[1.5:24] check-known-service-record.feature:36 - path: /GetRecordByIdResponse/MD_Metadata/fileIdentifier/CharacterString, actual: null, expected: '<serviceIdentifierCode>', reason: actual xpath does not exist
[1.6:24] check-known-service-record.feature:36 - path: /GetRecordByIdResponse/MD_Metadata/fileIdentifier/CharacterString, actual: null, expected: '<serviceIdentifierCode>', reason: actual xpath does not exist
[1.7:24] check-known-service-record.feature:36 - path: /GetRecordByIdResponse/MD_Metadata/fileIdentifier/CharacterString, actual: null, expected: '<serviceIdentifierCode>', reason: actual xpath does not exist
[1.8:24] check-known-service-record.feature:36 - path: /GetRecordByIdResponse/MD_Metadata/fileIdentifier/CharacterString, actual: null, expected: '<serviceIdentifierCode>', reason: actual xpath does not exist
[1.9:24] check-known-service-record.feature:36 - path: /GetRecordByIdResponse/MD_Metadata/fileIdentifier/CharacterString, actual: null, expected: '<serviceIdentifierCode>', reason: actual xpath does not exist
[1.10:24] check-known-service-record.feature:36 - path: /GetRecordByIdResponse/MD_Metadata/fileIdentifier/CharacterString, actual: null, expected: '<serviceIdentifierCode>', reason: actual xpath does not exist
[1.11:24] check-known-service-record.feature:36 - path: /GetRecordByIdResponse/MD_Metadata/fileIdentifier/CharacterString, actual: null, expected: '<serviceIdentifierCode>', reason: actual xpath does not exist
[1.12:24] check-known-service-record.feature:36 - path: /GetRecordByIdResponse/MD_Metadata/fileIdentifier/CharacterString, actual: null, expected: '<serviceIdentifierCode>', reason: actual xpath does not exist
[1.13:24] check-known-service-record.feature:36 - path: /GetRecordByIdResponse/MD_Metadata/fileIdentifier/CharacterString, actual: null, expected: '<serviceIdentifierCode>', reason: actual xpath does not exist
[1.14:24] check-known-service-record.feature:36 - path: /GetRecordByIdResponse/MD_Metadata/fileIdentifier/CharacterString, actual: null, expected: '<serviceIdentifierCode>', reason: actual xpath does not exist
[1.15:24] check-known-service-record.feature:36 - path: /GetRecordByIdResponse/MD_Metadata/fileIdentifier/CharacterString, actual: null, expected: '<serviceIdentifierCode>', reason: actual xpath does not exist
[1.16:24] check-known-service-record.feature:36 - path: /GetRecordByIdResponse/MD_Metadata/fileIdentifier/CharacterString, actual: null, expected: '<serviceIdentifierCode>', reason: actual xpath does not exist
[1.17:24] check-known-service-record.feature:36 - path: /GetRecordByIdResponse/MD_Metadata/fileIdentifier/CharacterString, actual: null, expected: '<serviceIdentifierCode>', reason: actual xpath does not exist
[1.18:24] check-known-service-record.feature:36 - path: /GetRecordByIdResponse/MD_Metadata/fileIdentifier/CharacterString, actual: null, expected: '<serviceIdentifierCode>', reason: actual xpath does not exist
[1.19:24] check-known-service-record.feature:36 - path: /GetRecordByIdResponse/MD_Metadata/fileIdentifier/CharacterString, actual: null, expected: '<serviceIdentifierCode>', reason: actual xpath does not exist
[1.20:24] check-known-service-record.feature:36 - path: /GetRecordByIdResponse/MD_Metadata/fileIdentifier/CharacterString, actual: null, expected: '<serviceIdentifierCode>', reason: actual xpath does not exist
[1.21:24] check-known-service-record.feature:36 - path: /GetRecordByIdResponse/MD_Metadata/fileIdentifier/CharacterString, actual: null, expected: '<serviceIdentifierCode>', reason: actual xpath does not exist
[1.22:24] check-known-service-record.feature:36 - path: /GetRecordByIdResponse/MD_Metadata/fileIdentifier/CharacterString, actual: null, expected: '<serviceIdentifierCode>', reason: actual xpath does not exist
[1.23:24] check-known-service-record.feature:36 - path: /GetRecordByIdResponse/MD_Metadata/fileIdentifier/CharacterString, actual: null, expected: '<serviceIdentifierCode>', reason: actual xpath does not exist
[1.24:24] check-known-service-record.feature:36 - path: /GetRecordByIdResponse/MD_Metadata/fileIdentifier/CharacterString, actual: null, expected: '<serviceIdentifierCode>', reason: actual xpath does not exist
[1.25:24] check-known-service-record.feature:36 - path: /GetRecordByIdResponse/MD_Metadata/fileIdentifier/CharacterString, actual: null, expected: '<serviceIdentifierCode>', reason: actual xpath does not exist
[1.26:24] check-known-service-record.feature:36 - path: /GetRecordByIdResponse/MD_Metadata/fileIdentifier/CharacterString, actual: null, expected: '<serviceIdentifierCode>', reason: actual xpath does not exist
[1.27:24] check-known-service-record.feature:36 - path: /GetRecordByIdResponse/MD_Metadata/fileIdentifier/CharacterString, actual: null, expected: '<serviceIdentifierCode>', reason: actual xpath does not exist
[1.28:24] check-known-service-record.feature:36 - path: /GetRecordByIdResponse/MD_Metadata/fileIdentifier/CharacterString, actual: null, expected: '<serviceIdentifierCode>', reason: actual xpath does not exist
[1.29:24] check-known-service-record.feature:36 - path: /GetRecordByIdResponse/MD_Metadata/fileIdentifier/CharacterString, actual: null, expected: '<serviceIdentifierCode>', reason: actual xpath does not exist
[1.30:24] check-known-service-record.feature:36 - path: /GetRecordByIdResponse/MD_Metadata/fileIdentifier/CharacterString, actual: null, expected: '<serviceIdentifierCode>', reason: actual xpath does not exist
[1.31:24] check-known-service-record.feature:36 - path: /GetRecordByIdResponse/MD_Metadata/fileIdentifier/CharacterString, actual: null, expected: '<serviceIdentifierCode>', reason: actual xpath does not exist
[1.32:24] check-known-service-record.feature:36 - path: /GetRecordByIdResponse/MD_Metadata/fileIdentifier/CharacterString, actual: null, expected: '<serviceIdentifierCode>', reason: actual xpath does not exist
[1.33:24] check-known-service-record.feature:36 - path: /GetRecordByIdResponse/MD_Metadata/fileIdentifier/CharacterString, actual: null, expected: '<serviceIdentifierCode>', reason: actual xpath does not exist
[1.34:24] check-known-service-record.feature:36 - path: /GetRecordByIdResponse/MD_Metadata/fileIdentifier/CharacterString, actual: null, expected: '<serviceIdentifierCode>', reason: actual xpath does not exist
InspireTest.ngr.T02_datasets.check-known-dataset-record: [1.1:24] check-known-dataset-record.feature:72 - feature call (loop) failed: classpath:InspireTest/def/checkxlinkurl.template.feature
caller: classpath:InspireTest/ngr/T02_datasets/check-known-dataset-record.feature
items: [{link=https://ngr.acceptatie.nationaalgeoregister.nl/geonetwork/srv/resourcesbbe3c19d-12b0-4912-a6f4-46eb189e85ac}, {link=http://rdfdata.eionet.europa.eu/inspirethemes/themes/16}, {link=http://geonetwork-opensource.org/inspire-theme#}, {link=https://www.nationaalgeoregister.nl/geonetwork/srv/eng/thesaurus.download?ref=external.theme.inspire-theme}]
errors:
-------
feature call (loop) failed at index: 0
caller: classpath:InspireTest/def/checkxlinkurl.template.feature
arg: {"link":"https://ngr.acceptatie.nationaalgeoregister.nl/geonetwork/srv/resourcesbbe3c19d-12b0-4912-a6f4-46eb189e85ac"}
checkxlinkurl.template.feature:28 - path: $, actual: 404, expected: 200, reason: not equal (Integer)
-------
feature call (loop) failed at index: 1
caller: classpath:InspireTest/def/checkxlinkurl.template.feature
arg: {"link":"http://rdfdata.eionet.europa.eu/inspirethemes/themes/16"}
checkxlinkurl.template.feature:28 - path: $, actual: 404, expected: 200, reason: not equal (Integer)
-------
feature call (loop) failed at index: 2
caller: classpath:InspireTest/def/checkxlinkurl.template.feature
arg: {"link":"http://geonetwork-opensource.org/inspire-theme#"}
checkxlinkurl.template.feature:28 - path: $, actual: 404, expected: 200, reason: not equal (Integer)
-------
feature call (loop) failed at index: 3
caller: classpath:InspireTest/def/checkxlinkurl.template.feature
arg: {"link":"https://www.nationaalgeoregister.nl/geonetwork/srv/eng/thesaurus.download?ref=external.theme.inspire-theme"}
checkxlinkurl.template.feature:28 - path: $, actual: 500, expected: 200, reason: not equal (Integer)
[1.2:24] check-known-dataset-record.feature:72 - feature call (loop) failed: classpath:InspireTest/def/checkxlinkurl.template.feature
caller: classpath:InspireTest/ngr/T02_datasets/check-known-dataset-record.feature
items: [{link=http://kadaster/7c22107ea-5e31-4bbc-8e24-d15fe230062e}]
errors:
-------
feature call (loop) failed at index: 0
caller: classpath:InspireTest/def/checkxlinkurl.template.feature
arg: {"link":"http://kadaster/7c22107ea-5e31-4bbc-8e24-d15fe230062e"}
checkxlinkurl.template.feature:21 - 
java.net.UnknownHostException: kadaster: Temporary failure in name resolution
[1.3:24] check-known-dataset-record.feature:72 - feature call (loop) failed: classpath:InspireTest/def/checkxlinkurl.template.feature
caller: classpath:InspireTest/ngr/T02_datasets/check-known-dataset-record.feature
items: [{link=https://data.rivm.nl/inspire/id#36a7e8cb-8300-4602-93d2-135943365a6f}]
errors:
-------
feature call (loop) failed at index: 0
caller: classpath:InspireTest/def/checkxlinkurl.template.feature
arg: {"link":"https://data.rivm.nl/inspire/id#36a7e8cb-8300-4602-93d2-135943365a6f"}
checkxlinkurl.template.feature:21 - 
javax.net.ssl.SSLException: Connection reset
[1.4:24] check-known-dataset-record.feature:72 - feature call (loop) failed: classpath:InspireTest/def/checkxlinkurl.template.feature
caller: classpath:InspireTest/ngr/T02_datasets/check-known-dataset-record.feature
items: [{link=http://www.opengis.net/def/crs/EPSG/0/https://www.opengis.net/def/crs/EPSG/0/4258}, {link=https://www.nationaalgeoregister.nl/geonetwork/srv/api/recordsc2225e5d-b46f-4e38-8445-ab10fd40c0dc}]
errors:
-------
feature call (loop) failed at index: 1
caller: classpath:InspireTest/def/checkxlinkurl.template.feature
arg: {"link":"https://www.nationaalgeoregister.nl/geonetwork/srv/api/recordsc2225e5d-b46f-4e38-8445-ab10fd40c0dc"}
checkxlinkurl.template.feature:28 - path: $, actual: 500, expected: 200, reason: not equal (Integer)
[1.5:24] check-known-dataset-record.feature:72 - feature call (loop) failed: classpath:InspireTest/def/checkxlinkurl.template.feature
caller: classpath:InspireTest/ngr/T02_datasets/check-known-dataset-record.feature
items: [{link=http://www.opengis.net/def/crs/EPSG/0/http://www.opengis.net/def/crs/EPSG/0/4258}, {link=http://kadaster/cb4edbd2-2dca-4d44-92bb-b2202048b526}]
errors:
-------
feature call (loop) failed at index: 1
caller: classpath:InspireTest/def/checkxlinkurl.template.feature
arg: {"link":"http://kadaster/cb4edbd2-2dca-4d44-92bb-b2202048b526"}
checkxlinkurl.template.feature:21 - 
java.net.UnknownHostException: kadaster
[1.6:24] check-known-dataset-record.feature:72 - feature call (loop) failed: classpath:InspireTest/def/checkxlinkurl.template.feature
caller: classpath:InspireTest/ngr/T02_datasets/check-known-dataset-record.feature
items: [{link=https://www.nationaalgeoregister.nl/geonetwork/srv/dut/catalog.search#/metadata/8de2f5eb-b09f-4f6d-8397-8878a1b86238}, {link=http://rdfdata.eionet.europa.eu/inspirethemes/themes/18}, {link=http://inspire.ec.europa.eu/metadata-codelist/PriorityDataset#}, {link=https://ngr.geocat.live/geonetwork/srv/eng/thesaurus.download?ref=external.theme.httpinspireeceuropaeumetadatacodelistPrioritydataset-Prioritydataset}, {link=urn:ogc:def:crs:EPSG::5709}]
errors:
-------
feature call (loop) failed at index: 1
caller: classpath:InspireTest/def/checkxlinkurl.template.feature
arg: {"link":"http://rdfdata.eionet.europa.eu/inspirethemes/themes/18"}
checkxlinkurl.template.feature:28 - path: $, actual: 404, expected: 200, reason: not equal (Integer)
-------
feature call (loop) failed at index: 2
caller: classpath:InspireTest/def/checkxlinkurl.template.feature
arg: {"link":"http://inspire.ec.europa.eu/metadata-codelist/PriorityDataset#"}
checkxlinkurl.template.feature:21 - 
java.net.SocketTimeoutException: Read timed out
-------
feature call (loop) failed at index: 3
caller: classpath:InspireTest/def/checkxlinkurl.template.feature
arg: {"link":"https://ngr.geocat.live/geonetwork/srv/eng/thesaurus.download?ref=external.theme.httpinspireeceuropaeumetadatacodelistPrioritydataset-Prioritydataset"}
checkxlinkurl.template.feature:28 - path: $, actual: 500, expected: 200, reason: not equal (Integer)
-------
feature call (loop) failed at index: 4
caller: classpath:InspireTest/def/checkxlinkurl.template.feature
arg: {"link":"urn:ogc:def:crs:EPSG::5709"}
checkxlinkurl.template.feature:21 - 
org.apache.http.client.ClientProtocolException: URI does not specify a valid host name: urn:ogc:def:crs:EPSG::5709
 ==> expected: <0> but was: <41>
	at InspireTest.TestAll.testParallel(InspireTest.java:27)
]]></failure>
    <system-out><![CDATA[15:22:32.222 [main] INFO  com.intuit.karate.RunnerOptions - found system property 'karate.options': --tags @step2
15:22:32.906 [main] INFO  com.intuit.karate.Runner - waiting for parallel features to complete ...
15:22:33.192 [pool-1-thread-5] INFO  com.intuit.karate - karate.env system property was:  
15:22:33.200 [pool-1-thread-6] INFO  com.intuit.karate - karate.env system property was:  
15:22:33.206 [pool-1-thread-1] INFO  com.intuit.karate - karate.env system property was:  
15:22:33.549 [pool-1-thread-5] INFO  com.intuit.karate - >> lock acquired, begin callonce: read('classpath:InspireTest/def/getservice.template.feature')
15:22:33.557 [pool-1-thread-6] INFO  com.intuit.karate - >> lock acquired, begin callonce: read('classpath:InspireTest/def/getdataset.template.feature')
15:22:33.725 [pool-1-thread-5] DEBUG com.intuit.karate - request:
1 > GET https://jlschaap.github.io/nl-ngr-validation/services.csv
1 > Accept-Encoding: gzip,deflate
1 > Connection: Keep-Alive
1 > Host: jlschaap.github.io
1 > User-Agent: Apache-HttpClient/4.5.11 (Java/13.0.4)

15:22:33.727 [pool-1-thread-6] DEBUG com.intuit.karate - request:
1 > GET https://jlschaap.github.io/nl-ngr-validation/datasets.csv
1 > Accept-Encoding: gzip,deflate
1 > Connection: Keep-Alive
1 > Host: jlschaap.github.io
1 > User-Agent: Apache-HttpClient/4.5.11 (Java/13.0.4)

15:22:33.747 [pool-1-thread-1] INFO  com.intuit.karate.Runner - <<fail>> feature 1 of 12: classpath:InspireTest/ngr/T04_extra/check-known-links.feature
---------------------------------------------------------
feature: classpath:InspireTest/ngr/T04_extra/check-known-links.feature
report: target/surefire-reports/InspireTest.ngr.T04_extra.check-known-links.json
scenarios:  1 | passed:  0 | failed:  1 | time: 0.0000
---------------------------------------------------------
15:22:34.016 [pool-1-thread-6] DEBUG com.intuit.karate - response time in milliseconds: 279.67
1 < 200
1 < Accept-Ranges: bytes
1 < Access-Control-Allow-Origin: *
1 < Age: 0
1 < Cache-Control: max-age=600
1 < Connection: keep-alive
1 < Content-Type: text/csv; charset=utf-8
1 < Date: Fri, 25 Sep 2020 15:22:34 GMT
1 < ETag: W/"5f6df800-988"
1 < Expires: Fri, 25 Sep 2020 15:32:33 GMT
1 < Last-Modified: Fri, 25 Sep 2020 14:00:32 GMT
1 < Server: GitHub.com
1 < Strict-Transport-Security: max-age=31556952
1 < Vary: Accept-Encoding
1 < Via: 1.1 varnish
1 < X-Cache: MISS
1 < X-Cache-Hits: 0
1 < X-Fastly-Request-ID: d2b24bad800d9679fdee266ebfbb10158173fdbf
1 < X-GitHub-Request-Id: C6BA:79FA:5DF9E:7201A:5F6E0B39
1 < X-Proxy-Cache: MISS
1 < X-Served-By: cache-bwi5060-BWI
1 < X-Timer: S1601047354.928601,VS0,VE88
"datasetIdentifierCode","title","dataIdentificationCitationAnchor","organisation","electronicMailAddress","metadataStandardVersion",
"a7fb2234-f7b4-4a03-b282-f10947f42fb1","Kaart van de bodemopbouw in Nederland 1:50.000 onder INSPIRE","https://ngr.acceptatie.nationaalgeoregister.nl/geonetwork/srv/resourcesbbe3c19d-12b0-4912-a6f4-46eb189e85ac","[TNO Geologische Dienst Nederland, Alterra, Wageningen UR, TNO Geologische Dienst Nederland]","[info@dinoloket.nl, geodesk.cgi@wur.nl, info@dinoloket.nl]","Nederlandse metadata profiel op ISO 19115 voor geografie 2.0",
"9d9f1738-aced-47c9-aaa0-c62474a2dcfb","Zeegebieden","http://kadaster/7c22107ea-5e31-4bbc-8e24-d15fe230062e","[Kadaster, Kadaster, Kadaster]","[PPB-GVA@kadaster.nl, kcc@kadaster.nl, kcc@kadaster.nl]","Nederlands metadata profiel op ISO 19115 voor geografie 2.0",
"36a7e8cb-8300-4602-93d2-135943365a6f","Monitoring stations (Nitraatrichtlijn) diepe filters","https://data.rivm.nl/inspire/id#36a7e8cb-8300-4602-93d2-135943365a6f","no organisationName found in dataset record","[geodata@rivm.nl, , geodata@rivm.nl]","Nederlands metadata profiel op ISO 19115 voor geografie 2.0",
"c2225e5d-b46f-4e38-8445-ab10fd40c0dc","Blokindeling Nederlands Continentaal Plat","https://www.nationaalgeoregister.nl/geonetwork/srv/api/recordsc2225e5d-b46f-4e38-8445-ab10fd40c0dc","[Ministerie van Defensie, Koninklijke Marine, Dienst der Hydrografie, Ministerie van Defensie, Koninklijke Marine, Dienst der Hydrografie, Ministerie van Defensie, Koninklijke Marine, Dienst der Hydrografie]","[data@hydro.nl, data@hydro.nl, data@hydro.nl]","Nederlands metadata profiel op ISO 19115 voor geografie 2.0",
"3a7dd0a6-d130-4c4c-b0ba-24365cf036e2","Vervoersnetwerken - Spoorwegen (INSPIRE geharmoniseerd)","http://kadaster/cb4edbd2-2dca-4d44-92bb-b2202048b526","[Kadaster, Kadaster]","[PPB-GVA@kadaster.nl, kcc@kadaster.nl]","Nederlands metadata profiel op ISO 19115 voor geografie 2.0",
"8de2f5eb-b09f-4f6d-8397-8878a1b86238","Geluidbelasting rijkswegen in Nederland 2011 (24-uurs gemiddelde)","https://www.nationaalgeoregister.nl/geonetwork/srv/dut/catalog.search#/metadata/8de2f5eb-b09f-4f6d-8397-8878a1b86238","[Rijkswaterstaat, Rijkswaterstaat, , Rijkswaterstaat, Rijkswaterstaat]","[servicedesk-data@rijkswaterstaat.nl, servicedesk-data@rijkswaterstaat.nl, , servicedesk-data@rijkswaterstaat.nl, servicedesk-data@rijkswaterstaat.nl]","Nederlands metadata profiel op ISO 19115 voor geografie 2.0",


15:22:34.027 [pool-1-thread-6] INFO  com.intuit.karate - << lock released, cached callonce: read('classpath:InspireTest/def/getdataset.template.feature')
15:22:34.036 [pool-1-thread-6] INFO  com.intuit.karate - [print] {
  "__arg": null,
  "responseType": "string",
  "responseHeaders": {
    "Connection": [
      "keep-alive"
    ],
    "Server": [
      "GitHub.com"
    ],
    "Content-Type": [
      "text/csv; charset=utf-8"
    ],
    "Strict-Transport-Security": [
      "max-age=31556952"
    ],
    "Last-Modified": [
      "Fri, 25 Sep 2020 14:00:32 GMT"
    ],
    "ETag": [
      "W/\"5f6df800-988\""
    ],
    "Access-Control-Allow-Origin": [
      "*"
    ],
    "Expires": [
      "Fri, 25 Sep 2020 15:32:33 GMT"
    ],
    "Cache-Control": [
      "max-age=600"
    ],
    "X-Proxy-Cache": [
      "MISS"
    ],
    "X-GitHub-Request-Id": [
      "C6BA:79FA:5DF9E:7201A:5F6E0B39"
    ],
    "Accept-Ranges": [
      "bytes"
    ],
    "Date": [
      "Fri, 25 Sep 2020 15:22:34 GMT"
    ],
    "Via": [
      "1.1 varnish"
    ],
    "Age": [
      "0"
    ],
    "X-Served-By": [
      "cache-bwi5060-BWI"
    ],
    "X-Cache": [
      "MISS"
    ],
    "X-Cache-Hits": [
      "0"
    ],
    "X-Timer": [
      "S1601047354.928601,VS0,VE88"
    ],
    "Vary": [
      "Accept-Encoding"
    ],
    "X-Fastly-Request-ID": [
      "d2b24bad800d9679fdee266ebfbb10158173fdbf"
    ]
  },
  "responseTime": 280,
  "response": "\"datasetIdentifierCode\",\"title\",\"dataIdentificationCitationAnchor\",\"organisation\",\"electronicMailAddress\",\"metadataStandardVersion\",\n\"a7fb2234-f7b4-4a03-b282-f10947f42fb1\",\"Kaart van de bodemopbouw in Nederland 1:50.000 onder INSPIRE\",\"https://ngr.acceptatie.nationaalgeoregister.nl/geonetwork/srv/resourcesbbe3c19d-12b0-4912-a6f4-46eb189e85ac\",\"[TNO Geologische Dienst Nederland, Alterra, Wageningen UR, TNO Geologische Dienst Nederland]\",\"[info@dinoloket.nl, geodesk.cgi@wur.nl, info@dinoloket.nl]\",\"Nederlandse metadata profiel op ISO 19115 voor geografie 2.0\",\n\"9d9f1738-aced-47c9-aaa0-c62474a2dcfb\",\"Zeegebieden\",\"http://kadaster/7c22107ea-5e31-4bbc-8e24-d15fe230062e\",\"[Kadaster, Kadaster, Kadaster]\",\"[PPB-GVA@kadaster.nl, kcc@kadaster.nl, kcc@kadaster.nl]\",\"Nederlands metadata profiel op ISO 19115 voor geografie 2.0\",\n\"36a7e8cb-8300-4602-93d2-135943365a6f\",\"Monitoring stations (Nitraatrichtlijn) diepe filters\",\"https://data.rivm.nl/inspire/id#36a7e8cb-8300-4602-93d2-135943365a6f\",\"no organisationName found in dataset record\",\"[geodata@rivm.nl, , geodata@rivm.nl]\",\"Nederlands metadata profiel op ISO 19115 voor geografie 2.0\",\n\"c2225e5d-b46f-4e38-8445-ab10fd40c0dc\",\"Blokindeling Nederlands Continentaal Plat\",\"https://www.nationaalgeoregister.nl/geonetwork/srv/api/recordsc2225e5d-b46f-4e38-8445-ab10fd40c0dc\",\"[Ministerie van Defensie, Koninklijke Marine, Dienst der Hydrografie, Ministerie van Defensie, Koninklijke Marine, Dienst der Hydrografie, Ministerie van Defensie, Koninklijke Marine, Dienst der Hydrografie]\",\"[data@hydro.nl, data@hydro.nl, data@hydro.nl]\",\"Nederlands metadata profiel op ISO 19115 voor geografie 2.0\",\n\"3a7dd0a6-d130-4c4c-b0ba-24365cf036e2\",\"Vervoersnetwerken - Spoorwegen (INSPIRE geharmoniseerd)\",\"http://kadaster/cb4edbd2-2dca-4d44-92bb-b2202048b526\",\"[Kadaster, Kadaster]\",\"[PPB-GVA@kadaster.nl, kcc@kadaster.nl]\",\"Nederlands metadata profiel op ISO 19115 voor geografie 2.0\",\n\"8de2f5eb-b09f-4f6d-8397-8878a1b86238\",\"Geluidbelasting rijkswegen in Nederland 2011 (24-uurs gemiddelde)\",\"https://www.nationaalgeoregister.nl/geonetwork/srv/dut/catalog.search#/metadata/8de2f5eb-b09f-4f6d-8397-8878a1b86238\",\"[Rijkswaterstaat, Rijkswaterstaat, , Rijkswaterstaat, Rijkswaterstaat]\",\"[servicedesk-data@rijkswaterstaat.nl, servicedesk-data@rijkswaterstaat.nl, , servicedesk-data@rijkswaterstaat.nl, servicedesk-data@rijkswaterstaat.nl]\",\"Nederlands metadata profiel op ISO 19115 voor geografie 2.0\",\n",
  "requestTimeStamp": 1601047353735,
  "env": "dev",
  "myVarName": "someValue",
  "knownlinks": [
    "http://creativecommons.org/licenses/by/3.0/deed.nl",
    "http://creativecommons.org/licenses/by/3.0/nl/",
    "http://creativecommons.org/licenses/by/4.0/deed.nl",
    "http://creativecommons.org/publicdomain/mark/1.0/deed.nl",
    "http://creativecommons.org/publicdomain/zero/1.0/deed.nl",
    "http://data.europa.eu/eli/reg/2010/1089",
    "http://inspire.ec.europa.eu/applicationschema",
    "http://inspire.ec.europa.eu/applicationschema/of",
    "http://inspire.ec.europa.eu/id/document/tg/am",
    "http://inspire.ec.europa.eu/id/document/tg/au",
    "http://inspire.ec.europa.eu/id/document/tg/ef",
    "http://inspire.ec.europa.eu/id/document/tg/el",
    "http://inspire.ec.europa.eu/id/document/tg/hh",
    "http://inspire.ec.europa.eu/id/document/tg/hy",
    "http://inspire.ec.europa.eu/id/document/tg/nz",
    "http://inspire.ec.europa.eu/id/document/tg/of",
    "http://inspire.ec.europa.eu/id/document/tg/pf",
    "http://inspire.ec.europa.eu/id/document/tg/ps",
    "http://inspire.ec.europa.eu/id/document/tg/tn",
    "http://inspire.ec.europa.eu/id/document/tg/us",
    "http://inspire.ec.europa.eu/media-types/application/x-shapefile",
    "http://inspire.ec.europa.eu/metadata-codelist/ConditionsApplyingToAccessAndUse/noConditionsApply",
    "http://inspire.ec.europa.eu/metadata-codelist/LimitationsOnPublicAccess/INSPIRE_Directive_Article13_1f",
    "http://inspire.ec.europa.eu/metadata-codelist/LimitationsOnPublicAccess/noLimitations",
    "http://inspire.ec.europa.eu/metadata-codelist/OnLineDescriptionCode/accessPoint",
    "http://inspire.ec.europa.eu/metadata-codelist/OnLineDescriptionCode/endPoint",
    "http://inspire.ec.europa.eu/metadata-codelist/PriorityDataset",
    "http://inspire.ec.europa.eu/metadata-codelist/PriorityDataset/ActualPollutantReleases-reg-2006-166",
    "http://inspire.ec.europa.eu/metadata-codelist/PriorityDataset/Agglomerations-dir-1991-271",
    "http://inspire.ec.europa.eu/metadata-codelist/PriorityDataset/BirdSpeciesDistribution-dir-2009-147",
    "http://inspire.ec.europa.eu/metadata-codelist/PriorityDataset/BirdsRange-dir-2009-147",
    "http://inspire.ec.europa.eu/metadata-codelist/PriorityDataset/CoastalWaters-dir-2000-60",
    "http://inspire.ec.europa.eu/metadata-codelist/PriorityDataset/DischargePointsToReceivingWaters-dir-1991-271",
    "http://inspire.ec.europa.eu/metadata-codelist/PriorityDataset/DrinkingWaterAbstractionPoints-dir-1998-83",
    "http://inspire.ec.europa.eu/metadata-codelist/PriorityDataset/EstablishmentsInvolvingDangerousSubstances-dir-2012-18",
    "http://inspire.ec.europa.eu/metadata-codelist/PriorityDataset/FloodedAreas-dir-2007-60",
    "http://inspire.ec.europa.eu/metadata-codelist/PriorityDataset/FloodRiskZones-dir-2007-60",
    "http://inspire.ec.europa.eu/metadata-codelist/PriorityDataset/HabitatTypesDistribution-dir-1992-43",
    "http://inspire.ec.europa.eu/metadata-codelist/PriorityDataset/HabitatTypesRange-dir-1992-43",
    "http://inspire.ec.europa.eu/metadata-codelist/PriorityDataset/IndustrialSites-EURegistry-reg-2006-166",
    "http://inspire.ec.europa.eu/metadata-codelist/PriorityDataset/InvasiveAlienSpeciesDistribution-reg-2014-1143",
    "http://inspire.ec.europa.eu/metadata-codelist/PriorityDataset/Lakes-dir-2000-60",
    "http://inspire.ec.europa.eu/metadata-codelist/PriorityDataset/MajorAirportsNoiseExposureDelineationDEN-dir-2002-49",
    "http://inspire.ec.europa.eu/metadata-codelist/PriorityDataset/MajorAirportsNoiseExposureDelineationNight-dir-2002-49",
    "http://inspire.ec.europa.eu/metadata-codelist/PriorityDataset/MajorRailwaysNoiseExposureDelineationDEN-dir-2002-49",
    "http://inspire.ec.europa.eu/metadata-codelist/PriorityDataset/MajorRailwaysNoiseExposureDelineationNight-dir-2002-49",
    "http://inspire.ec.europa.eu/metadata-codelist/PriorityDataset/MajorRoadsNoiseExposureDelineation-dir-2002-49",
    "http://inspire.ec.europa.eu/metadata-codelist/PriorityDataset/MajorRoadsNoiseExposureDelineationDEN-dir-2002-49",
    "http://inspire.ec.europa.eu/metadata-codelist/PriorityDataset/ManagementUnits-dir-2007-60",
    "http://inspire.ec.europa.eu/metadata-codelist/PriorityDataset/MarineAssessmentUnits-dir-2008-56",
    "http://inspire.ec.europa.eu/metadata-codelist/PriorityDataset/MonitoringStations-dir-2000-60",
    "http://inspire.ec.europa.eu/metadata-codelist/PriorityDataset/MonitoringStations-dir-2008-56",
    "http://inspire.ec.europa.eu/metadata-codelist/PriorityDataset/MSFDReportingUnits-dir-2008-56",
    "http://inspire.ec.europa.eu/metadata-codelist/PriorityDataset/NationallyDesignatedAreasCDDA",
    "http://inspire.ec.europa.eu/metadata-codelist/PriorityDataset/Natura2000Sites-dir-1992-43",
    "http://inspire.ec.europa.eu/metadata-codelist/PriorityDataset/Natura2000Sites-dir-2009-147",
    "http://inspire.ec.europa.eu/metadata-codelist/PriorityDataset/RiverBasinDistricts-dir-2000-60",
    "http://inspire.ec.europa.eu/metadata-codelist/PriorityDataset/RiverBasinDistrictsSubUnits-dir-2000-60",
    "http://inspire.ec.europa.eu/metadata-codelist/PriorityDataset/Rivers-dir-2000-60",
    "http://inspire.ec.europa.eu/metadata-codelist/PriorityDataset/SpeciesDistribution-dir-1992-43",
    "http://inspire.ec.europa.eu/metadata-codelist/PriorityDataset/SpeciesRange-dir-1992-43",
    "http://inspire.ec.europa.eu/metadata-codelist/PriorityDataset/SurfaceWaterBodies-dir-2000-60",
    "http://inspire.ec.europa.eu/metadata-codelist/PriorityDataset/TransitionalWaters-dir-2000-60",
    "http://inspire.ec.europa.eu/metadata-codelist/PriorityDataset/UrbanWasteWaterTreatmentPlants-dir-1991-271",
    "http://inspire.ec.europa.eu/metadata-codelist/SpatialDataServiceType/download",
    "http://inspire.ec.europa.eu/metadata-codelist/SpatialDataServiceType/http://inspire.ec.europa.eu/metadata-codelist/SpatialDataServiceType/download",
    "http://inspire.ec.europa.eu/metadata-codelist/SpatialDataServiceType/other",
    "http://inspire.ec.europa.eu/metadata-codelist/SpatialDataServiceType/view",
    "http://inspire.ec.europa.eu/metadata-codelist/SpatialScope",
    "http://inspire.ec.europa.eu/metadata-codelist/SpatialScope/european",
    "http://inspire.ec.europa.eu/metadata-codelist/SpatialScope/national",
    "http://inspire.ec.europa.eu/schemas/am/4.0/AreaManagementRestrictionRegulationZone.xsd",
    "http://inspire.ec.europa.eu/schemas/ef/4.0/EnvironmentalMonitoringFacilities.xsd",
    "http://inspire.ec.europa.eu/schemas/el-bas/4.0/ElevationBaseTypes.xsd",
    "http://inspire.ec.europa.eu/schemas/hh/4.0/HumanHealth.xsd",
    "http://inspire.ec.europa.eu/schemas/hy-n/4.0/HydroNetwork.xsd",
    "http://inspire.ec.europa.eu/schemas/hy/4.0/HydroBase.xsd",
    "http://inspire.ec.europa.eu/schemas/mu/3.0/MaritimeUnits.xsd",
    "http://inspire.ec.europa.eu/schemas/nz-core/4.0/NaturalRiskZonesCore.xsd",
    "http://inspire.ec.europa.eu/schemas/nz/0.0/NaturalRiskZones.xsd",
    "http://inspire.ec.europa.eu/schemas/of/4.0/OceanFeatures.xsd",
    "http://inspire.ec.europa.eu/schemas/pf/4.0/ProductionAndIndustrialFacilities.xsd",
    "http://inspire.ec.europa.eu/schemas/ps/4.0/ProtectedSites.xsd",
    "http://inspire.ec.europa.eu/schemas/tn-ro/4.0/RoadTransportNetwork.xsd",
    "http://inspire.ec.europa.eu/schemas/tn-w/4.0/WaterTransportNetwork.xsd",
    "http://inspire.ec.europa.eu/schemas/tn/4.0/CommonTransportElements.xsd",
    "http://inspire.ec.europa.eu/schemas/us-govserv/4.0/GovernmentalServices.xsd",
    "http://inspire.ec.europa.eu/theme#",
    "http://standaarden.overheid.nl/owms/terms/Ministerie_van_Economische_Zaken",
    "http://standaarden.overheid.nl/owms/terms/Ministerie_van_Landbouw,_Natuur_en_Voedselkwaliteit",
    "http://standaarden.overheid.nl/owms/terms/Rijksinstituut_voor_Volksgezondheid_en_Milieu",
    "http://standaarden.overheid.nl/owms/terms/RVO",
    "http://www.eionet.europa.eu/gemet/inspire_themes",
    "http://www.eionet.europa.eu/gemet/nl/inspire-theme/ac",
    "http://www.eionet.europa.eu/gemet/nl/inspire-theme/ad",
    "http://www.eionet.europa.eu/gemet/nl/inspire-theme/af",
    "http://www.eionet.europa.eu/gemet/nl/inspire-theme/am",
    "http://www.eionet.europa.eu/gemet/nl/inspire-theme/au",
    "http://www.eionet.europa.eu/gemet/nl/inspire-theme/bu",
    "http://www.eionet.europa.eu/gemet/nl/inspire-theme/cp",
    "http://www.eionet.europa.eu/gemet/nl/inspire-theme/ef",
    "http://www.eionet.europa.eu/gemet/nl/inspire-theme/er",
    "http://www.eionet.europa.eu/gemet/nl/inspire-theme/ge",
    "http://www.eionet.europa.eu/gemet/nl/inspire-theme/gn",
    "http://www.eionet.europa.eu/gemet/nl/inspire-theme/hb",
    "http://www.eionet.europa.eu/gemet/nl/inspire-theme/hh",
    "http://www.eionet.europa.eu/gemet/nl/inspire-theme/hy",
    "http://www.eionet.europa.eu/gemet/nl/inspire-theme/lc",
    "http://www.eionet.europa.eu/gemet/nl/inspire-theme/lu",
    "http://www.eionet.europa.eu/gemet/nl/inspire-theme/mf",
    "http://www.eionet.europa.eu/gemet/nl/inspire-theme/nz",
    "http://www.eionet.europa.eu/gemet/nl/inspire-theme/of",
    "http://www.eionet.europa.eu/gemet/nl/inspire-theme/oi",
    "http://www.eionet.europa.eu/gemet/nl/inspire-theme/pd",
    "http://www.eionet.europa.eu/gemet/nl/inspire-theme/pf",
    "http://www.eionet.europa.eu/gemet/nl/inspire-theme/ps",
    "http://www.eionet.europa.eu/gemet/nl/inspire-theme/rs",
    "http://www.eionet.europa.eu/gemet/nl/inspire-theme/sd",
    "http://www.eionet.europa.eu/gemet/nl/inspire-theme/so",
    "http://www.eionet.europa.eu/gemet/nl/inspire-theme/sr",
    "http://www.eionet.europa.eu/gemet/nl/inspire-theme/su",
    "http://www.eionet.europa.eu/gemet/nl/inspire-theme/tn",
    "http://www.eionet.europa.eu/gemet/nl/inspire-theme/us",
    "http://www.iana.org/assignments/media-types/application/gml+xml",
    "https://www.iana.org/assignments/media-types/application/geopackage+sqlite3",
    "https://www.iana.org/assignments/media-types/application/gml+xml",
    "https://www.iana.org/assignments/media-types/application/xml",
    "http://www.opengeospatial.org/standards/sos",
    "http://www.opengeospatial.org/standards/wcs",
    "http://www.opengeospatial.org/standards/wfs",
    "http://www.opengeospatial.org/standards/wms",
    "http://www.opengeospatial.org/standards/wmts",
    "http://www.opengis.net/def/crs/EPSG/0/3034",
    "http://www.opengis.net/def/crs/EPSG/0/3035",
    "http://www.opengis.net/def/crs/EPSG/0/3857",
    "http://www.opengis.net/def/crs/EPSG/0/4258",
    "http://www.opengis.net/def/crs/EPSG/0/4326",
    "http://www.opengis.net/def/crs/EPSG/0/5709",
    "http://www.opengis.net/def/crs/EPSG/0/5730",
    "http://www.opengis.net/def/crs/EPSG/0/5861",
    "http://www.opengis.net/def/crs/EPSG/0/23031",
    "http://www.opengis.net/def/crs/EPSG/0/25831",
    "http://www.opengis.net/def/crs/EPSG/0/25832",
    "http://www.opengis.net/def/crs/EPSG/0/28992",
    "http://www.opengis.net/def/crs/EPSG/0/EPSG:4326",
    "http://www.opengis.net/def/crs/EPSG/0/EPSG:28992",
    "http://www.opengis.net/def/crs/EPSG/0/epsg:28992",
    "http://www.opengis.net/def/serviceType/ogc/wcs",
    "http://www.opengis.net/def/serviceType/ogc/wfs",
    "http://www.opengis.net/def/serviceType/ogc/wms",
    "http://www.opengis.net/def/serviceType/ogc/wmts",
    "http://www.wur.nl/nl/Expertises-Dienstverlening/Onderzoeksinstituten/Environmental-Research.htm",
    "https://ec.europa.eu/eurostat/web/health/data/database",
    "https://geodata.cbs.nl/files/INSPIRE",
    "https://geodata.nationaalgeoregister.nl/elu/atom/elu.xml",
    "https://inspire.ec.europa.eu/id/document/tg/au",
    "https://inspire.ec.europa.eu/id/document/tg/of",
    "https://inspire.ec.europa.eu/id/document/tg/ps",
    "https://inspire.ec.europa.eu/schemas/ps/4.0/ProtectedSites.xsd",
    "https://ngr.geocat.live/geonetwork/srv/eng/thesaurus.download?ref=external.theme.httpinspireeceuropaeumetadatacodelistSpatialScope-SpatialScope",
    "https://tools.ietf.org/html/rfc4287",
    "https://tools.ietf.org/html/rfc5023",
    "https://www.cbs.nl/-/media/cbs/dossiers/nederland%20regionaal/wijk-en-buurtstatistieken/shape%202017%20versie%2020.zip",
    "https://www.cbs.nl/nl-nl/dossier/nederland-regionaal/geografische-data/wijk-en-buurtkaart-2016",
    "https://www.cbs.nl/nl-nl/dossier/nederland-regionaal/geografische-data/wijk-en-buurtkaart-2018",
    "https://www.cbs.nl/nl-nl/dossier/nederland-regionaal/geografische-data/wijk-en-buurtkaart-2019",
    "https://www.iana.org/assignments/media-types/application/gml+xml",
    "https://www.iana.org/assignments/media-types/application/zip",
    "https://www.iana.org/assignments/media-types/image/png",
    "https://www.nationaalgeoregister.nl",
    "https://www.nationaalgeoregister.nl/geonetwork/srv/eng/thesaurus.download?ref=external.theme.httpinspireeceuropaeumetadatacodelistPriorityDataset-PriorityDataset",
    "https://www.nationaalgeoregister.nl/geonetwork/srv/eng/thesaurus.download?ref=external.theme.httpinspireeceuropaeumetadatacodelistSpatialScope-SpatialScope",
    "https://www.nationaalgeoregister.nl/geonetwork/srv/eng/thesaurus.download?ref=external.theme.httpinspireeceuropaeutheme-theme",
    "https://www.nationaalgeoregister.nl:443/geonetwork/srv/eng/thesaurus.download?ref=external.theme.httpinspireeceuropaeuapplicationschema-applicationschema",
    "https://www.nationaalgeoregister.nl:443/geonetwork/srv/eng/thesaurus.download?ref=external.theme.httpinspireeceuropaeumetadatacodelistPriorityDataset-PriorityDataset",
    "https://www.nationaalgeoregister.nl:443/geonetwork/srv/eng/thesaurus.download?ref=external.theme.httpinspireeceuropaeumetadatacodelistSpatialScope-SpatialScope",
    "https://www.nationaalgeoregister.nl:443/geonetwork/srv/eng/thesaurus.download?ref=external.theme.httpinspireeceuropaeutheme-theme"
  ],
  "responseStatus": 200,
  "__loop": -1,
  "responseCookies": null
}

15:22:34.042 [pool-1-thread-5] DEBUG com.intuit.karate - response time in milliseconds: 283.36
1 < 200
1 < Accept-Ranges: bytes
1 < Access-Control-Allow-Origin: *
1 < Age: 0
1 < Cache-Control: max-age=600
1 < Connection: keep-alive
1 < Content-Type: text/csv; charset=utf-8
1 < Date: Fri, 25 Sep 2020 15:22:34 GMT
1 < ETag: W/"5f6df800-2851"
1 < Expires: Fri, 25 Sep 2020 15:32:33 GMT
1 < Last-Modified: Fri, 25 Sep 2020 14:00:32 GMT
1 < Server: GitHub.com
1 < Strict-Transport-Security: max-age=31556952
1 < Vary: Accept-Encoding
1 < Via: 1.1 varnish
1 < X-Cache: MISS
1 < X-Cache-Hits: 0
1 < X-Fastly-Request-ID: 59111714ad268a65c3f3d86a6bfe4a6718572a6d
1 < X-GitHub-Request-Id: 3606:43EB:1E8C01:22F74C:5F6E0B39
1 < X-Proxy-Cache: MISS
1 < X-Served-By: cache-bwi5025-BWI
1 < X-Timer: S1601047354.928558,VS0,VE79
"datasetIdentifierCode","title","dataIdentificationCitationAnchor","organisation","electronicMailAddress","metadataStandardVersion",
"3094a1c4-3dd6-4e8e-9929-4a63dd66992e","INSPIRE Download service voor Faciliteiten voor productie en industrie","no MD_DataIdentificationCitationAnchor","[Interprovinciaal Overleg, Interprovinciaal Overleg, Interprovinciaal Overleg]","[inspire@gbo-provincies.nl, inspire@gbo-provincies.nl]","Nederlands metadata profiel op ISO 19119 voor services 2.0",
"777f41ee-8269-4bbc-b0e4-f889c62be099","Afgevoerde hoeveelheid afval in 2011 vanuit de industrie (WMS)","no MD_DataIdentificationCitationAnchor","no organisationName found in dataset record","[emissieregistratie@rivm.nl, emissieregistratie@rivm.nl]","Nederlands metadata profiel op ISO 19119 voor services 2.0",
"d293204f-6581-4b0a-811b-1dcce97adedd","Publiekrechtelijke Beperking WMS","no MD_DataIdentificationCitationAnchor","[Beheer PDOK, Beheer PDOK]","[beheerPDOK@kadaster.nl, beheerPDOK@kadaster.nl]","Nederlands metadata profiel op ISO 19119 voor services 2.0",
"918388cf-9d8c-4264-b108-3e375bde0d52","Noordzee Vaarwegmarkeringen WMS","no MD_DataIdentificationCitationAnchor","[Beheer PDOK, Beheer PDOK]","[beheerPDOK@kadaster.nl, beheerPDOK@kadaster.nl]","Nederlands metadata profiel op ISO 19119 voor services 2.0",
"89b35a6c-c099-456b-8eaf-2b83c7a35c74","Beschermde Gebieden Nationale Parken (INSPIRE geharmoniseerd) WMS","no MD_DataIdentificationCitationAnchor","[Beheer PDOK, Beheer PDOK]","[beheerPDOK@kadaster.nl, beheerPDOK@kadaster.nl]","Nederlands metadata profiel op ISO 19119 voor services 2.0",
"b0119753-5625-4500-9df3-13823ff9868f","Habitatrichtlijn verspreiding van typen WMS","no MD_DataIdentificationCitationAnchor","[Beheer PDOK, Beheer PDOK]","[beheerPDOK@kadaster.nl, beheerPDOK@kadaster.nl]","Nederlands metadata profiel op ISO 19119 voor services 2.0",
"95e2c712-1b91-4f24-9453-c56b95227717","Emissies naar het riool in 2015 vanuit de industrie (WMS)","no MD_DataIdentificationCitationAnchor","no organisationName found in dataset record","[emissieregistratie@rivm.nl, emissieregistratie@rivm.nl]","Nederlands metadata profiel op ISO 19119 voor services 2.0",
"87a382da-c6dc-403c-a006-2379eb6daaa6","Nederlands deel PSSA Waddenzee Viewservice","no MD_DataIdentificationCitationAnchor","[Ministerie van Defensie, Koninklijke Marine, Dienst der Hydrografie, Ministerie van Defensie, Koninklijke Marine, Dienst der Hydrografie]","[data@hydro.nl, hydro.servicedesk@mindef.nl]","Nederlands metadata profiel op ISO 19119 voor services 2.0",
"627b50bf-2e33-4beb-a314-ff8c0fe8912e","Vervoersnetwerken Waterwegen RWS (INSPIRE geharmoniseerd) WMS","no MD_DataIdentificationCitationAnchor","[Beheer PDOK, Beheer PDOK]","[beheerPDOK@kadaster.nl, beheerPDOK@kadaster.nl]","Nederlands metadata profiel op ISO 19119 voor services 2.0",
"bd14098b-44e6-47e5-959d-f40dda65da5a","Ziekenhuizen in Nederland (september 2013) (WMS)","no MD_DataIdentificationCitationAnchor","no organisationName found in dataset record","[atlas@rivm.nl, geodata@rivm.nl]","Nederlands metadata profiel op ISO 19119 voor services 2.0",
"7e87a655-c4eb-404d-9d0a-efa2dccef7cc","Geografische Namen (INSPIRE geharmoniseerd) WFS","no MD_DataIdentificationCitationAnchor","[Beheer PDOK, Beheer PDOK]","[beheerPDOK@kadaster.nl, beheerPDOK@kadaster.nl]","Nederlands metadata profiel op ISO 19119 voor services 2.0",
"c56433ca-35f2-4aaf-8bfa-35d8e0e52dda","Afgevoerde hoeveelheid afval in 2015 vanuit de industrie (WMS)","no MD_DataIdentificationCitationAnchor","no organisationName found in dataset record","[emissieregistratie@rivm.nl, emissieregistratie@rivm.nl]","Nederlands metadata profiel op ISO 19119 voor services 2.0",
"dda53ebc-bee7-4765-8f1f-6ac59b0aec39","Bodemkundig boormonsterprofiel onder INSPIRE, viewservice","no MD_DataIdentificationCitationAnchor","[TNO Geologische Dienst Nederland, Alterra, Wageningen UR]","[info@dinoloket.nl, geodesk.cgi@wur.nl]","Nederlands metadata profiel op ISO 19119 voor services 2.0",
"cd370f58-0e54-48d6-b83b-ccd332bfb7c7","Emissies naar lucht en water in 2011 vanuit de industrie (WMS)","no MD_DataIdentificationCitationAnchor","no organisationName found in dataset record","[emissieregistratie@rivm.nl, emissieregistratie@rivm.nl]","Nederlands metadata profiel op ISO 19119 voor services 2.0",
"22bedc12-e9cb-4419-8e51-dfb375d46d01","INSPIRE View service voor Gebieden met natuurrisico's","no MD_DataIdentificationCitationAnchor","[Interprovinciaal Overleg, Interprovinciaal Overleg, Interprovinciaal Overleg]","[inspire@gbo-provincies.nl, inspire@gbo-provincies.nl]","Nederlands metadata profiel op ISO 19119 voor services 2.0",
"37e05521-c323-4dbe-aba4-de1178ba44a5","Vogelrichtlijn verspreiding van soorten WFS","no MD_DataIdentificationCitationAnchor","[Beheer PDOK, Beheer PDOK]","[beheerPDOK@kadaster.nl, beheerPDOK@kadaster.nl]","Nederlands metadata profiel op ISO 19119 voor services 2.0",
"7e450110-f643-4b73-9262-4f13966cffc6","Kaderrichtlijn Water EU2009 WMS","no MD_DataIdentificationCitationAnchor","[Beheer PDOK, Beheer PDOK]","[beheerpdok@kadaster.nl, beheerpdok@kadaster.nl]","Nederlands metadata profiel op ISO 19119 voor services 2.0",
"081bcfff-5f66-467c-95d0-d88dcf9aa4cf","Monitoring stations (Nitraatrichtlijn) ondiepe filters (WMS)","no MD_DataIdentificationCitationAnchor","no organisationName found in dataset record","[geodata@rivm.nl, geodata@rivm.nl]","Nederlands metadata profiel op ISO 19119 voor services 2.0",
"635bdc85-c596-4afb-ab07-de20c662310c","Zeegebieden (INSPIRE geharmoniseerd) WMS","no MD_DataIdentificationCitationAnchor","[Beheer PDOK, Beheer PDOK]","[beheerPDOK@kadaster.nl, beheerPDOK@kadaster.nl]","Nederlands metadata profiel op ISO 19119 voor services 2.0",
"ce963e61-779f-470f-a99d-48d9796e5ba3","Geografische Namen (INSPIRE geharmoniseerd) WMS","no MD_DataIdentificationCitationAnchor","[Beheer PDOK, Beheer PDOK]","[beheerPDOK@kadaster.nl, beheerPDOK@kadaster.nl]","Nederlands metadata profiel op ISO 19119 voor services 2.0",
"5be14ec9-9bb3-4395-a061-e7e78d04a527","Gebouwen (INSPIRE geharmoniseerd) WMS","no MD_DataIdentificationCitationAnchor","[Beheer PDOK, Beheer PDOK]","[beheerPDOK@kadaster.nl, beheerPDOK@kadaster.nl]","Nederlands metadata profiel op ISO 19119 voor services 2.0",
"c6fa88ab-e440-414b-a773-793c4ce6d8df","Bestuurlijke grenzen WMS","no MD_DataIdentificationCitationAnchor","[Beheer PDOK, Beheer PDOK]","[beheerPDOK@kadaster.nl, beheerPDOK@kadaster.nl]","Nederlands metadata profiel op ISO 19119 voor services 2.0",
"923a666c-ee4f-496c-8c85-94d5f81e1f30","Zones volgens EU Gemeenschappelijk Visserijbeleid tot 3M en 6M - Downloadservice","no MD_DataIdentificationCitationAnchor","[Ministerie van Defensie, Koninklijke Marine, Dienst der Hydrografie, Ministerie van Defensie, Koninklijke Marine, Dienst der Hydrografie]","[data@hydro.nl, hydro.servicedesk@mindef.nl]","Nederlands metadata profiel op ISO 19119 voor services 2.0",
"3d01c1ca-973c-4652-baa5-39458bb9e181","Schelpdierenpercelen WMS","no MD_DataIdentificationCitationAnchor","[Beheer PDOK, Beheer PDOK]","[beheerPDOK@kadaster.nl, beheerPDOK@kadaster.nl]","Nederlands metadata profiel op ISO 19119 voor services 2.0",
"7ab53b91-9df1-4c39-ba0e-06ec80ce512b","Beschermde gebieden - CDDA (INSPIRE geharmoniseerd) WMS","no MD_DataIdentificationCitationAnchor","[Beheer PDOK, Beheer PDOK]","[beheerpdok@kadaster.nl, beheerpdok@kadaster.nl]","Nederlands metadata profiel op ISO 19119 voor services 2.0",
"e08079df-6c19-486e-916e-5c9948cfafea","CBS Gebiedsindelingen (INSPIRE geharmoniseerd) WFS","no MD_DataIdentificationCitationAnchor","[Beheer PDOK, Beheer PDOK]","[beheerPDOK@kadaster.nl, beheerPDOK@kadaster.nl]","Nederlands metadata profiel op ISO 19119 voor services 2.0",
"b7880739-a701-4cc0-bb32-2bba61fa8924","Totale potentie aardwarmte uit aquifers, INSPIRE, viewservice","no MD_DataIdentificationCitationAnchor","[TNO Geologische Dienst Nederland, TNO Geologische Dienst Nederland]","[info@dinoloket.nl, info@dinoloket.nl]","Nederlands metadata profiel op ISO 19119 voor services 2.0",
"755d488b-7b94-4883-95be-6aa279604f85","Monitoring stations (Nitraatrichtlijn) diepe filters (WMS)","no MD_DataIdentificationCitationAnchor","no organisationName found in dataset record","[geodata@rivm.nl, geodata@rivm.nl]","Nederlands metadata profiel op ISO 19119 voor services 2.0",
"77971fa3-f869-4726-969a-482e0b1a8c5d","Oppervlaktegeologie, Geologische kaart onder INSPIRE, downloadservice","no MD_DataIdentificationCitationAnchor","[TNO Geologische Dienst Nederland, TNO Geologische Dienst Nederland]","[info@dinoloket.nl, info@dinoloket.nl]","Nederlands metadata profiel op ISO 19119 voor services 2.0",
"a6098c24-4caf-4528-954c-672b9ec6cf78","Kwaliteit van drinkwater in Nederland (2012) (WMS)","no MD_DataIdentificationCitationAnchor","no organisationName found in dataset record","[geodata@rivm.nl, geodata@rivm.nl]","Nederlands metadata profiel op ISO 19119 voor services 2.0",
"a1ed8a00-da07-472e-9627-99175d437c94","Geluidskaarten Schiphol 2016 lden WMS","no MD_DataIdentificationCitationAnchor","[Beheer PDOK, Beheer PDOK]","[beheerPDOK@kadaster.nl, beheerPDOK@kadaster.nl]","Nederlands metadata profiel op ISO 19119 voor services 2.0",
"wt-83730-e750-485a-9c0c-39bf9bm72cf8","Menselijke gezondheid en veiligheid - geluidbelasting rijkswegen 2016 (INSPIRE geharmoniseerd) WMS","no MD_DataIdentificationCitationAnchor","[Rijkswaterstaat, Rijkswaterstaat, Wetransform]","[servicedesk-data@rijkswaterstaat.nl, servicedesk-data@rijkswaterstaat.nl, info@wetransform.to]","Nederlands metadata profiel op ISO 19119 voor services 2.0",
"adn573b0-bd3b-4d7b-a97d-e65841e6e0b3","Bathymetrie Nederland - kust WMS","no MD_DataIdentificationCitationAnchor","[Rijkswaterstaat, Rijkswaterstaat, Rijkswaterstaat]","[servicedesk-data@rijkswaterstaat.nl, servicedesk-data@rijkswaterstaat.nl, servicedesk-data@rijkswaterstaat.nl]","Nederlands metadata profiel op ISO 19119 voor services 2.0",
"wt-f5eb-b09f-4f6d-8397-8878a1m86238","Menselijke gezondheid en veiligheid - geluidbelasting rijkswegen 2011 (INSPIRE geharmoniseerd) WMS","no MD_DataIdentificationCitationAnchor","[Rijkswaterstaat, Rijkswaterstaat, Wetransform]","[servicedesk-data@rijkswaterstaat.nl, servicedesk-data@rijkswaterstaat.nl, info@wetransform.to]","Nederlands metadata profiel op ISO 19119 voor services 2.0",


15:22:34.052 [pool-1-thread-5] INFO  com.intuit.karate - << lock released, cached callonce: read('classpath:InspireTest/def/getservice.template.feature')
15:22:34.054 [pool-1-thread-5] INFO  com.intuit.karate - [print] {
  "__arg": null,
  "responseType": "string",
  "responseHeaders": {
    "Connection": [
      "keep-alive"
    ],
    "Server": [
      "GitHub.com"
    ],
    "Content-Type": [
      "text/csv; charset=utf-8"
    ],
    "Strict-Transport-Security": [
      "max-age=31556952"
    ],
    "Last-Modified": [
      "Fri, 25 Sep 2020 14:00:32 GMT"
    ],
    "ETag": [
      "W/\"5f6df800-2851\""
    ],
    "Access-Control-Allow-Origin": [
      "*"
    ],
    "Expires": [
      "Fri, 25 Sep 2020 15:32:33 GMT"
    ],
    "Cache-Control": [
      "max-age=600"
    ],
    "X-Proxy-Cache": [
      "MISS"
    ],
    "X-GitHub-Request-Id": [
      "3606:43EB:1E8C01:22F74C:5F6E0B39"
    ],
    "Accept-Ranges": [
      "bytes"
    ],
    "Date": [
      "Fri, 25 Sep 2020 15:22:34 GMT"
    ],
    "Via": [
      "1.1 varnish"
    ],
    "Age": [
      "0"
    ],
    "X-Served-By": [
      "cache-bwi5025-BWI"
    ],
    "X-Cache": [
      "MISS"
    ],
    "X-Cache-Hits": [
      "0"
    ],
    "X-Timer": [
      "S1601047354.928558,VS0,VE79"
    ],
    "Vary": [
      "Accept-Encoding"
    ],
    "X-Fastly-Request-ID": [
      "59111714ad268a65c3f3d86a6bfe4a6718572a6d"
    ]
  },
  "responseTime": 283,
  "response": "\"datasetIdentifierCode\",\"title\",\"dataIdentificationCitationAnchor\",\"organisation\",\"electronicMailAddress\",\"metadataStandardVersion\",\n\"3094a1c4-3dd6-4e8e-9929-4a63dd66992e\",\"INSPIRE Download service voor Faciliteiten voor productie en industrie\",\"no MD_DataIdentificationCitationAnchor\",\"[Interprovinciaal Overleg, Interprovinciaal Overleg, Interprovinciaal Overleg]\",\"[inspire@gbo-provincies.nl, inspire@gbo-provincies.nl]\",\"Nederlands metadata profiel op ISO 19119 voor services 2.0\",\n\"777f41ee-8269-4bbc-b0e4-f889c62be099\",\"Afgevoerde hoeveelheid afval in 2011 vanuit de industrie (WMS)\",\"no MD_DataIdentificationCitationAnchor\",\"no organisationName found in dataset record\",\"[emissieregistratie@rivm.nl, emissieregistratie@rivm.nl]\",\"Nederlands metadata profiel op ISO 19119 voor services 2.0\",\n\"d293204f-6581-4b0a-811b-1dcce97adedd\",\"Publiekrechtelijke Beperking WMS\",\"no MD_DataIdentificationCitationAnchor\",\"[Beheer PDOK, Beheer PDOK]\",\"[beheerPDOK@kadaster.nl, beheerPDOK@kadaster.nl]\",\"Nederlands metadata profiel op ISO 19119 voor services 2.0\",\n\"918388cf-9d8c-4264-b108-3e375bde0d52\",\"Noordzee Vaarwegmarkeringen WMS\",\"no MD_DataIdentificationCitationAnchor\",\"[Beheer PDOK, Beheer PDOK]\",\"[beheerPDOK@kadaster.nl, beheerPDOK@kadaster.nl]\",\"Nederlands metadata profiel op ISO 19119 voor services 2.0\",\n\"89b35a6c-c099-456b-8eaf-2b83c7a35c74\",\"Beschermde Gebieden Nationale Parken (INSPIRE geharmoniseerd) WMS\",\"no MD_DataIdentificationCitationAnchor\",\"[Beheer PDOK, Beheer PDOK]\",\"[beheerPDOK@kadaster.nl, beheerPDOK@kadaster.nl]\",\"Nederlands metadata profiel op ISO 19119 voor services 2.0\",\n\"b0119753-5625-4500-9df3-13823ff9868f\",\"Habitatrichtlijn verspreiding van typen WMS\",\"no MD_DataIdentificationCitationAnchor\",\"[Beheer PDOK, Beheer PDOK]\",\"[beheerPDOK@kadaster.nl, beheerPDOK@kadaster.nl]\",\"Nederlands metadata profiel op ISO 19119 voor services 2.0\",\n\"95e2c712-1b91-4f24-9453-c56b95227717\",\"Emissies naar het riool in 2015 vanuit de industrie (WMS)\",\"no MD_DataIdentificationCitationAnchor\",\"no organisationName found in dataset record\",\"[emissieregistratie@rivm.nl, emissieregistratie@rivm.nl]\",\"Nederlands metadata profiel op ISO 19119 voor services 2.0\",\n\"87a382da-c6dc-403c-a006-2379eb6daaa6\",\"Nederlands deel PSSA Waddenzee Viewservice\",\"no MD_DataIdentificationCitationAnchor\",\"[Ministerie van Defensie, Koninklijke Marine, Dienst der Hydrografie, Ministerie van Defensie, Koninklijke Marine, Dienst der Hydrografie]\",\"[data@hydro.nl, hydro.servicedesk@mindef.nl]\",\"Nederlands metadata profiel op ISO 19119 voor services 2.0\",\n\"627b50bf-2e33-4beb-a314-ff8c0fe8912e\",\"Vervoersnetwerken Waterwegen RWS (INSPIRE geharmoniseerd) WMS\",\"no MD_DataIdentificationCitationAnchor\",\"[Beheer PDOK, Beheer PDOK]\",\"[beheerPDOK@kadaster.nl, beheerPDOK@kadaster.nl]\",\"Nederlands metadata profiel op ISO 19119 voor services 2.0\",\n\"bd14098b-44e6-47e5-959d-f40dda65da5a\",\"Ziekenhuizen in Nederland (september 2013) (WMS)\",\"no MD_DataIdentificationCitationAnchor\",\"no organisationName found in dataset record\",\"[atlas@rivm.nl, geodata@rivm.nl]\",\"Nederlands metadata profiel op ISO 19119 voor services 2.0\",\n\"7e87a655-c4eb-404d-9d0a-efa2dccef7cc\",\"Geografische Namen (INSPIRE geharmoniseerd) WFS\",\"no MD_DataIdentificationCitationAnchor\",\"[Beheer PDOK, Beheer PDOK]\",\"[beheerPDOK@kadaster.nl, beheerPDOK@kadaster.nl]\",\"Nederlands metadata profiel op ISO 19119 voor services 2.0\",\n\"c56433ca-35f2-4aaf-8bfa-35d8e0e52dda\",\"Afgevoerde hoeveelheid afval in 2015 vanuit de industrie (WMS)\",\"no MD_DataIdentificationCitationAnchor\",\"no organisationName found in dataset record\",\"[emissieregistratie@rivm.nl, emissieregistratie@rivm.nl]\",\"Nederlands metadata profiel op ISO 19119 voor services 2.0\",\n\"dda53ebc-bee7-4765-8f1f-6ac59b0aec39\",\"Bodemkundig boormonsterprofiel onder INSPIRE, viewservice\",\"no MD_DataIdentificationCitationAnchor\",\"[TNO Geologische Dienst Nederland, Alterra, Wageningen UR]\",\"[info@dinoloket.nl, geodesk.cgi@wur.nl]\",\"Nederlands metadata profiel op ISO 19119 voor services 2.0\",\n\"cd370f58-0e54-48d6-b83b-ccd332bfb7c7\",\"Emissies naar lucht en water in 2011 vanuit de industrie (WMS)\",\"no MD_DataIdentificationCitationAnchor\",\"no organisationName found in dataset record\",\"[emissieregistratie@rivm.nl, emissieregistratie@rivm.nl]\",\"Nederlands metadata profiel op ISO 19119 voor services 2.0\",\n\"22bedc12-e9cb-4419-8e51-dfb375d46d01\",\"INSPIRE View service voor Gebieden met natuurrisico's\",\"no MD_DataIdentificationCitationAnchor\",\"[Interprovinciaal Overleg, Interprovinciaal Overleg, Interprovinciaal Overleg]\",\"[inspire@gbo-provincies.nl, inspire@gbo-provincies.nl]\",\"Nederlands metadata profiel op ISO 19119 voor services 2.0\",\n\"37e05521-c323-4dbe-aba4-de1178ba44a5\",\"Vogelrichtlijn verspreiding van soorten WFS\",\"no MD_DataIdentificationCitationAnchor\",\"[Beheer PDOK, Beheer PDOK]\",\"[beheerPDOK@kadaster.nl, beheerPDOK@kadaster.nl]\",\"Nederlands metadata profiel op ISO 19119 voor services 2.0\",\n\"7e450110-f643-4b73-9262-4f13966cffc6\",\"Kaderrichtlijn Water EU2009 WMS\",\"no MD_DataIdentificationCitationAnchor\",\"[Beheer PDOK, Beheer PDOK]\",\"[beheerpdok@kadaster.nl, beheerpdok@kadaster.nl]\",\"Nederlands metadata profiel op ISO 19119 voor services 2.0\",\n\"081bcfff-5f66-467c-95d0-d88dcf9aa4cf\",\"Monitoring stations (Nitraatrichtlijn) ondiepe filters (WMS)\",\"no MD_DataIdentificationCitationAnchor\",\"no organisationName found in dataset record\",\"[geodata@rivm.nl, geodata@rivm.nl]\",\"Nederlands metadata profiel op ISO 19119 voor services 2.0\",\n\"635bdc85-c596-4afb-ab07-de20c662310c\",\"Zeegebieden (INSPIRE geharmoniseerd) WMS\",\"no MD_DataIdentificationCitationAnchor\",\"[Beheer PDOK, Beheer PDOK]\",\"[beheerPDOK@kadaster.nl, beheerPDOK@kadaster.nl]\",\"Nederlands metadata profiel op ISO 19119 voor services 2.0\",\n\"ce963e61-779f-470f-a99d-48d9796e5ba3\",\"Geografische Namen (INSPIRE geharmoniseerd) WMS\",\"no MD_DataIdentificationCitationAnchor\",\"[Beheer PDOK, Beheer PDOK]\",\"[beheerPDOK@kadaster.nl, beheerPDOK@kadaster.nl]\",\"Nederlands metadata profiel op ISO 19119 voor services 2.0\",\n\"5be14ec9-9bb3-4395-a061-e7e78d04a527\",\"Gebouwen (INSPIRE geharmoniseerd) WMS\",\"no MD_DataIdentificationCitationAnchor\",\"[Beheer PDOK, Beheer PDOK]\",\"[beheerPDOK@kadaster.nl, beheerPDOK@kadaster.nl]\",\"Nederlands metadata profiel op ISO 19119 voor services 2.0\",\n\"c6fa88ab-e440-414b-a773-793c4ce6d8df\",\"Bestuurlijke grenzen WMS\",\"no MD_DataIdentificationCitationAnchor\",\"[Beheer PDOK, Beheer PDOK]\",\"[beheerPDOK@kadaster.nl, beheerPDOK@kadaster.nl]\",\"Nederlands metadata profiel op ISO 19119 voor services 2.0\",\n\"923a666c-ee4f-496c-8c85-94d5f81e1f30\",\"Zones volgens EU Gemeenschappelijk Visserijbeleid tot 3M en 6M - Downloadservice\",\"no MD_DataIdentificationCitationAnchor\",\"[Ministerie van Defensie, Koninklijke Marine, Dienst der Hydrografie, Ministerie van Defensie, Koninklijke Marine, Dienst der Hydrografie]\",\"[data@hydro.nl, hydro.servicedesk@mindef.nl]\",\"Nederlands metadata profiel op ISO 19119 voor services 2.0\",\n\"3d01c1ca-973c-4652-baa5-39458bb9e181\",\"Schelpdierenpercelen WMS\",\"no MD_DataIdentificationCitationAnchor\",\"[Beheer PDOK, Beheer PDOK]\",\"[beheerPDOK@kadaster.nl, beheerPDOK@kadaster.nl]\",\"Nederlands metadata profiel op ISO 19119 voor services 2.0\",\n\"7ab53b91-9df1-4c39-ba0e-06ec80ce512b\",\"Beschermde gebieden - CDDA (INSPIRE geharmoniseerd) WMS\",\"no MD_DataIdentificationCitationAnchor\",\"[Beheer PDOK, Beheer PDOK]\",\"[beheerpdok@kadaster.nl, beheerpdok@kadaster.nl]\",\"Nederlands metadata profiel op ISO 19119 voor services 2.0\",\n\"e08079df-6c19-486e-916e-5c9948cfafea\",\"CBS Gebiedsindelingen (INSPIRE geharmoniseerd) WFS\",\"no MD_DataIdentificationCitationAnchor\",\"[Beheer PDOK, Beheer PDOK]\",\"[beheerPDOK@kadaster.nl, beheerPDOK@kadaster.nl]\",\"Nederlands metadata profiel op ISO 19119 voor services 2.0\",\n\"b7880739-a701-4cc0-bb32-2bba61fa8924\",\"Totale potentie aardwarmte uit aquifers, INSPIRE, viewservice\",\"no MD_DataIdentificationCitationAnchor\",\"[TNO Geologische Dienst Nederland, TNO Geologische Dienst Nederland]\",\"[info@dinoloket.nl, info@dinoloket.nl]\",\"Nederlands metadata profiel op ISO 19119 voor services 2.0\",\n\"755d488b-7b94-4883-95be-6aa279604f85\",\"Monitoring stations (Nitraatrichtlijn) diepe filters (WMS)\",\"no MD_DataIdentificationCitationAnchor\",\"no organisationName found in dataset record\",\"[geodata@rivm.nl, geodata@rivm.nl]\",\"Nederlands metadata profiel op ISO 19119 voor services 2.0\",\n\"77971fa3-f869-4726-969a-482e0b1a8c5d\",\"Oppervlaktegeologie, Geologische kaart onder INSPIRE, downloadservice\",\"no MD_DataIdentificationCitationAnchor\",\"[TNO Geologische Dienst Nederland, TNO Geologische Dienst Nederland]\",\"[info@dinoloket.nl, info@dinoloket.nl]\",\"Nederlands metadata profiel op ISO 19119 voor services 2.0\",\n\"a6098c24-4caf-4528-954c-672b9ec6cf78\",\"Kwaliteit van drinkwater in Nederland (2012) (WMS)\",\"no MD_DataIdentificationCitationAnchor\",\"no organisationName found in dataset record\",\"[geodata@rivm.nl, geodata@rivm.nl]\",\"Nederlands metadata profiel op ISO 19119 voor services 2.0\",\n\"a1ed8a00-da07-472e-9627-99175d437c94\",\"Geluidskaarten Schiphol 2016 lden WMS\",\"no MD_DataIdentificationCitationAnchor\",\"[Beheer PDOK, Beheer PDOK]\",\"[beheerPDOK@kadaster.nl, beheerPDOK@kadaster.nl]\",\"Nederlands metadata profiel op ISO 19119 voor services 2.0\",\n\"wt-83730-e750-485a-9c0c-39bf9bm72cf8\",\"Menselijke gezondheid en veiligheid - geluidbelasting rijkswegen 2016 (INSPIRE geharmoniseerd) WMS\",\"no MD_DataIdentificationCitationAnchor\",\"[Rijkswaterstaat, Rijkswaterstaat, Wetransform]\",\"[servicedesk-data@rijkswaterstaat.nl, servicedesk-data@rijkswaterstaat.nl, info@wetransform.to]\",\"Nederlands metadata profiel op ISO 19119 voor services 2.0\",\n\"adn573b0-bd3b-4d7b-a97d-e65841e6e0b3\",\"Bathymetrie Nederland - kust WMS\",\"no MD_DataIdentificationCitationAnchor\",\"[Rijkswaterstaat, Rijkswaterstaat, Rijkswaterstaat]\",\"[servicedesk-data@rijkswaterstaat.nl, servicedesk-data@rijkswaterstaat.nl, servicedesk-data@rijkswaterstaat.nl]\",\"Nederlands metadata profiel op ISO 19119 voor services 2.0\",\n\"wt-f5eb-b09f-4f6d-8397-8878a1m86238\",\"Menselijke gezondheid en veiligheid - geluidbelasting rijkswegen 2011 (INSPIRE geharmoniseerd) WMS\",\"no MD_DataIdentificationCitationAnchor\",\"[Rijkswaterstaat, Rijkswaterstaat, Wetransform]\",\"[servicedesk-data@rijkswaterstaat.nl, servicedesk-data@rijkswaterstaat.nl, info@wetransform.to]\",\"Nederlands metadata profiel op ISO 19119 voor services 2.0\",\n",
  "requestTimeStamp": 1601047353730,
  "env": "dev",
  "myVarName": "someValue",
  "knownlinks": [
    "http://creativecommons.org/licenses/by/3.0/deed.nl",
    "http://creativecommons.org/licenses/by/3.0/nl/",
    "http://creativecommons.org/licenses/by/4.0/deed.nl",
    "http://creativecommons.org/publicdomain/mark/1.0/deed.nl",
    "http://creativecommons.org/publicdomain/zero/1.0/deed.nl",
    "http://data.europa.eu/eli/reg/2010/1089",
    "http://inspire.ec.europa.eu/applicationschema",
    "http://inspire.ec.europa.eu/applicationschema/of",
    "http://inspire.ec.europa.eu/id/document/tg/am",
    "http://inspire.ec.europa.eu/id/document/tg/au",
    "http://inspire.ec.europa.eu/id/document/tg/ef",
    "http://inspire.ec.europa.eu/id/document/tg/el",
    "http://inspire.ec.europa.eu/id/document/tg/hh",
    "http://inspire.ec.europa.eu/id/document/tg/hy",
    "http://inspire.ec.europa.eu/id/document/tg/nz",
    "http://inspire.ec.europa.eu/id/document/tg/of",
    "http://inspire.ec.europa.eu/id/document/tg/pf",
    "http://inspire.ec.europa.eu/id/document/tg/ps",
    "http://inspire.ec.europa.eu/id/document/tg/tn",
    "http://inspire.ec.europa.eu/id/document/tg/us",
    "http://inspire.ec.europa.eu/media-types/application/x-shapefile",
    "http://inspire.ec.europa.eu/metadata-codelist/ConditionsApplyingToAccessAndUse/noConditionsApply",
    "http://inspire.ec.europa.eu/metadata-codelist/LimitationsOnPublicAccess/INSPIRE_Directive_Article13_1f",
    "http://inspire.ec.europa.eu/metadata-codelist/LimitationsOnPublicAccess/noLimitations",
    "http://inspire.ec.europa.eu/metadata-codelist/OnLineDescriptionCode/accessPoint",
    "http://inspire.ec.europa.eu/metadata-codelist/OnLineDescriptionCode/endPoint",
    "http://inspire.ec.europa.eu/metadata-codelist/PriorityDataset",
    "http://inspire.ec.europa.eu/metadata-codelist/PriorityDataset/ActualPollutantReleases-reg-2006-166",
    "http://inspire.ec.europa.eu/metadata-codelist/PriorityDataset/Agglomerations-dir-1991-271",
    "http://inspire.ec.europa.eu/metadata-codelist/PriorityDataset/BirdSpeciesDistribution-dir-2009-147",
    "http://inspire.ec.europa.eu/metadata-codelist/PriorityDataset/BirdsRange-dir-2009-147",
    "http://inspire.ec.europa.eu/metadata-codelist/PriorityDataset/CoastalWaters-dir-2000-60",
    "http://inspire.ec.europa.eu/metadata-codelist/PriorityDataset/DischargePointsToReceivingWaters-dir-1991-271",
    "http://inspire.ec.europa.eu/metadata-codelist/PriorityDataset/DrinkingWaterAbstractionPoints-dir-1998-83",
    "http://inspire.ec.europa.eu/metadata-codelist/PriorityDataset/EstablishmentsInvolvingDangerousSubstances-dir-2012-18",
    "http://inspire.ec.europa.eu/metadata-codelist/PriorityDataset/FloodedAreas-dir-2007-60",
    "http://inspire.ec.europa.eu/metadata-codelist/PriorityDataset/FloodRiskZones-dir-2007-60",
    "http://inspire.ec.europa.eu/metadata-codelist/PriorityDataset/HabitatTypesDistribution-dir-1992-43",
    "http://inspire.ec.europa.eu/metadata-codelist/PriorityDataset/HabitatTypesRange-dir-1992-43",
    "http://inspire.ec.europa.eu/metadata-codelist/PriorityDataset/IndustrialSites-EURegistry-reg-2006-166",
    "http://inspire.ec.europa.eu/metadata-codelist/PriorityDataset/InvasiveAlienSpeciesDistribution-reg-2014-1143",
    "http://inspire.ec.europa.eu/metadata-codelist/PriorityDataset/Lakes-dir-2000-60",
    "http://inspire.ec.europa.eu/metadata-codelist/PriorityDataset/MajorAirportsNoiseExposureDelineationDEN-dir-2002-49",
    "http://inspire.ec.europa.eu/metadata-codelist/PriorityDataset/MajorAirportsNoiseExposureDelineationNight-dir-2002-49",
    "http://inspire.ec.europa.eu/metadata-codelist/PriorityDataset/MajorRailwaysNoiseExposureDelineationDEN-dir-2002-49",
    "http://inspire.ec.europa.eu/metadata-codelist/PriorityDataset/MajorRailwaysNoiseExposureDelineationNight-dir-2002-49",
    "http://inspire.ec.europa.eu/metadata-codelist/PriorityDataset/MajorRoadsNoiseExposureDelineation-dir-2002-49",
    "http://inspire.ec.europa.eu/metadata-codelist/PriorityDataset/MajorRoadsNoiseExposureDelineationDEN-dir-2002-49",
    "http://inspire.ec.europa.eu/metadata-codelist/PriorityDataset/ManagementUnits-dir-2007-60",
    "http://inspire.ec.europa.eu/metadata-codelist/PriorityDataset/MarineAssessmentUnits-dir-2008-56",
    "http://inspire.ec.europa.eu/metadata-codelist/PriorityDataset/MonitoringStations-dir-2000-60",
    "http://inspire.ec.europa.eu/metadata-codelist/PriorityDataset/MonitoringStations-dir-2008-56",
    "http://inspire.ec.europa.eu/metadata-codelist/PriorityDataset/MSFDReportingUnits-dir-2008-56",
    "http://inspire.ec.europa.eu/metadata-codelist/PriorityDataset/NationallyDesignatedAreasCDDA",
    "http://inspire.ec.europa.eu/metadata-codelist/PriorityDataset/Natura2000Sites-dir-1992-43",
    "http://inspire.ec.europa.eu/metadata-codelist/PriorityDataset/Natura2000Sites-dir-2009-147",
    "http://inspire.ec.europa.eu/metadata-codelist/PriorityDataset/RiverBasinDistricts-dir-2000-60",
    "http://inspire.ec.europa.eu/metadata-codelist/PriorityDataset/RiverBasinDistrictsSubUnits-dir-2000-60",
    "http://inspire.ec.europa.eu/metadata-codelist/PriorityDataset/Rivers-dir-2000-60",
    "http://inspire.ec.europa.eu/metadata-codelist/PriorityDataset/SpeciesDistribution-dir-1992-43",
    "http://inspire.ec.europa.eu/metadata-codelist/PriorityDataset/SpeciesRange-dir-1992-43",
    "http://inspire.ec.europa.eu/metadata-codelist/PriorityDataset/SurfaceWaterBodies-dir-2000-60",
    "http://inspire.ec.europa.eu/metadata-codelist/PriorityDataset/TransitionalWaters-dir-2000-60",
    "http://inspire.ec.europa.eu/metadata-codelist/PriorityDataset/UrbanWasteWaterTreatmentPlants-dir-1991-271",
    "http://inspire.ec.europa.eu/metadata-codelist/SpatialDataServiceType/download",
    "http://inspire.ec.europa.eu/metadata-codelist/SpatialDataServiceType/http://inspire.ec.europa.eu/metadata-codelist/SpatialDataServiceType/download",
    "http://inspire.ec.europa.eu/metadata-codelist/SpatialDataServiceType/other",
    "http://inspire.ec.europa.eu/metadata-codelist/SpatialDataServiceType/view",
    "http://inspire.ec.europa.eu/metadata-codelist/SpatialScope",
    "http://inspire.ec.europa.eu/metadata-codelist/SpatialScope/european",
    "http://inspire.ec.europa.eu/metadata-codelist/SpatialScope/national",
    "http://inspire.ec.europa.eu/schemas/am/4.0/AreaManagementRestrictionRegulationZone.xsd",
    "http://inspire.ec.europa.eu/schemas/ef/4.0/EnvironmentalMonitoringFacilities.xsd",
    "http://inspire.ec.europa.eu/schemas/el-bas/4.0/ElevationBaseTypes.xsd",
    "http://inspire.ec.europa.eu/schemas/hh/4.0/HumanHealth.xsd",
    "http://inspire.ec.europa.eu/schemas/hy-n/4.0/HydroNetwork.xsd",
    "http://inspire.ec.europa.eu/schemas/hy/4.0/HydroBase.xsd",
    "http://inspire.ec.europa.eu/schemas/mu/3.0/MaritimeUnits.xsd",
    "http://inspire.ec.europa.eu/schemas/nz-core/4.0/NaturalRiskZonesCore.xsd",
    "http://inspire.ec.europa.eu/schemas/nz/0.0/NaturalRiskZones.xsd",
    "http://inspire.ec.europa.eu/schemas/of/4.0/OceanFeatures.xsd",
    "http://inspire.ec.europa.eu/schemas/pf/4.0/ProductionAndIndustrialFacilities.xsd",
    "http://inspire.ec.europa.eu/schemas/ps/4.0/ProtectedSites.xsd",
    "http://inspire.ec.europa.eu/schemas/tn-ro/4.0/RoadTransportNetwork.xsd",
    "http://inspire.ec.europa.eu/schemas/tn-w/4.0/WaterTransportNetwork.xsd",
    "http://inspire.ec.europa.eu/schemas/tn/4.0/CommonTransportElements.xsd",
    "http://inspire.ec.europa.eu/schemas/us-govserv/4.0/GovernmentalServices.xsd",
    "http://inspire.ec.europa.eu/theme#",
    "http://standaarden.overheid.nl/owms/terms/Ministerie_van_Economische_Zaken",
    "http://standaarden.overheid.nl/owms/terms/Ministerie_van_Landbouw,_Natuur_en_Voedselkwaliteit",
    "http://standaarden.overheid.nl/owms/terms/Rijksinstituut_voor_Volksgezondheid_en_Milieu",
    "http://standaarden.overheid.nl/owms/terms/RVO",
    "http://www.eionet.europa.eu/gemet/inspire_themes",
    "http://www.eionet.europa.eu/gemet/nl/inspire-theme/ac",
    "http://www.eionet.europa.eu/gemet/nl/inspire-theme/ad",
    "http://www.eionet.europa.eu/gemet/nl/inspire-theme/af",
    "http://www.eionet.europa.eu/gemet/nl/inspire-theme/am",
    "http://www.eionet.europa.eu/gemet/nl/inspire-theme/au",
    "http://www.eionet.europa.eu/gemet/nl/inspire-theme/bu",
    "http://www.eionet.europa.eu/gemet/nl/inspire-theme/cp",
    "http://www.eionet.europa.eu/gemet/nl/inspire-theme/ef",
    "http://www.eionet.europa.eu/gemet/nl/inspire-theme/er",
    "http://www.eionet.europa.eu/gemet/nl/inspire-theme/ge",
    "http://www.eionet.europa.eu/gemet/nl/inspire-theme/gn",
    "http://www.eionet.europa.eu/gemet/nl/inspire-theme/hb",
    "http://www.eionet.europa.eu/gemet/nl/inspire-theme/hh",
    "http://www.eionet.europa.eu/gemet/nl/inspire-theme/hy",
    "http://www.eionet.europa.eu/gemet/nl/inspire-theme/lc",
    "http://www.eionet.europa.eu/gemet/nl/inspire-theme/lu",
    "http://www.eionet.europa.eu/gemet/nl/inspire-theme/mf",
    "http://www.eionet.europa.eu/gemet/nl/inspire-theme/nz",
    "http://www.eionet.europa.eu/gemet/nl/inspire-theme/of",
    "http://www.eionet.europa.eu/gemet/nl/inspire-theme/oi",
    "http://www.eionet.europa.eu/gemet/nl/inspire-theme/pd",
    "http://www.eionet.europa.eu/gemet/nl/inspire-theme/pf",
    "http://www.eionet.europa.eu/gemet/nl/inspire-theme/ps",
    "http://www.eionet.europa.eu/gemet/nl/inspire-theme/rs",
    "http://www.eionet.europa.eu/gemet/nl/inspire-theme/sd",
    "http://www.eionet.europa.eu/gemet/nl/inspire-theme/so",
    "http://www.eionet.europa.eu/gemet/nl/inspire-theme/sr",
    "http://www.eionet.europa.eu/gemet/nl/inspire-theme/su",
    "http://www.eionet.europa.eu/gemet/nl/inspire-theme/tn",
    "http://www.eionet.europa.eu/gemet/nl/inspire-theme/us",
    "http://www.iana.org/assignments/media-types/application/gml+xml",
    "https://www.iana.org/assignments/media-types/application/geopackage+sqlite3",
    "https://www.iana.org/assignments/media-types/application/gml+xml",
    "https://www.iana.org/assignments/media-types/application/xml",
    "http://www.opengeospatial.org/standards/sos",
    "http://www.opengeospatial.org/standards/wcs",
    "http://www.opengeospatial.org/standards/wfs",
    "http://www.opengeospatial.org/standards/wms",
    "http://www.opengeospatial.org/standards/wmts",
    "http://www.opengis.net/def/crs/EPSG/0/3034",
    "http://www.opengis.net/def/crs/EPSG/0/3035",
    "http://www.opengis.net/def/crs/EPSG/0/3857",
    "http://www.opengis.net/def/crs/EPSG/0/4258",
    "http://www.opengis.net/def/crs/EPSG/0/4326",
    "http://www.opengis.net/def/crs/EPSG/0/5709",
    "http://www.opengis.net/def/crs/EPSG/0/5730",
    "http://www.opengis.net/def/crs/EPSG/0/5861",
    "http://www.opengis.net/def/crs/EPSG/0/23031",
    "http://www.opengis.net/def/crs/EPSG/0/25831",
    "http://www.opengis.net/def/crs/EPSG/0/25832",
    "http://www.opengis.net/def/crs/EPSG/0/28992",
    "http://www.opengis.net/def/crs/EPSG/0/EPSG:4326",
    "http://www.opengis.net/def/crs/EPSG/0/EPSG:28992",
    "http://www.opengis.net/def/crs/EPSG/0/epsg:28992",
    "http://www.opengis.net/def/serviceType/ogc/wcs",
    "http://www.opengis.net/def/serviceType/ogc/wfs",
    "http://www.opengis.net/def/serviceType/ogc/wms",
    "http://www.opengis.net/def/serviceType/ogc/wmts",
    "http://www.wur.nl/nl/Expertises-Dienstverlening/Onderzoeksinstituten/Environmental-Research.htm",
    "https://ec.europa.eu/eurostat/web/health/data/database",
    "https://geodata.cbs.nl/files/INSPIRE",
    "https://geodata.nationaalgeoregister.nl/elu/atom/elu.xml",
    "https://inspire.ec.europa.eu/id/document/tg/au",
    "https://inspire.ec.europa.eu/id/document/tg/of",
    "https://inspire.ec.europa.eu/id/document/tg/ps",
    "https://inspire.ec.europa.eu/schemas/ps/4.0/ProtectedSites.xsd",
    "https://ngr.geocat.live/geonetwork/srv/eng/thesaurus.download?ref=external.theme.httpinspireeceuropaeumetadatacodelistSpatialScope-SpatialScope",
    "https://tools.ietf.org/html/rfc4287",
    "https://tools.ietf.org/html/rfc5023",
    "https://www.cbs.nl/-/media/cbs/dossiers/nederland%20regionaal/wijk-en-buurtstatistieken/shape%202017%20versie%2020.zip",
    "https://www.cbs.nl/nl-nl/dossier/nederland-regionaal/geografische-data/wijk-en-buurtkaart-2016",
    "https://www.cbs.nl/nl-nl/dossier/nederland-regionaal/geografische-data/wijk-en-buurtkaart-2018",
    "https://www.cbs.nl/nl-nl/dossier/nederland-regionaal/geografische-data/wijk-en-buurtkaart-2019",
    "https://www.iana.org/assignments/media-types/application/gml+xml",
    "https://www.iana.org/assignments/media-types/application/zip",
    "https://www.iana.org/assignments/media-types/image/png",
    "https://www.nationaalgeoregister.nl",
    "https://www.nationaalgeoregister.nl/geonetwork/srv/eng/thesaurus.download?ref=external.theme.httpinspireeceuropaeumetadatacodelistPriorityDataset-PriorityDataset",
    "https://www.nationaalgeoregister.nl/geonetwork/srv/eng/thesaurus.download?ref=external.theme.httpinspireeceuropaeumetadatacodelistSpatialScope-SpatialScope",
    "https://www.nationaalgeoregister.nl/geonetwork/srv/eng/thesaurus.download?ref=external.theme.httpinspireeceuropaeutheme-theme",
    "https://www.nationaalgeoregister.nl:443/geonetwork/srv/eng/thesaurus.download?ref=external.theme.httpinspireeceuropaeuapplicationschema-applicationschema",
    "https://www.nationaalgeoregister.nl:443/geonetwork/srv/eng/thesaurus.download?ref=external.theme.httpinspireeceuropaeumetadatacodelistPriorityDataset-PriorityDataset",
    "https://www.nationaalgeoregister.nl:443/geonetwork/srv/eng/thesaurus.download?ref=external.theme.httpinspireeceuropaeumetadatacodelistSpatialScope-SpatialScope",
    "https://www.nationaalgeoregister.nl:443/geonetwork/srv/eng/thesaurus.download?ref=external.theme.httpinspireeceuropaeutheme-theme"
  ],
  "responseStatus": 200,
  "__loop": -1,
  "responseCookies": null
}

15:22:34.071 [pool-1-thread-6] INFO  com.intuit.karate - [print] [
  {
    "datasetIdentifierCode": "a7fb2234-f7b4-4a03-b282-f10947f42fb1",
    "title": "Kaart van de bodemopbouw in Nederland 1:50.000 onder INSPIRE",
    "dataIdentificationCitationAnchor": "https://ngr.acceptatie.nationaalgeoregister.nl/geonetwork/srv/resourcesbbe3c19d-12b0-4912-a6f4-46eb189e85ac",
    "organisation": "[TNO Geologische Dienst Nederland, Alterra, Wageningen UR, TNO Geologische Dienst Nederland]",
    "electronicMailAddress": "[info@dinoloket.nl, geodesk.cgi@wur.nl, info@dinoloket.nl]",
    "metadataStandardVersion": "Nederlandse metadata profiel op ISO 19115 voor geografie 2.0"
  },
  {
    "datasetIdentifierCode": "9d9f1738-aced-47c9-aaa0-c62474a2dcfb",
    "title": "Zeegebieden",
    "dataIdentificationCitationAnchor": "http://kadaster/7c22107ea-5e31-4bbc-8e24-d15fe230062e",
    "organisation": "[Kadaster, Kadaster, Kadaster]",
    "electronicMailAddress": "[PPB-GVA@kadaster.nl, kcc@kadaster.nl, kcc@kadaster.nl]",
    "metadataStandardVersion": "Nederlands metadata profiel op ISO 19115 voor geografie 2.0"
  },
  {
    "datasetIdentifierCode": "36a7e8cb-8300-4602-93d2-135943365a6f",
    "title": "Monitoring stations (Nitraatrichtlijn) diepe filters",
    "dataIdentificationCitationAnchor": "https://data.rivm.nl/inspire/id#36a7e8cb-8300-4602-93d2-135943365a6f",
    "organisation": "no organisationName found in dataset record",
    "electronicMailAddress": "[geodata@rivm.nl, , geodata@rivm.nl]",
    "metadataStandardVersion": "Nederlands metadata profiel op ISO 19115 voor geografie 2.0"
  },
  {
    "datasetIdentifierCode": "c2225e5d-b46f-4e38-8445-ab10fd40c0dc",
    "title": "Blokindeling Nederlands Continentaal Plat",
    "dataIdentificationCitationAnchor": "https://www.nationaalgeoregister.nl/geonetwork/srv/api/recordsc2225e5d-b46f-4e38-8445-ab10fd40c0dc",
    "organisation": "[Ministerie van Defensie, Koninklijke Marine, Dienst der Hydrografie, Ministerie van Defensie, Koninklijke Marine, Dienst der Hydrografie, Ministerie van Defensie, Koninklijke Marine, Dienst der Hydrografie]",
    "electronicMailAddress": "[data@hydro.nl, data@hydro.nl, data@hydro.nl]",
    "metadataStandardVersion": "Nederlands metadata profiel op ISO 19115 voor geografie 2.0"
  },
  {
    "datasetIdentifierCode": "3a7dd0a6-d130-4c4c-b0ba-24365cf036e2",
    "title": "Vervoersnetwerken - Spoorwegen (INSPIRE geharmoniseerd)",
    "dataIdentificationCitationAnchor": "http://kadaster/cb4edbd2-2dca-4d44-92bb-b2202048b526",
    "organisation": "[Kadaster, Kadaster]",
    "electronicMailAddress": "[PPB-GVA@kadaster.nl, kcc@kadaster.nl]",
    "metadataStandardVersion": "Nederlands metadata profiel op ISO 19115 voor geografie 2.0"
  },
  {
    "datasetIdentifierCode": "8de2f5eb-b09f-4f6d-8397-8878a1b86238",
    "title": "Geluidbelasting rijkswegen in Nederland 2011 (24-uurs gemiddelde)",
    "dataIdentificationCitationAnchor": "https://www.nationaalgeoregister.nl/geonetwork/srv/dut/catalog.search#/metadata/8de2f5eb-b09f-4f6d-8397-8878a1b86238",
    "organisation": "[Rijkswaterstaat, Rijkswaterstaat, , Rijkswaterstaat, Rijkswaterstaat]",
    "electronicMailAddress": "[servicedesk-data@rijkswaterstaat.nl, servicedesk-data@rijkswaterstaat.nl, , servicedesk-data@rijkswaterstaat.nl, servicedesk-data@rijkswaterstaat.nl]",
    "metadataStandardVersion": "Nederlands metadata profiel op ISO 19115 voor geografie 2.0"
  }
]

15:22:34.084 [pool-1-thread-5] INFO  com.intuit.karate - [print] [
  {
    "datasetIdentifierCode": "3094a1c4-3dd6-4e8e-9929-4a63dd66992e",
    "title": "INSPIRE Download service voor Faciliteiten voor productie en industrie",
    "dataIdentificationCitationAnchor": "no MD_DataIdentificationCitationAnchor",
    "organisation": "[Interprovinciaal Overleg, Interprovinciaal Overleg, Interprovinciaal Overleg]",
    "electronicMailAddress": "[inspire@gbo-provincies.nl, inspire@gbo-provincies.nl]",
    "metadataStandardVersion": "Nederlands metadata profiel op ISO 19119 voor services 2.0"
  },
  {
    "datasetIdentifierCode": "777f41ee-8269-4bbc-b0e4-f889c62be099",
    "title": "Afgevoerde hoeveelheid afval in 2011 vanuit de industrie (WMS)",
    "dataIdentificationCitationAnchor": "no MD_DataIdentificationCitationAnchor",
    "organisation": "no organisationName found in dataset record",
    "electronicMailAddress": "[emissieregistratie@rivm.nl, emissieregistratie@rivm.nl]",
    "metadataStandardVersion": "Nederlands metadata profiel op ISO 19119 voor services 2.0"
  },
  {
    "datasetIdentifierCode": "d293204f-6581-4b0a-811b-1dcce97adedd",
    "title": "Publiekrechtelijke Beperking WMS",
    "dataIdentificationCitationAnchor": "no MD_DataIdentificationCitationAnchor",
    "organisation": "[Beheer PDOK, Beheer PDOK]",
    "electronicMailAddress": "[beheerPDOK@kadaster.nl, beheerPDOK@kadaster.nl]",
    "metadataStandardVersion": "Nederlands metadata profiel op ISO 19119 voor services 2.0"
  },
  {
    "datasetIdentifierCode": "918388cf-9d8c-4264-b108-3e375bde0d52",
    "title": "Noordzee Vaarwegmarkeringen WMS",
    "dataIdentificationCitationAnchor": "no MD_DataIdentificationCitationAnchor",
    "organisation": "[Beheer PDOK, Beheer PDOK]",
    "electronicMailAddress": "[beheerPDOK@kadaster.nl, beheerPDOK@kadaster.nl]",
[...]
15:22:38.062 [ForkJoinPool-1-worker-3] DEBUG com.intuit.karate - response time in milliseconds: 501.52
1 < 500
1 < Cache-Control: no-cache
1 < Connection: close
1 < Content-Type: text/html;charset=UTF-8
1 < Date: Fri, 25 Sep 2020 15:22:37 GMT
1 < Expires: -1
1 < Pragma: no-cache
1 < Server: Apache
1 < Set-Cookie: [serverTime=1601047357818; Path=/, sessionExpiry=1601047357818; Path=/]

15:22:38.064 [ForkJoinPool-1-worker-3] ERROR com.intuit.karate - assertion failed: path: $, actual: 500, expected: 200, reason: not equal (Integer)
15:22:38.064 [ForkJoinPool-1-worker-3] ERROR com.intuit.karate - feature call (loop) failed at index: 3
caller: classpath:InspireTest/def/checkxlinkurl.template.feature
arg: {"link":"https://www.nationaalgeoregister.nl/geonetwork/srv/eng/thesaurus.download?ref=external.theme.inspire-theme"}
checkxlinkurl.template.feature:28 - path: $, actual: 500, expected: 200, reason: not equal (Integer)
15:22:38.216 [ForkJoinPool-1-worker-13] DEBUG com.intuit.karate - response time in milliseconds: 1373.84
1 < 302
1 < Connection: Keep-Alive
1 < Content-Length: 0
1 < Location: https://inspire.ec.europa.eu/metadata-codelist/PriorityDataset
1 < Server: BigIP

15:22:38.217 [ForkJoinPool-1-worker-13] DEBUG com.intuit.karate - request:
2 > HEAD http://inspire.ec.europa.eu/metadata-codelist/PriorityDataset#
2 > Accept-Encoding: gzip,deflate
2 > Connection: Keep-Alive
2 > Cookie: JSESSIONID=81ABCE58856DB685EF4BD59A2502C0A6; route=a1ba236ee7700a2cb53185ef7b13b33ffbcd13d6; serverTime=1601047356092; sessionExpiry=1601047356092
2 > Host: inspire.ec.europa.eu
2 > User-Agent: Apache-HttpClient/4.5.11 (Java/13.0.4)

15:22:43.563 [ForkJoinPool-1-worker-13] ERROR com.intuit.karate - java.net.SocketTimeoutException: Read timed out, http call failed after 5346 milliseconds for URL: http://inspire.ec.europa.eu/metadata-codelist/PriorityDataset#
15:22:43.564 [ForkJoinPool-1-worker-13] ERROR com.intuit.karate - http request failed: 
java.net.SocketTimeoutException: Read timed out
15:22:43.564 [ForkJoinPool-1-worker-13] ERROR com.intuit.karate - feature call (loop) failed at index: 2
caller: classpath:InspireTest/def/checkxlinkurl.template.feature
arg: {"link":"http://inspire.ec.europa.eu/metadata-codelist/PriorityDataset#"}
checkxlinkurl.template.feature:21 - 
java.net.SocketTimeoutException: Read timed out
15:22:43.570 [ForkJoinPool-1-worker-13] INFO  com.intuit.karate - [print] testing xlinkurl:https://ngr.geocat.live/geonetwork/srv/eng/thesaurus.download?ref=external.theme.httpinspireeceuropaeumetadatacodelistPrioritydataset-Prioritydataset
15:22:43.579 [ForkJoinPool-1-worker-13] DEBUG com.intuit.karate - request:
1 > HEAD https://ngr.geocat.live/geonetwork/srv/eng/thesaurus.download?ref=external.theme.httpinspireeceuropaeumetadatacodelistPrioritydataset-Prioritydataset
1 > Accept-Encoding: gzip,deflate
1 > Connection: Keep-Alive
1 > Cookie: JSESSIONID=81ABCE58856DB685EF4BD59A2502C0A6; route=a1ba236ee7700a2cb53185ef7b13b33ffbcd13d6; serverTime=1601047356092; sessionExpiry=1601047356092
1 > Host: ngr.geocat.live
1 > User-Agent: Apache-HttpClient/4.5.11 (Java/13.0.4)

15:22:44.011 [ForkJoinPool-1-worker-13] DEBUG com.intuit.karate - response time in milliseconds: 429.77
1 < 500
1 < Cache-Control: no-cache
1 < Connection: close
1 < Content-Type: text/html;charset=UTF-8
1 < Date: Fri, 25 Sep 2020 15:22:43 GMT
1 < Expires: -1
1 < Pragma: no-cache
1 < Server: Apache
1 < Set-Cookie: [serverTime=1601047363933; Path=/, sessionExpiry=1601047363933; Path=/]

15:22:44.014 [ForkJoinPool-1-worker-13] ERROR com.intuit.karate - assertion failed: path: $, actual: 500, expected: 200, reason: not equal (Integer)
15:22:44.014 [ForkJoinPool-1-worker-13] ERROR com.intuit.karate - feature call (loop) failed at index: 3
caller: classpath:InspireTest/def/checkxlinkurl.template.feature
arg: {"link":"https://ngr.geocat.live/geonetwork/srv/eng/thesaurus.download?ref=external.theme.httpinspireeceuropaeumetadatacodelistPrioritydataset-Prioritydataset"}
checkxlinkurl.template.feature:28 - path: $, actual: 500, expected: 200, reason: not equal (Integer)
15:22:44.016 [ForkJoinPool-1-worker-13] INFO  com.intuit.karate - [print] testing xlinkurl:urn:ogc:def:crs:EPSG::5709
15:22:44.019 [ForkJoinPool-1-worker-13] ERROR com.intuit.karate - org.apache.http.client.ClientProtocolException: URI does not specify a valid host name: urn:ogc:def:crs:EPSG::5709, http call failed after 0 milliseconds for URL: urn:ogc:def:crs:EPSG::5709
15:22:44.019 [ForkJoinPool-1-worker-13] ERROR com.intuit.karate - http request failed: 
org.apache.http.client.ClientProtocolException: URI does not specify a valid host name: urn:ogc:def:crs:EPSG::5709
15:22:44.019 [ForkJoinPool-1-worker-13] ERROR com.intuit.karate - feature call (loop) failed at index: 4
caller: classpath:InspireTest/def/checkxlinkurl.template.feature
arg: {"link":"urn:ogc:def:crs:EPSG::5709"}
checkxlinkurl.template.feature:21 - 
org.apache.http.client.ClientProtocolException: URI does not specify a valid host name: urn:ogc:def:crs:EPSG::5709
15:22:44.082 [pool-1-thread-6] INFO  com.intuit.karate.Runner - <<fail>> feature 6 of 12: classpath:InspireTest/ngr/T02_datasets/check-known-dataset-record.feature
---------------------------------------------------------
feature: classpath:InspireTest/ngr/T02_datasets/check-known-dataset-record.feature
report: target/surefire-reports/InspireTest.ngr.T02_datasets.check-known-dataset-record.json
scenarios:  6 | passed:  0 | failed:  6 | time: 20.8505
---------------------------------------------------------
Karate version: 0.9.5
======================================================
elapsed:  11.78 | threads:    6 | thread time: 27.74 
features:     3 | ignored:    9 | efficiency: 0.39
scenarios:   41 | passed:     0 | failed: 41
======================================================
failed features:
InspireTest.ngr.T04_extra.check-known-links: [1:5] check-known-links.feature:5 - could not find or read file: classpath:InspireTest/ngr/def/knownlink.csv
InspireTest.ngr.T03_services.check-known-service-record: [1.1:24] check-known-service-record.feature:36 - path: /GetRecordByIdResponse/MD_Metadata/fileIdentifier/CharacterString, actual: null, expected: '<serviceIdentifierCode>', reason: actual xpath does not exist
[1.2:24] check-known-service-record.feature:36 - path: /GetRecordByIdResponse/MD_Metadata/fileIdentifier/CharacterString, actual: null, expected: '<serviceIdentifierCode>', reason: actual xpath does not exist
[1.3:24] check-known-service-record.feature:36 - path: /GetRecordByIdResponse/MD_Metadata/fileIdentifier/CharacterString, actual: null, expected: '<serviceIdentifierCode>', reason: actual xpath does not exist
[1.4:24] check-known-service-record.feature:36 - path: /GetRecordByIdResponse/MD_Metadata/fileIdentifier/CharacterString, actual: null, expected: '<serviceIdentifierCode>', reason: actual xpath does not exist
[1.5:24] check-known-service-record.feature:36 - path: /GetRecordByIdResponse/MD_Metadata/fileIdentifier/CharacterString, actual: null, expected: '<serviceIdentifierCode>', reason: actual xpath does not exist
[1.6:24] check-known-service-record.feature:36 - path: /GetRecordByIdResponse/MD_Metadata/fileIdentifier/CharacterString, actual: null, expected: '<serviceIdentifierCode>', reason: actual xpath does not exist
[1.7:24] check-known-service-record.feature:36 - path: /GetRecordByIdResponse/MD_Metadata/fileIdentifier/CharacterString, actual: null, expected: '<serviceIdentifierCode>', reason: actual xpath does not exist
[1.8:24] check-known-service-record.feature:36 - path: /GetRecordByIdResponse/MD_Metadata/fileIdentifier/CharacterString, actual: null, expected: '<serviceIdentifierCode>', reason: actual xpath does not exist
[1.9:24] check-known-service-record.feature:36 - path: /GetRecordByIdResponse/MD_Metadata/fileIdentifier/CharacterString, actual: null, expected: '<serviceIdentifierCode>', reason: actual xpath does not exist
[1.10:24] check-known-service-record.feature:36 - path: /GetRecordByIdResponse/MD_Metadata/fileIdentifier/CharacterString, actual: null, expected: '<serviceIdentifierCode>', reason: actual xpath does not exist
[1.11:24] check-known-service-record.feature:36 - path: /GetRecordByIdResponse/MD_Metadata/fileIdentifier/CharacterString, actual: null, expected: '<serviceIdentifierCode>', reason: actual xpath does not exist
[1.12:24] check-known-service-record.feature:36 - path: /GetRecordByIdResponse/MD_Metadata/fileIdentifier/CharacterString, actual: null, expected: '<serviceIdentifierCode>', reason: actual xpath does not exist
[1.13:24] check-known-service-record.feature:36 - path: /GetRecordByIdResponse/MD_Metadata/fileIdentifier/CharacterString, actual: null, expected: '<serviceIdentifierCode>', reason: actual xpath does not exist
[1.14:24] check-known-service-record.feature:36 - path: /GetRecordByIdResponse/MD_Metadata/fileIdentifier/CharacterString, actual: null, expected: '<serviceIdentifierCode>', reason: actual xpath does not exist
[1.15:24] check-known-service-record.feature:36 - path: /GetRecordByIdResponse/MD_Metadata/fileIdentifier/CharacterString, actual: null, expected: '<serviceIdentifierCode>', reason: actual xpath does not exist
[1.16:24] check-known-service-record.feature:36 - path: /GetRecordByIdResponse/MD_Metadata/fileIdentifier/CharacterString, actual: null, expected: '<serviceIdentifierCode>', reason: actual xpath does not exist
[1.17:24] check-known-service-record.feature:36 - path: /GetRecordByIdResponse/MD_Metadata/fileIdentifier/CharacterString, actual: null, expected: '<serviceIdentifierCode>', reason: actual xpath does not exist
[1.18:24] check-known-service-record.feature:36 - path: /GetRecordByIdResponse/MD_Metadata/fileIdentifier/CharacterString, actual: null, expected: '<serviceIdentifierCode>', reason: actual xpath does not exist
[1.19:24] check-known-service-record.feature:36 - path: /GetRecordByIdResponse/MD_Metadata/fileIdentifier/CharacterString, actual: null, expected: '<serviceIdentifierCode>', reason: actual xpath does not exist
[1.20:24] check-known-service-record.feature:36 - path: /GetRecordByIdResponse/MD_Metadata/fileIdentifier/CharacterString, actual: null, expected: '<serviceIdentifierCode>', reason: actual xpath does not exist
[1.21:24] check-known-service-record.feature:36 - path: /GetRecordByIdResponse/MD_Metadata/fileIdentifier/CharacterString, actual: null, expected: '<serviceIdentifierCode>', reason: actual xpath does not exist
[1.22:24] check-known-service-record.feature:36 - path: /GetRecordByIdResponse/MD_Metadata/fileIdentifier/CharacterString, actual: null, expected: '<serviceIdentifierCode>', reason: actual xpath does not exist
[1.23:24] check-known-service-record.feature:36 - path: /GetRecordByIdResponse/MD_Metadata/fileIdentifier/CharacterString, actual: null, expected: '<serviceIdentifierCode>', reason: actual xpath does not exist
[1.24:24] check-known-service-record.feature:36 - path: /GetRecordByIdResponse/MD_Metadata/fileIdentifier/CharacterString, actual: null, expected: '<serviceIdentifierCode>', reason: actual xpath does not exist
[1.25:24] check-known-service-record.feature:36 - path: /GetRecordByIdResponse/MD_Metadata/fileIdentifier/CharacterString, actual: null, expected: '<serviceIdentifierCode>', reason: actual xpath does not exist
[1.26:24] check-known-service-record.feature:36 - path: /GetRecordByIdResponse/MD_Metadata/fileIdentifier/CharacterString, actual: null, expected: '<serviceIdentifierCode>', reason: actual xpath does not exist
[1.27:24] check-known-service-record.feature:36 - path: /GetRecordByIdResponse/MD_Metadata/fileIdentifier/CharacterString, actual: null, expected: '<serviceIdentifierCode>', reason: actual xpath does not exist
[1.28:24] check-known-service-record.feature:36 - path: /GetRecordByIdResponse/MD_Metadata/fileIdentifier/CharacterString, actual: null, expected: '<serviceIdentifierCode>', reason: actual xpath does not exist
[1.29:24] check-known-service-record.feature:36 - path: /GetRecordByIdResponse/MD_Metadata/fileIdentifier/CharacterString, actual: null, expected: '<serviceIdentifierCode>', reason: actual xpath does not exist
[1.30:24] check-known-service-record.feature:36 - path: /GetRecordByIdResponse/MD_Metadata/fileIdentifier/CharacterString, actual: null, expected: '<serviceIdentifierCode>', reason: actual xpath does not exist
[1.31:24] check-known-service-record.feature:36 - path: /GetRecordByIdResponse/MD_Metadata/fileIdentifier/CharacterString, actual: null, expected: '<serviceIdentifierCode>', reason: actual xpath does not exist
[1.32:24] check-known-service-record.feature:36 - path: /GetRecordByIdResponse/MD_Metadata/fileIdentifier/CharacterString, actual: null, expected: '<serviceIdentifierCode>', reason: actual xpath does not exist
[1.33:24] check-known-service-record.feature:36 - path: /GetRecordByIdResponse/MD_Metadata/fileIdentifier/CharacterString, actual: null, expected: '<serviceIdentifierCode>', reason: actual xpath does not exist
[1.34:24] check-known-service-record.feature:36 - path: /GetRecordByIdResponse/MD_Metadata/fileIdentifier/CharacterString, actual: null, expected: '<serviceIdentifierCode>', reason: actual xpath does not exist
InspireTest.ngr.T02_datasets.check-known-dataset-record: [1.1:24] check-known-dataset-record.feature:72 - feature call (loop) failed: classpath:InspireTest/def/checkxlinkurl.template.feature
caller: classpath:InspireTest/ngr/T02_datasets/check-known-dataset-record.feature
items: [{link=https://ngr.acceptatie.nationaalgeoregister.nl/geonetwork/srv/resourcesbbe3c19d-12b0-4912-a6f4-46eb189e85ac}, {link=http://rdfdata.eionet.europa.eu/inspirethemes/themes/16}, {link=http://geonetwork-opensource.org/inspire-theme#}, {link=https://www.nationaalgeoregister.nl/geonetwork/srv/eng/thesaurus.download?ref=external.theme.inspire-theme}]
errors:
-------
feature call (loop) failed at index: 0
caller: classpath:InspireTest/def/checkxlinkurl.template.feature
arg: {"link":"https://ngr.acceptatie.nationaalgeoregister.nl/geonetwork/srv/resourcesbbe3c19d-12b0-4912-a6f4-46eb189e85ac"}
checkxlinkurl.template.feature:28 - path: $, actual: 404, expected: 200, reason: not equal (Integer)
-------
feature call (loop) failed at index: 1
caller: classpath:InspireTest/def/checkxlinkurl.template.feature
arg: {"link":"http://rdfdata.eionet.europa.eu/inspirethemes/themes/16"}
checkxlinkurl.template.feature:28 - path: $, actual: 404, expected: 200, reason: not equal (Integer)
-------
feature call (loop) failed at index: 2
caller: classpath:InspireTest/def/checkxlinkurl.template.feature
arg: {"link":"http://geonetwork-opensource.org/inspire-theme#"}
checkxlinkurl.template.feature:28 - path: $, actual: 404, expected: 200, reason: not equal (Integer)
-------
feature call (loop) failed at index: 3
caller: classpath:InspireTest/def/checkxlinkurl.template.feature
arg: {"link":"https://www.nationaalgeoregister.nl/geonetwork/srv/eng/thesaurus.download?ref=external.theme.inspire-theme"}
checkxlinkurl.template.feature:28 - path: $, actual: 500, expected: 200, reason: not equal (Integer)
[1.2:24] check-known-dataset-record.feature:72 - feature call (loop) failed: classpath:InspireTest/def/checkxlinkurl.template.feature
caller: classpath:InspireTest/ngr/T02_datasets/check-known-dataset-record.feature
items: [{link=http://kadaster/7c22107ea-5e31-4bbc-8e24-d15fe230062e}]
errors:
-------
feature call (loop) failed at index: 0
caller: classpath:InspireTest/def/checkxlinkurl.template.feature
arg: {"link":"http://kadaster/7c22107ea-5e31-4bbc-8e24-d15fe230062e"}
checkxlinkurl.template.feature:21 - 
java.net.UnknownHostException: kadaster: Temporary failure in name resolution
[1.3:24] check-known-dataset-record.feature:72 - feature call (loop) failed: classpath:InspireTest/def/checkxlinkurl.template.feature
caller: classpath:InspireTest/ngr/T02_datasets/check-known-dataset-record.feature
items: [{link=https://data.rivm.nl/inspire/id#36a7e8cb-8300-4602-93d2-135943365a6f}]
errors:
-------
feature call (loop) failed at index: 0
caller: classpath:InspireTest/def/checkxlinkurl.template.feature
arg: {"link":"https://data.rivm.nl/inspire/id#36a7e8cb-8300-4602-93d2-135943365a6f"}
checkxlinkurl.template.feature:21 - 
javax.net.ssl.SSLException: Connection reset
[1.4:24] check-known-dataset-record.feature:72 - feature call (loop) failed: classpath:InspireTest/def/checkxlinkurl.template.feature
caller: classpath:InspireTest/ngr/T02_datasets/check-known-dataset-record.feature
items: [{link=http://www.opengis.net/def/crs/EPSG/0/https://www.opengis.net/def/crs/EPSG/0/4258}, {link=https://www.nationaalgeoregister.nl/geonetwork/srv/api/recordsc2225e5d-b46f-4e38-8445-ab10fd40c0dc}]
errors:
-------
feature call (loop) failed at index: 1
caller: classpath:InspireTest/def/checkxlinkurl.template.feature
arg: {"link":"https://www.nationaalgeoregister.nl/geonetwork/srv/api/recordsc2225e5d-b46f-4e38-8445-ab10fd40c0dc"}
checkxlinkurl.template.feature:28 - path: $, actual: 500, expected: 200, reason: not equal (Integer)
[1.5:24] check-known-dataset-record.feature:72 - feature call (loop) failed: classpath:InspireTest/def/checkxlinkurl.template.feature
caller: classpath:InspireTest/ngr/T02_datasets/check-known-dataset-record.feature
items: [{link=http://www.opengis.net/def/crs/EPSG/0/http://www.opengis.net/def/crs/EPSG/0/4258}, {link=http://kadaster/cb4edbd2-2dca-4d44-92bb-b2202048b526}]
errors:
-------
feature call (loop) failed at index: 1
caller: classpath:InspireTest/def/checkxlinkurl.template.feature
arg: {"link":"http://kadaster/cb4edbd2-2dca-4d44-92bb-b2202048b526"}
checkxlinkurl.template.feature:21 - 
java.net.UnknownHostException: kadaster
[1.6:24] check-known-dataset-record.feature:72 - feature call (loop) failed: classpath:InspireTest/def/checkxlinkurl.template.feature
caller: classpath:InspireTest/ngr/T02_datasets/check-known-dataset-record.feature
items: [{link=https://www.nationaalgeoregister.nl/geonetwork/srv/dut/catalog.search#/metadata/8de2f5eb-b09f-4f6d-8397-8878a1b86238}, {link=http://rdfdata.eionet.europa.eu/inspirethemes/themes/18}, {link=http://inspire.ec.europa.eu/metadata-codelist/PriorityDataset#}, {link=https://ngr.geocat.live/geonetwork/srv/eng/thesaurus.download?ref=external.theme.httpinspireeceuropaeumetadatacodelistPrioritydataset-Prioritydataset}, {link=urn:ogc:def:crs:EPSG::5709}]
errors:
-------
feature call (loop) failed at index: 1
caller: classpath:InspireTest/def/checkxlinkurl.template.feature
arg: {"link":"http://rdfdata.eionet.europa.eu/inspirethemes/themes/18"}
checkxlinkurl.template.feature:28 - path: $, actual: 404, expected: 200, reason: not equal (Integer)
-------
feature call (loop) failed at index: 2
caller: classpath:InspireTest/def/checkxlinkurl.template.feature
arg: {"link":"http://inspire.ec.europa.eu/metadata-codelist/PriorityDataset#"}
checkxlinkurl.template.feature:21 - 
java.net.SocketTimeoutException: Read timed out
-------
feature call (loop) failed at index: 3
caller: classpath:InspireTest/def/checkxlinkurl.template.feature
arg: {"link":"https://ngr.geocat.live/geonetwork/srv/eng/thesaurus.download?ref=external.theme.httpinspireeceuropaeumetadatacodelistPrioritydataset-Prioritydataset"}
checkxlinkurl.template.feature:28 - path: $, actual: 500, expected: 200, reason: not equal (Integer)
-------
feature call (loop) failed at index: 4
caller: classpath:InspireTest/def/checkxlinkurl.template.feature
arg: {"link":"urn:ogc:def:crs:EPSG::5709"}
checkxlinkurl.template.feature:21 - 
org.apache.http.client.ClientProtocolException: URI does not specify a valid host name: urn:ogc:def:crs:EPSG::5709

]]></system-out>
    <system-err><![CDATA[Warning: Nashorn engine is planned to be removed from a future JDK release
ERROR StatusLogger No log4j2 configuration file found. Using default configuration: logging only errors to the console. Set system property 'org.apache.logging.log4j.simplelog.StatusLogger.level' to TRACE to show Log4j2 internal initialization logging.
]]></system-err>
  </testcase>
</testsuite>